{"numTotalTestSuites":63,"numPassedTestSuites":35,"numFailedTestSuites":28,"numPendingTestSuites":0,"numTotalTests":144,"numPassedTests":90,"numFailedTests":54,"numPendingTests":0,"numTodoTests":0,"snapshot":{"added":0,"failure":false,"filesAdded":0,"filesRemoved":0,"filesRemovedList":[],"filesUnmatched":0,"filesUpdated":0,"matched":0,"total":0,"unchecked":0,"uncheckedKeysByFile":[],"unmatched":0,"updated":0,"didUpdate":false},"startTime":1776827250367,"success":false,"testResults":[{"assertionResults":[{"ancestorTitles":["Footer Component"],"fullName":"Footer Component renders current year dynamically","status":"failed","title":"renders current year dynamically","duration":71.3252999999986,"failureMessages":["NoMatchingRenderer: Unable to render ``.\n\nNo valid renderer was found for this file extension.\n    at renderFrameworkComponent (C:/Users/trevo/Desktop/trevorplam/node_modules/astro/dist/runtime/server/render/component.js:182:15)\n    at renderComponentToString (C:/Users/trevo/Desktop/trevorplam/node_modules/astro/dist/runtime/server/render/component.js:426:28)\n    at renderPage (C:/Users/trevo/Desktop/trevorplam/node_modules/astro/dist/runtime/server/render/page.js:45:13)\n    at lastNext (C:/Users/trevo/Desktop/trevorplam/node_modules/astro/dist/core/render-context.js:279:25)\n    at NOOP_MIDDLEWARE_FN (C:/Users/trevo/Desktop/trevorplam/node_modules/astro/dist/core/middleware/noop-middleware.js:3:20)\n    at callMiddleware (C:/Users/trevo/Desktop/trevorplam/node_modules/astro/dist/core/middleware/callMiddleware.js:11:10)\n    at RenderContext.render (C:/Users/trevo/Desktop/trevorplam/node_modules/astro/dist/core/render-context.js:313:73)\n    at experimental_AstroContainer.renderToString (C:/Users/trevo/Desktop/trevorplam/node_modules/astro/dist/container/index.js:258:22)\n    at C:/Users/trevo/Desktop/trevorplam/tests/components/Footer.test.ts:18:20\n    at file:///C:/Users/trevo/Desktop/trevorplam/node_modules/@vitest/runner/dist/chunk-artifact.js:1903:20"],"meta":{},"tags":[]},{"ancestorTitles":["Footer Component"],"fullName":"Footer Component renders availability statement","status":"failed","title":"renders availability statement","duration":70.76670000000013,"failureMessages":["NoMatchingRenderer: Unable to render ``.\n\nNo valid renderer was found for this file extension.\n    at renderFrameworkComponent (C:/Users/trevo/Desktop/trevorplam/node_modules/astro/dist/runtime/server/render/component.js:182:15)\n    at renderComponentToString (C:/Users/trevo/Desktop/trevorplam/node_modules/astro/dist/runtime/server/render/component.js:426:28)\n    at renderPage (C:/Users/trevo/Desktop/trevorplam/node_modules/astro/dist/runtime/server/render/page.js:45:13)\n    at lastNext (C:/Users/trevo/Desktop/trevorplam/node_modules/astro/dist/core/render-context.js:279:25)\n    at NOOP_MIDDLEWARE_FN (C:/Users/trevo/Desktop/trevorplam/node_modules/astro/dist/core/middleware/noop-middleware.js:3:20)\n    at callMiddleware (C:/Users/trevo/Desktop/trevorplam/node_modules/astro/dist/core/middleware/callMiddleware.js:11:10)\n    at RenderContext.render (C:/Users/trevo/Desktop/trevorplam/node_modules/astro/dist/core/render-context.js:313:73)\n    at experimental_AstroContainer.renderToString (C:/Users/trevo/Desktop/trevorplam/node_modules/astro/dist/container/index.js:258:22)\n    at C:/Users/trevo/Desktop/trevorplam/tests/components/Footer.test.ts:28:20\n    at file:///C:/Users/trevo/Desktop/trevorplam/node_modules/@vitest/runner/dist/chunk-artifact.js:1903:20"],"meta":{},"tags":[]},{"ancestorTitles":["Footer Component"],"fullName":"Footer Component renders LinkedIn link with proper attributes","status":"failed","title":"renders LinkedIn link with proper attributes","duration":70.71880000000056,"failureMessages":["NoMatchingRenderer: Unable to render ``.\n\nNo valid renderer was found for this file extension.\n    at renderFrameworkComponent (C:/Users/trevo/Desktop/trevorplam/node_modules/astro/dist/runtime/server/render/component.js:182:15)\n    at renderComponentToString (C:/Users/trevo/Desktop/trevorplam/node_modules/astro/dist/runtime/server/render/component.js:426:28)\n    at renderPage (C:/Users/trevo/Desktop/trevorplam/node_modules/astro/dist/runtime/server/render/page.js:45:13)\n    at lastNext (C:/Users/trevo/Desktop/trevorplam/node_modules/astro/dist/core/render-context.js:279:25)\n    at NOOP_MIDDLEWARE_FN (C:/Users/trevo/Desktop/trevorplam/node_modules/astro/dist/core/middleware/noop-middleware.js:3:20)\n    at callMiddleware (C:/Users/trevo/Desktop/trevorplam/node_modules/astro/dist/core/middleware/callMiddleware.js:11:10)\n    at RenderContext.render (C:/Users/trevo/Desktop/trevorplam/node_modules/astro/dist/core/render-context.js:313:73)\n    at experimental_AstroContainer.renderToString (C:/Users/trevo/Desktop/trevorplam/node_modules/astro/dist/container/index.js:258:22)\n    at C:/Users/trevo/Desktop/trevorplam/tests/components/Footer.test.ts:34:20\n    at file:///C:/Users/trevo/Desktop/trevorplam/node_modules/@vitest/runner/dist/chunk-artifact.js:1903:20"],"meta":{},"tags":[]},{"ancestorTitles":["Footer Component"],"fullName":"Footer Component renders email link with proper attributes","status":"failed","title":"renders email link with proper attributes","duration":71.30669999999918,"failureMessages":["NoMatchingRenderer: Unable to render ``.\n\nNo valid renderer was found for this file extension.\n    at renderFrameworkComponent (C:/Users/trevo/Desktop/trevorplam/node_modules/astro/dist/runtime/server/render/component.js:182:15)\n    at renderComponentToString (C:/Users/trevo/Desktop/trevorplam/node_modules/astro/dist/runtime/server/render/component.js:426:28)\n    at renderPage (C:/Users/trevo/Desktop/trevorplam/node_modules/astro/dist/runtime/server/render/page.js:45:13)\n    at lastNext (C:/Users/trevo/Desktop/trevorplam/node_modules/astro/dist/core/render-context.js:279:25)\n    at NOOP_MIDDLEWARE_FN (C:/Users/trevo/Desktop/trevorplam/node_modules/astro/dist/core/middleware/noop-middleware.js:3:20)\n    at callMiddleware (C:/Users/trevo/Desktop/trevorplam/node_modules/astro/dist/core/middleware/callMiddleware.js:11:10)\n    at RenderContext.render (C:/Users/trevo/Desktop/trevorplam/node_modules/astro/dist/core/render-context.js:313:73)\n    at experimental_AstroContainer.renderToString (C:/Users/trevo/Desktop/trevorplam/node_modules/astro/dist/container/index.js:258:22)\n    at C:/Users/trevo/Desktop/trevorplam/tests/components/Footer.test.ts:43:20\n    at file:///C:/Users/trevo/Desktop/trevorplam/node_modules/@vitest/runner/dist/chunk-artifact.js:1903:20"],"meta":{},"tags":[]},{"ancestorTitles":["Footer Component"],"fullName":"Footer Component has proper semantic structure","status":"failed","title":"has proper semantic structure","duration":71.28369999999995,"failureMessages":["NoMatchingRenderer: Unable to render ``.\n\nNo valid renderer was found for this file extension.\n    at renderFrameworkComponent (C:/Users/trevo/Desktop/trevorplam/node_modules/astro/dist/runtime/server/render/component.js:182:15)\n    at renderComponentToString (C:/Users/trevo/Desktop/trevorplam/node_modules/astro/dist/runtime/server/render/component.js:426:28)\n    at renderPage (C:/Users/trevo/Desktop/trevorplam/node_modules/astro/dist/runtime/server/render/page.js:45:13)\n    at lastNext (C:/Users/trevo/Desktop/trevorplam/node_modules/astro/dist/core/render-context.js:279:25)\n    at NOOP_MIDDLEWARE_FN (C:/Users/trevo/Desktop/trevorplam/node_modules/astro/dist/core/middleware/noop-middleware.js:3:20)\n    at callMiddleware (C:/Users/trevo/Desktop/trevorplam/node_modules/astro/dist/core/middleware/callMiddleware.js:11:10)\n    at RenderContext.render (C:/Users/trevo/Desktop/trevorplam/node_modules/astro/dist/core/render-context.js:313:73)\n    at experimental_AstroContainer.renderToString (C:/Users/trevo/Desktop/trevorplam/node_modules/astro/dist/container/index.js:258:22)\n    at C:/Users/trevo/Desktop/trevorplam/tests/components/Footer.test.ts:50:20\n    at file:///C:/Users/trevo/Desktop/trevorplam/node_modules/@vitest/runner/dist/chunk-artifact.js:1903:20"],"meta":{},"tags":[]},{"ancestorTitles":["Footer Component"],"fullName":"Footer Component has responsive design classes","status":"failed","title":"has responsive design classes","duration":71.47359999999935,"failureMessages":["NoMatchingRenderer: Unable to render ``.\n\nNo valid renderer was found for this file extension.\n    at renderFrameworkComponent (C:/Users/trevo/Desktop/trevorplam/node_modules/astro/dist/runtime/server/render/component.js:182:15)\n    at renderComponentToString (C:/Users/trevo/Desktop/trevorplam/node_modules/astro/dist/runtime/server/render/component.js:426:28)\n    at renderPage (C:/Users/trevo/Desktop/trevorplam/node_modules/astro/dist/runtime/server/render/page.js:45:13)\n    at lastNext (C:/Users/trevo/Desktop/trevorplam/node_modules/astro/dist/core/render-context.js:279:25)\n    at NOOP_MIDDLEWARE_FN (C:/Users/trevo/Desktop/trevorplam/node_modules/astro/dist/core/middleware/noop-middleware.js:3:20)\n    at callMiddleware (C:/Users/trevo/Desktop/trevorplam/node_modules/astro/dist/core/middleware/callMiddleware.js:11:10)\n    at RenderContext.render (C:/Users/trevo/Desktop/trevorplam/node_modules/astro/dist/core/render-context.js:313:73)\n    at experimental_AstroContainer.renderToString (C:/Users/trevo/Desktop/trevorplam/node_modules/astro/dist/container/index.js:258:22)\n    at C:/Users/trevo/Desktop/trevorplam/tests/components/Footer.test.ts:58:20\n    at file:///C:/Users/trevo/Desktop/trevorplam/node_modules/@vitest/runner/dist/chunk-artifact.js:1903:20"],"meta":{},"tags":[]},{"ancestorTitles":["Footer Component"],"fullName":"Footer Component has proper styling classes","status":"failed","title":"has proper styling classes","duration":71.44300000000112,"failureMessages":["NoMatchingRenderer: Unable to render ``.\n\nNo valid renderer was found for this file extension.\n    at renderFrameworkComponent (C:/Users/trevo/Desktop/trevorplam/node_modules/astro/dist/runtime/server/render/component.js:182:15)\n    at renderComponentToString (C:/Users/trevo/Desktop/trevorplam/node_modules/astro/dist/runtime/server/render/component.js:426:28)\n    at renderPage (C:/Users/trevo/Desktop/trevorplam/node_modules/astro/dist/runtime/server/render/page.js:45:13)\n    at lastNext (C:/Users/trevo/Desktop/trevorplam/node_modules/astro/dist/core/render-context.js:279:25)\n    at NOOP_MIDDLEWARE_FN (C:/Users/trevo/Desktop/trevorplam/node_modules/astro/dist/core/middleware/noop-middleware.js:3:20)\n    at callMiddleware (C:/Users/trevo/Desktop/trevorplam/node_modules/astro/dist/core/middleware/callMiddleware.js:11:10)\n    at RenderContext.render (C:/Users/trevo/Desktop/trevorplam/node_modules/astro/dist/core/render-context.js:313:73)\n    at experimental_AstroContainer.renderToString (C:/Users/trevo/Desktop/trevorplam/node_modules/astro/dist/container/index.js:258:22)\n    at C:/Users/trevo/Desktop/trevorplam/tests/components/Footer.test.ts:68:20\n    at file:///C:/Users/trevo/Desktop/trevorplam/node_modules/@vitest/runner/dist/chunk-artifact.js:1903:20"],"meta":{},"tags":[]}],"startTime":1776827257803,"endTime":1776827257874.4736,"status":"failed","message":"","name":"C:/Users/trevo/Desktop/trevorplam/tests/components/Footer.test.ts"},{"assertionResults":[{"ancestorTitles":["MetricCard Component - Behavior Based Tests"],"fullName":"MetricCard Component - Behavior Based Tests renders metric card with meaningful content","status":"failed","title":"renders metric card with meaningful content","duration":33.32239999999911,"failureMessages":["NoMatchingRenderer: Unable to render ``.\n\nNo valid renderer was found for this file extension.\n    at renderFrameworkComponent (C:/Users/trevo/Desktop/trevorplam/node_modules/astro/dist/runtime/server/render/component.js:182:15)\n    at renderComponentToString (C:/Users/trevo/Desktop/trevorplam/node_modules/astro/dist/runtime/server/render/component.js:426:28)\n    at renderPage (C:/Users/trevo/Desktop/trevorplam/node_modules/astro/dist/runtime/server/render/page.js:45:13)\n    at lastNext (C:/Users/trevo/Desktop/trevorplam/node_modules/astro/dist/core/render-context.js:279:25)\n    at NOOP_MIDDLEWARE_FN (C:/Users/trevo/Desktop/trevorplam/node_modules/astro/dist/core/middleware/noop-middleware.js:3:20)\n    at callMiddleware (C:/Users/trevo/Desktop/trevorplam/node_modules/astro/dist/core/middleware/callMiddleware.js:11:10)\n    at RenderContext.render (C:/Users/trevo/Desktop/trevorplam/node_modules/astro/dist/core/render-context.js:313:73)\n    at experimental_AstroContainer.renderToString (C:/Users/trevo/Desktop/trevorplam/node_modules/astro/dist/container/index.js:258:22)\n    at C:/Users/trevo/Desktop/trevorplam/tests/components/MetricCard.behavior.test.ts:17:20\n    at file:///C:/Users/trevo/Desktop/trevorplam/node_modules/@vitest/runner/dist/chunk-artifact.js:1903:20"],"meta":{},"tags":[]},{"ancestorTitles":["MetricCard Component - Behavior Based Tests"],"fullName":"MetricCard Component - Behavior Based Tests renders metric card without optional props","status":"failed","title":"renders metric card without optional props","duration":32.8747000000003,"failureMessages":["NoMatchingRenderer: Unable to render ``.\n\nNo valid renderer was found for this file extension.\n    at renderFrameworkComponent (C:/Users/trevo/Desktop/trevorplam/node_modules/astro/dist/runtime/server/render/component.js:182:15)\n    at renderComponentToString (C:/Users/trevo/Desktop/trevorplam/node_modules/astro/dist/runtime/server/render/component.js:426:28)\n    at renderPage (C:/Users/trevo/Desktop/trevorplam/node_modules/astro/dist/runtime/server/render/page.js:45:13)\n    at lastNext (C:/Users/trevo/Desktop/trevorplam/node_modules/astro/dist/core/render-context.js:279:25)\n    at NOOP_MIDDLEWARE_FN (C:/Users/trevo/Desktop/trevorplam/node_modules/astro/dist/core/middleware/noop-middleware.js:3:20)\n    at callMiddleware (C:/Users/trevo/Desktop/trevorplam/node_modules/astro/dist/core/middleware/callMiddleware.js:11:10)\n    at RenderContext.render (C:/Users/trevo/Desktop/trevorplam/node_modules/astro/dist/core/render-context.js:313:73)\n    at experimental_AstroContainer.renderToString (C:/Users/trevo/Desktop/trevorplam/node_modules/astro/dist/container/index.js:258:22)\n    at C:/Users/trevo/Desktop/trevorplam/tests/components/MetricCard.behavior.test.ts:36:20\n    at file:///C:/Users/trevo/Desktop/trevorplam/node_modules/@vitest/runner/dist/chunk-artifact.js:1903:20"],"meta":{},"tags":[]},{"ancestorTitles":["MetricCard Component - Behavior Based Tests"],"fullName":"MetricCard Component - Behavior Based Tests renders accessible link structure","status":"failed","title":"renders accessible link structure","duration":32.83590000000004,"failureMessages":["NoMatchingRenderer: Unable to render ``.\n\nNo valid renderer was found for this file extension.\n    at renderFrameworkComponent (C:/Users/trevo/Desktop/trevorplam/node_modules/astro/dist/runtime/server/render/component.js:182:15)\n    at renderComponentToString (C:/Users/trevo/Desktop/trevorplam/node_modules/astro/dist/runtime/server/render/component.js:426:28)\n    at renderPage (C:/Users/trevo/Desktop/trevorplam/node_modules/astro/dist/runtime/server/render/page.js:45:13)\n    at lastNext (C:/Users/trevo/Desktop/trevorplam/node_modules/astro/dist/core/render-context.js:279:25)\n    at NOOP_MIDDLEWARE_FN (C:/Users/trevo/Desktop/trevorplam/node_modules/astro/dist/core/middleware/noop-middleware.js:3:20)\n    at callMiddleware (C:/Users/trevo/Desktop/trevorplam/node_modules/astro/dist/core/middleware/callMiddleware.js:11:10)\n    at RenderContext.render (C:/Users/trevo/Desktop/trevorplam/node_modules/astro/dist/core/render-context.js:313:73)\n    at experimental_AstroContainer.renderToString (C:/Users/trevo/Desktop/trevorplam/node_modules/astro/dist/container/index.js:258:22)\n    at C:/Users/trevo/Desktop/trevorplam/tests/components/MetricCard.behavior.test.ts:53:20\n    at file:///C:/Users/trevo/Desktop/trevorplam/node_modules/@vitest/runner/dist/chunk-artifact.js:1903:20"],"meta":{},"tags":[]}],"startTime":1776827258374,"endTime":1776827258407.3225,"status":"failed","message":"","name":"C:/Users/trevo/Desktop/trevorplam/tests/components/MetricCard.behavior.test.ts"},{"assertionResults":[{"ancestorTitles":["MetricCard Component"],"fullName":"MetricCard Component renders metric card with all props","status":"failed","title":"renders metric card with all props","duration":33.598799999999756,"failureMessages":["NoMatchingRenderer: Unable to render ``.\n\nNo valid renderer was found for this file extension.\n    at renderFrameworkComponent (C:/Users/trevo/Desktop/trevorplam/node_modules/astro/dist/runtime/server/render/component.js:182:15)\n    at renderComponentToString (C:/Users/trevo/Desktop/trevorplam/node_modules/astro/dist/runtime/server/render/component.js:426:28)\n    at renderPage (C:/Users/trevo/Desktop/trevorplam/node_modules/astro/dist/runtime/server/render/page.js:45:13)\n    at lastNext (C:/Users/trevo/Desktop/trevorplam/node_modules/astro/dist/core/render-context.js:279:25)\n    at NOOP_MIDDLEWARE_FN (C:/Users/trevo/Desktop/trevorplam/node_modules/astro/dist/core/middleware/noop-middleware.js:3:20)\n    at callMiddleware (C:/Users/trevo/Desktop/trevorplam/node_modules/astro/dist/core/middleware/callMiddleware.js:11:10)\n    at RenderContext.render (C:/Users/trevo/Desktop/trevorplam/node_modules/astro/dist/core/render-context.js:313:73)\n    at experimental_AstroContainer.renderToString (C:/Users/trevo/Desktop/trevorplam/node_modules/astro/dist/container/index.js:258:22)\n    at C:/Users/trevo/Desktop/trevorplam/tests/components/MetricCard.test.ts:20:20\n    at file:///C:/Users/trevo/Desktop/trevorplam/node_modules/@vitest/runner/dist/chunk-artifact.js:1903:20"],"meta":{},"tags":[]},{"ancestorTitles":["MetricCard Component"],"fullName":"MetricCard Component renders metric card without optional props","status":"failed","title":"renders metric card without optional props","duration":32.98940000000039,"failureMessages":["NoMatchingRenderer: Unable to render ``.\n\nNo valid renderer was found for this file extension.\n    at renderFrameworkComponent (C:/Users/trevo/Desktop/trevorplam/node_modules/astro/dist/runtime/server/render/component.js:182:15)\n    at renderComponentToString (C:/Users/trevo/Desktop/trevorplam/node_modules/astro/dist/runtime/server/render/component.js:426:28)\n    at renderPage (C:/Users/trevo/Desktop/trevorplam/node_modules/astro/dist/runtime/server/render/page.js:45:13)\n    at lastNext (C:/Users/trevo/Desktop/trevorplam/node_modules/astro/dist/core/render-context.js:279:25)\n    at NOOP_MIDDLEWARE_FN (C:/Users/trevo/Desktop/trevorplam/node_modules/astro/dist/core/middleware/noop-middleware.js:3:20)\n    at callMiddleware (C:/Users/trevo/Desktop/trevorplam/node_modules/astro/dist/core/middleware/callMiddleware.js:11:10)\n    at RenderContext.render (C:/Users/trevo/Desktop/trevorplam/node_modules/astro/dist/core/render-context.js:313:73)\n    at experimental_AstroContainer.renderToString (C:/Users/trevo/Desktop/trevorplam/node_modules/astro/dist/container/index.js:258:22)\n    at C:/Users/trevo/Desktop/trevorplam/tests/components/MetricCard.test.ts:46:20\n    at file:///C:/Users/trevo/Desktop/trevorplam/node_modules/@vitest/runner/dist/chunk-artifact.js:1903:20"],"meta":{},"tags":[]},{"ancestorTitles":["MetricCard Component"],"fullName":"MetricCard Component renders accessible link structure","status":"failed","title":"renders accessible link structure","duration":32.9390999999996,"failureMessages":["NoMatchingRenderer: Unable to render ``.\n\nNo valid renderer was found for this file extension.\n    at renderFrameworkComponent (C:/Users/trevo/Desktop/trevorplam/node_modules/astro/dist/runtime/server/render/component.js:182:15)\n    at renderComponentToString (C:/Users/trevo/Desktop/trevorplam/node_modules/astro/dist/runtime/server/render/component.js:426:28)\n    at renderPage (C:/Users/trevo/Desktop/trevorplam/node_modules/astro/dist/runtime/server/render/page.js:45:13)\n    at lastNext (C:/Users/trevo/Desktop/trevorplam/node_modules/astro/dist/core/render-context.js:279:25)\n    at NOOP_MIDDLEWARE_FN (C:/Users/trevo/Desktop/trevorplam/node_modules/astro/dist/core/middleware/noop-middleware.js:3:20)\n    at callMiddleware (C:/Users/trevo/Desktop/trevorplam/node_modules/astro/dist/core/middleware/callMiddleware.js:11:10)\n    at RenderContext.render (C:/Users/trevo/Desktop/trevorplam/node_modules/astro/dist/core/render-context.js:313:73)\n    at experimental_AstroContainer.renderToString (C:/Users/trevo/Desktop/trevorplam/node_modules/astro/dist/container/index.js:258:22)\n    at C:/Users/trevo/Desktop/trevorplam/tests/components/MetricCard.test.ts:68:20\n    at file:///C:/Users/trevo/Desktop/trevorplam/node_modules/@vitest/runner/dist/chunk-artifact.js:1903:20"],"meta":{},"tags":[]}],"startTime":1776827257304,"endTime":1776827257337.9895,"status":"failed","message":"","name":"C:/Users/trevo/Desktop/trevorplam/tests/components/MetricCard.test.ts"},{"assertionResults":[{"ancestorTitles":["Navigation Component - Behavior Based Tests"],"fullName":"Navigation Component - Behavior Based Tests provides access to main navigation sections","status":"failed","title":"provides access to main navigation sections","duration":44.027100000001155,"failureMessages":["NoMatchingRenderer: Unable to render ``.\n\nNo valid renderer was found for this file extension.\n    at renderFrameworkComponent (C:/Users/trevo/Desktop/trevorplam/node_modules/astro/dist/runtime/server/render/component.js:182:15)\n    at renderComponentToString (C:/Users/trevo/Desktop/trevorplam/node_modules/astro/dist/runtime/server/render/component.js:426:28)\n    at renderPage (C:/Users/trevo/Desktop/trevorplam/node_modules/astro/dist/runtime/server/render/page.js:45:13)\n    at lastNext (C:/Users/trevo/Desktop/trevorplam/node_modules/astro/dist/core/render-context.js:279:25)\n    at NOOP_MIDDLEWARE_FN (C:/Users/trevo/Desktop/trevorplam/node_modules/astro/dist/core/middleware/noop-middleware.js:3:20)\n    at callMiddleware (C:/Users/trevo/Desktop/trevorplam/node_modules/astro/dist/core/middleware/callMiddleware.js:11:10)\n    at RenderContext.render (C:/Users/trevo/Desktop/trevorplam/node_modules/astro/dist/core/render-context.js:313:73)\n    at experimental_AstroContainer.renderToString (C:/Users/trevo/Desktop/trevorplam/node_modules/astro/dist/container/index.js:258:22)\n    at C:/Users/trevo/Desktop/trevorplam/tests/components/Navigation.behavior.test.ts:9:20\n    at file:///C:/Users/trevo/Desktop/trevorplam/node_modules/@vitest/runner/dist/chunk-artifact.js:1903:20"],"meta":{},"tags":[]},{"ancestorTitles":["Navigation Component - Behavior Based Tests"],"fullName":"Navigation Component - Behavior Based Tests desktop navigation links are accessible and functional","status":"failed","title":"desktop navigation links are accessible and functional","duration":43.281300000000556,"failureMessages":["NoMatchingRenderer: Unable to render ``.\n\nNo valid renderer was found for this file extension.\n    at renderFrameworkComponent (C:/Users/trevo/Desktop/trevorplam/node_modules/astro/dist/runtime/server/render/component.js:182:15)\n    at renderComponentToString (C:/Users/trevo/Desktop/trevorplam/node_modules/astro/dist/runtime/server/render/component.js:426:28)\n    at renderPage (C:/Users/trevo/Desktop/trevorplam/node_modules/astro/dist/runtime/server/render/page.js:45:13)\n    at lastNext (C:/Users/trevo/Desktop/trevorplam/node_modules/astro/dist/core/render-context.js:279:25)\n    at NOOP_MIDDLEWARE_FN (C:/Users/trevo/Desktop/trevorplam/node_modules/astro/dist/core/middleware/noop-middleware.js:3:20)\n    at callMiddleware (C:/Users/trevo/Desktop/trevorplam/node_modules/astro/dist/core/middleware/callMiddleware.js:11:10)\n    at RenderContext.render (C:/Users/trevo/Desktop/trevorplam/node_modules/astro/dist/core/render-context.js:313:73)\n    at experimental_AstroContainer.renderToString (C:/Users/trevo/Desktop/trevorplam/node_modules/astro/dist/container/index.js:258:22)\n    at C:/Users/trevo/Desktop/trevorplam/tests/components/Navigation.behavior.test.ts:24:20\n    at file:///C:/Users/trevo/Desktop/trevorplam/node_modules/@vitest/runner/dist/chunk-artifact.js:1903:20"],"meta":{},"tags":[]},{"ancestorTitles":["Navigation Component - Behavior Based Tests"],"fullName":"Navigation Component - Behavior Based Tests mobile menu button meets accessibility standards","status":"failed","title":"mobile menu button meets accessibility standards","duration":43.20499999999993,"failureMessages":["NoMatchingRenderer: Unable to render ``.\n\nNo valid renderer was found for this file extension.\n    at renderFrameworkComponent (C:/Users/trevo/Desktop/trevorplam/node_modules/astro/dist/runtime/server/render/component.js:182:15)\n    at renderComponentToString (C:/Users/trevo/Desktop/trevorplam/node_modules/astro/dist/runtime/server/render/component.js:426:28)\n    at renderPage (C:/Users/trevo/Desktop/trevorplam/node_modules/astro/dist/runtime/server/render/page.js:45:13)\n    at lastNext (C:/Users/trevo/Desktop/trevorplam/node_modules/astro/dist/core/render-context.js:279:25)\n    at NOOP_MIDDLEWARE_FN (C:/Users/trevo/Desktop/trevorplam/node_modules/astro/dist/core/middleware/noop-middleware.js:3:20)\n    at callMiddleware (C:/Users/trevo/Desktop/trevorplam/node_modules/astro/dist/core/middleware/callMiddleware.js:11:10)\n    at RenderContext.render (C:/Users/trevo/Desktop/trevorplam/node_modules/astro/dist/core/render-context.js:313:73)\n    at experimental_AstroContainer.renderToString (C:/Users/trevo/Desktop/trevorplam/node_modules/astro/dist/container/index.js:258:22)\n    at C:/Users/trevo/Desktop/trevorplam/tests/components/Navigation.behavior.test.ts:37:20\n    at file:///C:/Users/trevo/Desktop/trevorplam/node_modules/@vitest/runner/dist/chunk-artifact.js:1903:20"],"meta":{},"tags":[]},{"ancestorTitles":["Navigation Component - Behavior Based Tests"],"fullName":"Navigation Component - Behavior Based Tests navigation structure is semantic and responsive","status":"failed","title":"navigation structure is semantic and responsive","duration":43.15799999999945,"failureMessages":["NoMatchingRenderer: Unable to render ``.\n\nNo valid renderer was found for this file extension.\n    at renderFrameworkComponent (C:/Users/trevo/Desktop/trevorplam/node_modules/astro/dist/runtime/server/render/component.js:182:15)\n    at renderComponentToString (C:/Users/trevo/Desktop/trevorplam/node_modules/astro/dist/runtime/server/render/component.js:426:28)\n    at renderPage (C:/Users/trevo/Desktop/trevorplam/node_modules/astro/dist/runtime/server/render/page.js:45:13)\n    at lastNext (C:/Users/trevo/Desktop/trevorplam/node_modules/astro/dist/core/render-context.js:279:25)\n    at NOOP_MIDDLEWARE_FN (C:/Users/trevo/Desktop/trevorplam/node_modules/astro/dist/core/middleware/noop-middleware.js:3:20)\n    at callMiddleware (C:/Users/trevo/Desktop/trevorplam/node_modules/astro/dist/core/middleware/callMiddleware.js:11:10)\n    at RenderContext.render (C:/Users/trevo/Desktop/trevorplam/node_modules/astro/dist/core/render-context.js:313:73)\n    at experimental_AstroContainer.renderToString (C:/Users/trevo/Desktop/trevorplam/node_modules/astro/dist/container/index.js:258:22)\n    at C:/Users/trevo/Desktop/trevorplam/tests/components/Navigation.behavior.test.ts:49:20\n    at file:///C:/Users/trevo/Desktop/trevorplam/node_modules/@vitest/runner/dist/chunk-artifact.js:1903:20"],"meta":{},"tags":[]},{"ancestorTitles":["Navigation Component - Behavior Based Tests"],"fullName":"Navigation Component - Behavior Based Tests navigation links have proper accessibility attributes","status":"failed","title":"navigation links have proper accessibility attributes","duration":43.139100000000326,"failureMessages":["NoMatchingRenderer: Unable to render ``.\n\nNo valid renderer was found for this file extension.\n    at renderFrameworkComponent (C:/Users/trevo/Desktop/trevorplam/node_modules/astro/dist/runtime/server/render/component.js:182:15)\n    at renderComponentToString (C:/Users/trevo/Desktop/trevorplam/node_modules/astro/dist/runtime/server/render/component.js:426:28)\n    at renderPage (C:/Users/trevo/Desktop/trevorplam/node_modules/astro/dist/runtime/server/render/page.js:45:13)\n    at lastNext (C:/Users/trevo/Desktop/trevorplam/node_modules/astro/dist/core/render-context.js:279:25)\n    at NOOP_MIDDLEWARE_FN (C:/Users/trevo/Desktop/trevorplam/node_modules/astro/dist/core/middleware/noop-middleware.js:3:20)\n    at callMiddleware (C:/Users/trevo/Desktop/trevorplam/node_modules/astro/dist/core/middleware/callMiddleware.js:11:10)\n    at RenderContext.render (C:/Users/trevo/Desktop/trevorplam/node_modules/astro/dist/core/render-context.js:313:73)\n    at experimental_AstroContainer.renderToString (C:/Users/trevo/Desktop/trevorplam/node_modules/astro/dist/container/index.js:258:22)\n    at C:/Users/trevo/Desktop/trevorplam/tests/components/Navigation.behavior.test.ts:61:20\n    at file:///C:/Users/trevo/Desktop/trevorplam/node_modules/@vitest/runner/dist/chunk-artifact.js:1903:20"],"meta":{},"tags":[]}],"startTime":1776827257101,"endTime":1776827257145.205,"status":"failed","message":"","name":"C:/Users/trevo/Desktop/trevorplam/tests/components/Navigation.behavior.test.ts"},{"assertionResults":[{"ancestorTitles":["Navigation Component"],"fullName":"Navigation Component renders site title and navigation links","status":"failed","title":"renders site title and navigation links","duration":87.78700000000026,"failureMessages":["NoMatchingRenderer: Unable to render ``.\n\nNo valid renderer was found for this file extension.\n    at renderFrameworkComponent (C:/Users/trevo/Desktop/trevorplam/node_modules/astro/dist/runtime/server/render/component.js:182:15)\n    at renderComponentToString (C:/Users/trevo/Desktop/trevorplam/node_modules/astro/dist/runtime/server/render/component.js:426:28)\n    at renderPage (C:/Users/trevo/Desktop/trevorplam/node_modules/astro/dist/runtime/server/render/page.js:45:13)\n    at lastNext (C:/Users/trevo/Desktop/trevorplam/node_modules/astro/dist/core/render-context.js:279:25)\n    at NOOP_MIDDLEWARE_FN (C:/Users/trevo/Desktop/trevorplam/node_modules/astro/dist/core/middleware/noop-middleware.js:3:20)\n    at callMiddleware (C:/Users/trevo/Desktop/trevorplam/node_modules/astro/dist/core/middleware/callMiddleware.js:11:10)\n    at RenderContext.render (C:/Users/trevo/Desktop/trevorplam/node_modules/astro/dist/core/render-context.js:313:73)\n    at experimental_AstroContainer.renderToString (C:/Users/trevo/Desktop/trevorplam/node_modules/astro/dist/container/index.js:258:22)\n    at C:/Users/trevo/Desktop/trevorplam/tests/components/Navigation.test.ts:18:20\n    at file:///C:/Users/trevo/Desktop/trevorplam/node_modules/@vitest/runner/dist/chunk-artifact.js:1903:20"],"meta":{},"tags":[]},{"ancestorTitles":["Navigation Component"],"fullName":"Navigation Component renders desktop navigation by default","status":"failed","title":"renders desktop navigation by default","duration":88.45460000000094,"failureMessages":["NoMatchingRenderer: Unable to render ``.\n\nNo valid renderer was found for this file extension.\n    at renderFrameworkComponent (C:/Users/trevo/Desktop/trevorplam/node_modules/astro/dist/runtime/server/render/component.js:182:15)\n    at renderComponentToString (C:/Users/trevo/Desktop/trevorplam/node_modules/astro/dist/runtime/server/render/component.js:426:28)\n    at renderPage (C:/Users/trevo/Desktop/trevorplam/node_modules/astro/dist/runtime/server/render/page.js:45:13)\n    at lastNext (C:/Users/trevo/Desktop/trevorplam/node_modules/astro/dist/core/render-context.js:279:25)\n    at NOOP_MIDDLEWARE_FN (C:/Users/trevo/Desktop/trevorplam/node_modules/astro/dist/core/middleware/noop-middleware.js:3:20)\n    at callMiddleware (C:/Users/trevo/Desktop/trevorplam/node_modules/astro/dist/core/middleware/callMiddleware.js:11:10)\n    at RenderContext.render (C:/Users/trevo/Desktop/trevorplam/node_modules/astro/dist/core/render-context.js:313:73)\n    at experimental_AstroContainer.renderToString (C:/Users/trevo/Desktop/trevorplam/node_modules/astro/dist/container/index.js:258:22)\n    at C:/Users/trevo/Desktop/trevorplam/tests/components/Navigation.test.ts:29:20\n    at file:///C:/Users/trevo/Desktop/trevorplam/node_modules/@vitest/runner/dist/chunk-artifact.js:1903:20"],"meta":{},"tags":[]},{"ancestorTitles":["Navigation Component"],"fullName":"Navigation Component renders mobile menu button by default","status":"failed","title":"renders mobile menu button by default","duration":88.45100000000093,"failureMessages":["NoMatchingRenderer: Unable to render ``.\n\nNo valid renderer was found for this file extension.\n    at renderFrameworkComponent (C:/Users/trevo/Desktop/trevorplam/node_modules/astro/dist/runtime/server/render/component.js:182:15)\n    at renderComponentToString (C:/Users/trevo/Desktop/trevorplam/node_modules/astro/dist/runtime/server/render/component.js:426:28)\n    at renderPage (C:/Users/trevo/Desktop/trevorplam/node_modules/astro/dist/runtime/server/render/page.js:45:13)\n    at lastNext (C:/Users/trevo/Desktop/trevorplam/node_modules/astro/dist/core/render-context.js:279:25)\n    at NOOP_MIDDLEWARE_FN (C:/Users/trevo/Desktop/trevorplam/node_modules/astro/dist/core/middleware/noop-middleware.js:3:20)\n    at callMiddleware (C:/Users/trevo/Desktop/trevorplam/node_modules/astro/dist/core/middleware/callMiddleware.js:11:10)\n    at RenderContext.render (C:/Users/trevo/Desktop/trevorplam/node_modules/astro/dist/core/render-context.js:313:73)\n    at experimental_AstroContainer.renderToString (C:/Users/trevo/Desktop/trevorplam/node_modules/astro/dist/container/index.js:258:22)\n    at C:/Users/trevo/Desktop/trevorplam/tests/components/Navigation.test.ts:37:20\n    at file:///C:/Users/trevo/Desktop/trevorplam/node_modules/@vitest/runner/dist/chunk-artifact.js:1903:20"],"meta":{},"tags":[]},{"ancestorTitles":["Navigation Component"],"fullName":"Navigation Component renders mobile menu links (hidden by default)","status":"failed","title":"renders mobile menu links (hidden by default)","duration":88.5635999999995,"failureMessages":["NoMatchingRenderer: Unable to render ``.\n\nNo valid renderer was found for this file extension.\n    at renderFrameworkComponent (C:/Users/trevo/Desktop/trevorplam/node_modules/astro/dist/runtime/server/render/component.js:182:15)\n    at renderComponentToString (C:/Users/trevo/Desktop/trevorplam/node_modules/astro/dist/runtime/server/render/component.js:426:28)\n    at renderPage (C:/Users/trevo/Desktop/trevorplam/node_modules/astro/dist/runtime/server/render/page.js:45:13)\n    at lastNext (C:/Users/trevo/Desktop/trevorplam/node_modules/astro/dist/core/render-context.js:279:25)\n    at NOOP_MIDDLEWARE_FN (C:/Users/trevo/Desktop/trevorplam/node_modules/astro/dist/core/middleware/noop-middleware.js:3:20)\n    at callMiddleware (C:/Users/trevo/Desktop/trevorplam/node_modules/astro/dist/core/middleware/callMiddleware.js:11:10)\n    at RenderContext.render (C:/Users/trevo/Desktop/trevorplam/node_modules/astro/dist/core/render-context.js:313:73)\n    at experimental_AstroContainer.renderToString (C:/Users/trevo/Desktop/trevorplam/node_modules/astro/dist/container/index.js:258:22)\n    at C:/Users/trevo/Desktop/trevorplam/tests/components/Navigation.test.ts:49:20\n    at file:///C:/Users/trevo/Desktop/trevorplam/node_modules/@vitest/runner/dist/chunk-artifact.js:1903:20"],"meta":{},"tags":[]},{"ancestorTitles":["Navigation Component"],"fullName":"Navigation Component has proper semantic structure","status":"failed","title":"has proper semantic structure","duration":88.56800000000112,"failureMessages":["NoMatchingRenderer: Unable to render ``.\n\nNo valid renderer was found for this file extension.\n    at renderFrameworkComponent (C:/Users/trevo/Desktop/trevorplam/node_modules/astro/dist/runtime/server/render/component.js:182:15)\n    at renderComponentToString (C:/Users/trevo/Desktop/trevorplam/node_modules/astro/dist/runtime/server/render/component.js:426:28)\n    at renderPage (C:/Users/trevo/Desktop/trevorplam/node_modules/astro/dist/runtime/server/render/page.js:45:13)\n    at lastNext (C:/Users/trevo/Desktop/trevorplam/node_modules/astro/dist/core/render-context.js:279:25)\n    at NOOP_MIDDLEWARE_FN (C:/Users/trevo/Desktop/trevorplam/node_modules/astro/dist/core/middleware/noop-middleware.js:3:20)\n    at callMiddleware (C:/Users/trevo/Desktop/trevorplam/node_modules/astro/dist/core/middleware/callMiddleware.js:11:10)\n    at RenderContext.render (C:/Users/trevo/Desktop/trevorplam/node_modules/astro/dist/core/render-context.js:313:73)\n    at experimental_AstroContainer.renderToString (C:/Users/trevo/Desktop/trevorplam/node_modules/astro/dist/container/index.js:258:22)\n    at C:/Users/trevo/Desktop/trevorplam/tests/components/Navigation.test.ts:61:20\n    at file:///C:/Users/trevo/Desktop/trevorplam/node_modules/@vitest/runner/dist/chunk-artifact.js:1903:20"],"meta":{},"tags":[]},{"ancestorTitles":["Navigation Component"],"fullName":"Navigation Component has accessibility attributes","status":"failed","title":"has accessibility attributes","duration":88.71389999999883,"failureMessages":["NoMatchingRenderer: Unable to render ``.\n\nNo valid renderer was found for this file extension.\n    at renderFrameworkComponent (C:/Users/trevo/Desktop/trevorplam/node_modules/astro/dist/runtime/server/render/component.js:182:15)\n    at renderComponentToString (C:/Users/trevo/Desktop/trevorplam/node_modules/astro/dist/runtime/server/render/component.js:426:28)\n    at renderPage (C:/Users/trevo/Desktop/trevorplam/node_modules/astro/dist/runtime/server/render/page.js:45:13)\n    at lastNext (C:/Users/trevo/Desktop/trevorplam/node_modules/astro/dist/core/render-context.js:279:25)\n    at NOOP_MIDDLEWARE_FN (C:/Users/trevo/Desktop/trevorplam/node_modules/astro/dist/core/middleware/noop-middleware.js:3:20)\n    at callMiddleware (C:/Users/trevo/Desktop/trevorplam/node_modules/astro/dist/core/middleware/callMiddleware.js:11:10)\n    at RenderContext.render (C:/Users/trevo/Desktop/trevorplam/node_modules/astro/dist/core/render-context.js:313:73)\n    at experimental_AstroContainer.renderToString (C:/Users/trevo/Desktop/trevorplam/node_modules/astro/dist/container/index.js:258:22)\n    at C:/Users/trevo/Desktop/trevorplam/tests/components/Navigation.test.ts:70:20\n    at file:///C:/Users/trevo/Desktop/trevorplam/node_modules/@vitest/runner/dist/chunk-artifact.js:1903:20"],"meta":{},"tags":[]},{"ancestorTitles":["Navigation Component"],"fullName":"Navigation Component has responsive design classes","status":"failed","title":"has responsive design classes","duration":88.71360000000095,"failureMessages":["NoMatchingRenderer: Unable to render ``.\n\nNo valid renderer was found for this file extension.\n    at renderFrameworkComponent (C:/Users/trevo/Desktop/trevorplam/node_modules/astro/dist/runtime/server/render/component.js:182:15)\n    at renderComponentToString (C:/Users/trevo/Desktop/trevorplam/node_modules/astro/dist/runtime/server/render/component.js:426:28)\n    at renderPage (C:/Users/trevo/Desktop/trevorplam/node_modules/astro/dist/runtime/server/render/page.js:45:13)\n    at lastNext (C:/Users/trevo/Desktop/trevorplam/node_modules/astro/dist/core/render-context.js:279:25)\n    at NOOP_MIDDLEWARE_FN (C:/Users/trevo/Desktop/trevorplam/node_modules/astro/dist/core/middleware/noop-middleware.js:3:20)\n    at callMiddleware (C:/Users/trevo/Desktop/trevorplam/node_modules/astro/dist/core/middleware/callMiddleware.js:11:10)\n    at RenderContext.render (C:/Users/trevo/Desktop/trevorplam/node_modules/astro/dist/core/render-context.js:313:73)\n    at experimental_AstroContainer.renderToString (C:/Users/trevo/Desktop/trevorplam/node_modules/astro/dist/container/index.js:258:22)\n    at C:/Users/trevo/Desktop/trevorplam/tests/components/Navigation.test.ts:79:20\n    at file:///C:/Users/trevo/Desktop/trevorplam/node_modules/@vitest/runner/dist/chunk-artifact.js:1903:20"],"meta":{},"tags":[]},{"ancestorTitles":["Navigation Component"],"fullName":"Navigation Component includes ClientRouter for transitions","status":"failed","title":"includes ClientRouter for transitions","duration":88.66629999999896,"failureMessages":["NoMatchingRenderer: Unable to render ``.\n\nNo valid renderer was found for this file extension.\n    at renderFrameworkComponent (C:/Users/trevo/Desktop/trevorplam/node_modules/astro/dist/runtime/server/render/component.js:182:15)\n    at renderComponentToString (C:/Users/trevo/Desktop/trevorplam/node_modules/astro/dist/runtime/server/render/component.js:426:28)\n    at renderPage (C:/Users/trevo/Desktop/trevorplam/node_modules/astro/dist/runtime/server/render/page.js:45:13)\n    at lastNext (C:/Users/trevo/Desktop/trevorplam/node_modules/astro/dist/core/render-context.js:279:25)\n    at NOOP_MIDDLEWARE_FN (C:/Users/trevo/Desktop/trevorplam/node_modules/astro/dist/core/middleware/noop-middleware.js:3:20)\n    at callMiddleware (C:/Users/trevo/Desktop/trevorplam/node_modules/astro/dist/core/middleware/callMiddleware.js:11:10)\n    at RenderContext.render (C:/Users/trevo/Desktop/trevorplam/node_modules/astro/dist/core/render-context.js:313:73)\n    at experimental_AstroContainer.renderToString (C:/Users/trevo/Desktop/trevorplam/node_modules/astro/dist/container/index.js:258:22)\n    at C:/Users/trevo/Desktop/trevorplam/tests/components/Navigation.test.ts:89:20\n    at file:///C:/Users/trevo/Desktop/trevorplam/node_modules/@vitest/runner/dist/chunk-artifact.js:1903:20"],"meta":{},"tags":[]},{"ancestorTitles":["Navigation Component"],"fullName":"Navigation Component has proper hover states","status":"failed","title":"has proper hover states","duration":88.6327999999994,"failureMessages":["NoMatchingRenderer: Unable to render ``.\n\nNo valid renderer was found for this file extension.\n    at renderFrameworkComponent (C:/Users/trevo/Desktop/trevorplam/node_modules/astro/dist/runtime/server/render/component.js:182:15)\n    at renderComponentToString (C:/Users/trevo/Desktop/trevorplam/node_modules/astro/dist/runtime/server/render/component.js:426:28)\n    at renderPage (C:/Users/trevo/Desktop/trevorplam/node_modules/astro/dist/runtime/server/render/page.js:45:13)\n    at lastNext (C:/Users/trevo/Desktop/trevorplam/node_modules/astro/dist/core/render-context.js:279:25)\n    at NOOP_MIDDLEWARE_FN (C:/Users/trevo/Desktop/trevorplam/node_modules/astro/dist/core/middleware/noop-middleware.js:3:20)\n    at callMiddleware (C:/Users/trevo/Desktop/trevorplam/node_modules/astro/dist/core/middleware/callMiddleware.js:11:10)\n    at RenderContext.render (C:/Users/trevo/Desktop/trevorplam/node_modules/astro/dist/core/render-context.js:313:73)\n    at experimental_AstroContainer.renderToString (C:/Users/trevo/Desktop/trevorplam/node_modules/astro/dist/container/index.js:258:22)\n    at C:/Users/trevo/Desktop/trevorplam/tests/components/Navigation.test.ts:95:20\n    at file:///C:/Users/trevo/Desktop/trevorplam/node_modules/@vitest/runner/dist/chunk-artifact.js:1903:20"],"meta":{},"tags":[]}],"startTime":1776827256037,"endTime":1776827256126.7139,"status":"failed","message":"","name":"C:/Users/trevo/Desktop/trevorplam/tests/components/Navigation.test.ts"},{"assertionResults":[{"ancestorTitles":["OptimizedImage"],"fullName":"OptimizedImage renders with required props","status":"failed","title":"renders with required props","duration":48.123600000000806,"failureMessages":["NoMatchingRenderer: Unable to render ``.\n\nNo valid renderer was found for this file extension.\n    at renderFrameworkComponent (C:/Users/trevo/Desktop/trevorplam/node_modules/astro/dist/runtime/server/render/component.js:182:15)\n    at renderComponentToString (C:/Users/trevo/Desktop/trevorplam/node_modules/astro/dist/runtime/server/render/component.js:426:28)\n    at renderPage (C:/Users/trevo/Desktop/trevorplam/node_modules/astro/dist/runtime/server/render/page.js:45:13)\n    at lastNext (C:/Users/trevo/Desktop/trevorplam/node_modules/astro/dist/core/render-context.js:279:25)\n    at NOOP_MIDDLEWARE_FN (C:/Users/trevo/Desktop/trevorplam/node_modules/astro/dist/core/middleware/noop-middleware.js:3:20)\n    at callMiddleware (C:/Users/trevo/Desktop/trevorplam/node_modules/astro/dist/core/middleware/callMiddleware.js:11:10)\n    at RenderContext.render (C:/Users/trevo/Desktop/trevorplam/node_modules/astro/dist/core/render-context.js:313:73)\n    at experimental_AstroContainer.renderToString (C:/Users/trevo/Desktop/trevorplam/node_modules/astro/dist/container/index.js:258:22)\n    at C:/Users/trevo/Desktop/trevorplam/tests/components/OptimizedImage.test.ts:9:18\n    at file:///C:/Users/trevo/Desktop/trevorplam/node_modules/@vitest/runner/dist/chunk-artifact.js:1903:20"],"meta":{},"tags":[]},{"ancestorTitles":["OptimizedImage"],"fullName":"OptimizedImage renders with priority prop for LCP optimization","status":"failed","title":"renders with priority prop for LCP optimization","duration":47.66649999999936,"failureMessages":["NoMatchingRenderer: Unable to render ``.\n\nNo valid renderer was found for this file extension.\n    at renderFrameworkComponent (C:/Users/trevo/Desktop/trevorplam/node_modules/astro/dist/runtime/server/render/component.js:182:15)\n    at renderComponentToString (C:/Users/trevo/Desktop/trevorplam/node_modules/astro/dist/runtime/server/render/component.js:426:28)\n    at renderPage (C:/Users/trevo/Desktop/trevorplam/node_modules/astro/dist/runtime/server/render/page.js:45:13)\n    at lastNext (C:/Users/trevo/Desktop/trevorplam/node_modules/astro/dist/core/render-context.js:279:25)\n    at NOOP_MIDDLEWARE_FN (C:/Users/trevo/Desktop/trevorplam/node_modules/astro/dist/core/middleware/noop-middleware.js:3:20)\n    at callMiddleware (C:/Users/trevo/Desktop/trevorplam/node_modules/astro/dist/core/middleware/callMiddleware.js:11:10)\n    at RenderContext.render (C:/Users/trevo/Desktop/trevorplam/node_modules/astro/dist/core/render-context.js:313:73)\n    at experimental_AstroContainer.renderToString (C:/Users/trevo/Desktop/trevorplam/node_modules/astro/dist/container/index.js:258:22)\n    at C:/Users/trevo/Desktop/trevorplam/tests/components/OptimizedImage.test.ts:26:18\n    at file:///C:/Users/trevo/Desktop/trevorplam/node_modules/@vitest/runner/dist/chunk-artifact.js:1903:20"],"meta":{},"tags":[]},{"ancestorTitles":["OptimizedImage"],"fullName":"OptimizedImage renders with custom loading and fetchpriority","status":"failed","title":"renders with custom loading and fetchpriority","duration":47.6275999999998,"failureMessages":["NoMatchingRenderer: Unable to render ``.\n\nNo valid renderer was found for this file extension.\n    at renderFrameworkComponent (C:/Users/trevo/Desktop/trevorplam/node_modules/astro/dist/runtime/server/render/component.js:182:15)\n    at renderComponentToString (C:/Users/trevo/Desktop/trevorplam/node_modules/astro/dist/runtime/server/render/component.js:426:28)\n    at renderPage (C:/Users/trevo/Desktop/trevorplam/node_modules/astro/dist/runtime/server/render/page.js:45:13)\n    at lastNext (C:/Users/trevo/Desktop/trevorplam/node_modules/astro/dist/core/render-context.js:279:25)\n    at NOOP_MIDDLEWARE_FN (C:/Users/trevo/Desktop/trevorplam/node_modules/astro/dist/core/middleware/noop-middleware.js:3:20)\n    at callMiddleware (C:/Users/trevo/Desktop/trevorplam/node_modules/astro/dist/core/middleware/callMiddleware.js:11:10)\n    at RenderContext.render (C:/Users/trevo/Desktop/trevorplam/node_modules/astro/dist/core/render-context.js:313:73)\n    at experimental_AstroContainer.renderToString (C:/Users/trevo/Desktop/trevorplam/node_modules/astro/dist/container/index.js:258:22)\n    at C:/Users/trevo/Desktop/trevorplam/tests/components/OptimizedImage.test.ts:44:18\n    at file:///C:/Users/trevo/Desktop/trevorplam/node_modules/@vitest/runner/dist/chunk-artifact.js:1903:20"],"meta":{},"tags":[]},{"ancestorTitles":["OptimizedImage"],"fullName":"OptimizedImage renders with width and height","status":"failed","title":"renders with width and height","duration":47.59820000000036,"failureMessages":["NoMatchingRenderer: Unable to render ``.\n\nNo valid renderer was found for this file extension.\n    at renderFrameworkComponent (C:/Users/trevo/Desktop/trevorplam/node_modules/astro/dist/runtime/server/render/component.js:182:15)\n    at renderComponentToString (C:/Users/trevo/Desktop/trevorplam/node_modules/astro/dist/runtime/server/render/component.js:426:28)\n    at renderPage (C:/Users/trevo/Desktop/trevorplam/node_modules/astro/dist/runtime/server/render/page.js:45:13)\n    at lastNext (C:/Users/trevo/Desktop/trevorplam/node_modules/astro/dist/core/render-context.js:279:25)\n    at NOOP_MIDDLEWARE_FN (C:/Users/trevo/Desktop/trevorplam/node_modules/astro/dist/core/middleware/noop-middleware.js:3:20)\n    at callMiddleware (C:/Users/trevo/Desktop/trevorplam/node_modules/astro/dist/core/middleware/callMiddleware.js:11:10)\n    at RenderContext.render (C:/Users/trevo/Desktop/trevorplam/node_modules/astro/dist/core/render-context.js:313:73)\n    at experimental_AstroContainer.renderToString (C:/Users/trevo/Desktop/trevorplam/node_modules/astro/dist/container/index.js:258:22)\n    at C:/Users/trevo/Desktop/trevorplam/tests/components/OptimizedImage.test.ts:63:18\n    at file:///C:/Users/trevo/Desktop/trevorplam/node_modules/@vitest/runner/dist/chunk-artifact.js:1903:20"],"meta":{},"tags":[]},{"ancestorTitles":["OptimizedImage"],"fullName":"OptimizedImage renders with custom class","status":"failed","title":"renders with custom class","duration":47.59029999999984,"failureMessages":["NoMatchingRenderer: Unable to render ``.\n\nNo valid renderer was found for this file extension.\n    at renderFrameworkComponent (C:/Users/trevo/Desktop/trevorplam/node_modules/astro/dist/runtime/server/render/component.js:182:15)\n    at renderComponentToString (C:/Users/trevo/Desktop/trevorplam/node_modules/astro/dist/runtime/server/render/component.js:426:28)\n    at renderPage (C:/Users/trevo/Desktop/trevorplam/node_modules/astro/dist/runtime/server/render/page.js:45:13)\n    at lastNext (C:/Users/trevo/Desktop/trevorplam/node_modules/astro/dist/core/render-context.js:279:25)\n    at NOOP_MIDDLEWARE_FN (C:/Users/trevo/Desktop/trevorplam/node_modules/astro/dist/core/middleware/noop-middleware.js:3:20)\n    at callMiddleware (C:/Users/trevo/Desktop/trevorplam/node_modules/astro/dist/core/middleware/callMiddleware.js:11:10)\n    at RenderContext.render (C:/Users/trevo/Desktop/trevorplam/node_modules/astro/dist/core/render-context.js:313:73)\n    at experimental_AstroContainer.renderToString (C:/Users/trevo/Desktop/trevorplam/node_modules/astro/dist/container/index.js:258:22)\n    at C:/Users/trevo/Desktop/trevorplam/tests/components/OptimizedImage.test.ts:79:18\n    at file:///C:/Users/trevo/Desktop/trevorplam/node_modules/@vitest/runner/dist/chunk-artifact.js:1903:20"],"meta":{},"tags":[]},{"ancestorTitles":["OptimizedImage"],"fullName":"OptimizedImage renders with layout prop","status":"failed","title":"renders with layout prop","duration":50.359300000000076,"failureMessages":["NoMatchingRenderer: Unable to render ``.\n\nNo valid renderer was found for this file extension.\n    at renderFrameworkComponent (C:/Users/trevo/Desktop/trevorplam/node_modules/astro/dist/runtime/server/render/component.js:182:15)\n    at renderComponentToString (C:/Users/trevo/Desktop/trevorplam/node_modules/astro/dist/runtime/server/render/component.js:426:28)\n    at renderPage (C:/Users/trevo/Desktop/trevorplam/node_modules/astro/dist/runtime/server/render/page.js:45:13)\n    at lastNext (C:/Users/trevo/Desktop/trevorplam/node_modules/astro/dist/core/render-context.js:279:25)\n    at NOOP_MIDDLEWARE_FN (C:/Users/trevo/Desktop/trevorplam/node_modules/astro/dist/core/middleware/noop-middleware.js:3:20)\n    at callMiddleware (C:/Users/trevo/Desktop/trevorplam/node_modules/astro/dist/core/middleware/callMiddleware.js:11:10)\n    at RenderContext.render (C:/Users/trevo/Desktop/trevorplam/node_modules/astro/dist/core/render-context.js:313:73)\n    at experimental_AstroContainer.renderToString (C:/Users/trevo/Desktop/trevorplam/node_modules/astro/dist/container/index.js:258:22)\n    at C:/Users/trevo/Desktop/trevorplam/tests/components/OptimizedImage.test.ts:96:18\n    at file:///C:/Users/trevo/Desktop/trevorplam/node_modules/@vitest/runner/dist/chunk-artifact.js:1903:20"],"meta":{},"tags":[]},{"ancestorTitles":["OptimizedImage"],"fullName":"OptimizedImage renders with format and quality","status":"failed","title":"renders with format and quality","duration":50.35399999999936,"failureMessages":["NoMatchingRenderer: Unable to render ``.\n\nNo valid renderer was found for this file extension.\n    at renderFrameworkComponent (C:/Users/trevo/Desktop/trevorplam/node_modules/astro/dist/runtime/server/render/component.js:182:15)\n    at renderComponentToString (C:/Users/trevo/Desktop/trevorplam/node_modules/astro/dist/runtime/server/render/component.js:426:28)\n    at renderPage (C:/Users/trevo/Desktop/trevorplam/node_modules/astro/dist/runtime/server/render/page.js:45:13)\n    at lastNext (C:/Users/trevo/Desktop/trevorplam/node_modules/astro/dist/core/render-context.js:279:25)\n    at NOOP_MIDDLEWARE_FN (C:/Users/trevo/Desktop/trevorplam/node_modules/astro/dist/core/middleware/noop-middleware.js:3:20)\n    at callMiddleware (C:/Users/trevo/Desktop/trevorplam/node_modules/astro/dist/core/middleware/callMiddleware.js:11:10)\n    at RenderContext.render (C:/Users/trevo/Desktop/trevorplam/node_modules/astro/dist/core/render-context.js:313:73)\n    at experimental_AstroContainer.renderToString (C:/Users/trevo/Desktop/trevorplam/node_modules/astro/dist/container/index.js:258:22)\n    at C:/Users/trevo/Desktop/trevorplam/tests/components/OptimizedImage.test.ts:112:18\n    at file:///C:/Users/trevo/Desktop/trevorplam/node_modules/@vitest/runner/dist/chunk-artifact.js:1903:20"],"meta":{},"tags":[]}],"startTime":1776827256565,"endTime":1776827256616.3594,"status":"failed","message":"","name":"C:/Users/trevo/Desktop/trevorplam/tests/components/OptimizedImage.test.ts"},{"assertionResults":[{"ancestorTitles":["SkillTag Component"],"fullName":"SkillTag Component renders skill tag with label","status":"failed","title":"renders skill tag with label","duration":31.235599999999977,"failureMessages":["NoMatchingRenderer: Unable to render ``.\n\nNo valid renderer was found for this file extension.\n    at renderFrameworkComponent (C:/Users/trevo/Desktop/trevorplam/node_modules/astro/dist/runtime/server/render/component.js:182:15)\n    at renderComponentToString (C:/Users/trevo/Desktop/trevorplam/node_modules/astro/dist/runtime/server/render/component.js:426:28)\n    at renderPage (C:/Users/trevo/Desktop/trevorplam/node_modules/astro/dist/runtime/server/render/page.js:45:13)\n    at lastNext (C:/Users/trevo/Desktop/trevorplam/node_modules/astro/dist/core/render-context.js:279:25)\n    at NOOP_MIDDLEWARE_FN (C:/Users/trevo/Desktop/trevorplam/node_modules/astro/dist/core/middleware/noop-middleware.js:3:20)\n    at callMiddleware (C:/Users/trevo/Desktop/trevorplam/node_modules/astro/dist/core/middleware/callMiddleware.js:11:10)\n    at RenderContext.render (C:/Users/trevo/Desktop/trevorplam/node_modules/astro/dist/core/render-context.js:313:73)\n    at experimental_AstroContainer.renderToString (C:/Users/trevo/Desktop/trevorplam/node_modules/astro/dist/container/index.js:258:22)\n    at C:/Users/trevo/Desktop/trevorplam/tests/components/SkillTag.test.ts:9:20\n    at file:///C:/Users/trevo/Desktop/trevorplam/node_modules/@vitest/runner/dist/chunk-artifact.js:1903:20"],"meta":{},"tags":[]},{"ancestorTitles":["SkillTag Component"],"fullName":"SkillTag Component renders skill tag with different label","status":"failed","title":"renders skill tag with different label","duration":30.786999999998443,"failureMessages":["NoMatchingRenderer: Unable to render ``.\n\nNo valid renderer was found for this file extension.\n    at renderFrameworkComponent (C:/Users/trevo/Desktop/trevorplam/node_modules/astro/dist/runtime/server/render/component.js:182:15)\n    at renderComponentToString (C:/Users/trevo/Desktop/trevorplam/node_modules/astro/dist/runtime/server/render/component.js:426:28)\n    at renderPage (C:/Users/trevo/Desktop/trevorplam/node_modules/astro/dist/runtime/server/render/page.js:45:13)\n    at lastNext (C:/Users/trevo/Desktop/trevorplam/node_modules/astro/dist/core/render-context.js:279:25)\n    at NOOP_MIDDLEWARE_FN (C:/Users/trevo/Desktop/trevorplam/node_modules/astro/dist/core/middleware/noop-middleware.js:3:20)\n    at callMiddleware (C:/Users/trevo/Desktop/trevorplam/node_modules/astro/dist/core/middleware/callMiddleware.js:11:10)\n    at RenderContext.render (C:/Users/trevo/Desktop/trevorplam/node_modules/astro/dist/core/render-context.js:313:73)\n    at experimental_AstroContainer.renderToString (C:/Users/trevo/Desktop/trevorplam/node_modules/astro/dist/container/index.js:258:22)\n    at C:/Users/trevo/Desktop/trevorplam/tests/components/SkillTag.test.ts:22:20\n    at file:///C:/Users/trevo/Desktop/trevorplam/node_modules/@vitest/runner/dist/chunk-artifact.js:1903:20"],"meta":{},"tags":[]},{"ancestorTitles":["SkillTag Component"],"fullName":"SkillTag Component renders as span element","status":"failed","title":"renders as span element","duration":30.749799999999595,"failureMessages":["NoMatchingRenderer: Unable to render ``.\n\nNo valid renderer was found for this file extension.\n    at renderFrameworkComponent (C:/Users/trevo/Desktop/trevorplam/node_modules/astro/dist/runtime/server/render/component.js:182:15)\n    at renderComponentToString (C:/Users/trevo/Desktop/trevorplam/node_modules/astro/dist/runtime/server/render/component.js:426:28)\n    at renderPage (C:/Users/trevo/Desktop/trevorplam/node_modules/astro/dist/runtime/server/render/page.js:45:13)\n    at lastNext (C:/Users/trevo/Desktop/trevorplam/node_modules/astro/dist/core/render-context.js:279:25)\n    at NOOP_MIDDLEWARE_FN (C:/Users/trevo/Desktop/trevorplam/node_modules/astro/dist/core/middleware/noop-middleware.js:3:20)\n    at callMiddleware (C:/Users/trevo/Desktop/trevorplam/node_modules/astro/dist/core/middleware/callMiddleware.js:11:10)\n    at RenderContext.render (C:/Users/trevo/Desktop/trevorplam/node_modules/astro/dist/core/render-context.js:313:73)\n    at experimental_AstroContainer.renderToString (C:/Users/trevo/Desktop/trevorplam/node_modules/astro/dist/container/index.js:258:22)\n    at C:/Users/trevo/Desktop/trevorplam/tests/components/SkillTag.test.ts:35:20\n    at file:///C:/Users/trevo/Desktop/trevorplam/node_modules/@vitest/runner/dist/chunk-artifact.js:1903:20"],"meta":{},"tags":[]},{"ancestorTitles":["SkillTag Component"],"fullName":"SkillTag Component renders proper pill styling","status":"failed","title":"renders proper pill styling","duration":30.72899999999936,"failureMessages":["NoMatchingRenderer: Unable to render ``.\n\nNo valid renderer was found for this file extension.\n    at renderFrameworkComponent (C:/Users/trevo/Desktop/trevorplam/node_modules/astro/dist/runtime/server/render/component.js:182:15)\n    at renderComponentToString (C:/Users/trevo/Desktop/trevorplam/node_modules/astro/dist/runtime/server/render/component.js:426:28)\n    at renderPage (C:/Users/trevo/Desktop/trevorplam/node_modules/astro/dist/runtime/server/render/page.js:45:13)\n    at lastNext (C:/Users/trevo/Desktop/trevorplam/node_modules/astro/dist/core/render-context.js:279:25)\n    at NOOP_MIDDLEWARE_FN (C:/Users/trevo/Desktop/trevorplam/node_modules/astro/dist/core/middleware/noop-middleware.js:3:20)\n    at callMiddleware (C:/Users/trevo/Desktop/trevorplam/node_modules/astro/dist/core/middleware/callMiddleware.js:11:10)\n    at RenderContext.render (C:/Users/trevo/Desktop/trevorplam/node_modules/astro/dist/core/render-context.js:313:73)\n    at experimental_AstroContainer.renderToString (C:/Users/trevo/Desktop/trevorplam/node_modules/astro/dist/container/index.js:258:22)\n    at C:/Users/trevo/Desktop/trevorplam/tests/components/SkillTag.test.ts:48:20\n    at file:///C:/Users/trevo/Desktop/trevorplam/node_modules/@vitest/runner/dist/chunk-artifact.js:1903:20"],"meta":{},"tags":[]}],"startTime":1776827258486,"endTime":1776827258517.787,"status":"failed","message":"","name":"C:/Users/trevo/Desktop/trevorplam/tests/components/SkillTag.test.ts"},{"assertionResults":[{"ancestorTitles":["TimelineNode Component"],"fullName":"TimelineNode Component renders timeline node with role type","status":"failed","title":"renders timeline node with role type","duration":59.80400000000009,"failureMessages":["NoMatchingRenderer: Unable to render ``.\n\nNo valid renderer was found for this file extension.\n    at renderFrameworkComponent (C:/Users/trevo/Desktop/trevorplam/node_modules/astro/dist/runtime/server/render/component.js:182:15)\n    at renderComponentToString (C:/Users/trevo/Desktop/trevorplam/node_modules/astro/dist/runtime/server/render/component.js:426:28)\n    at renderPage (C:/Users/trevo/Desktop/trevorplam/node_modules/astro/dist/runtime/server/render/page.js:45:13)\n    at lastNext (C:/Users/trevo/Desktop/trevorplam/node_modules/astro/dist/core/render-context.js:279:25)\n    at NOOP_MIDDLEWARE_FN (C:/Users/trevo/Desktop/trevorplam/node_modules/astro/dist/core/middleware/noop-middleware.js:3:20)\n    at callMiddleware (C:/Users/trevo/Desktop/trevorplam/node_modules/astro/dist/core/middleware/callMiddleware.js:11:10)\n    at RenderContext.render (C:/Users/trevo/Desktop/trevorplam/node_modules/astro/dist/core/render-context.js:313:73)\n    at experimental_AstroContainer.renderToString (C:/Users/trevo/Desktop/trevorplam/node_modules/astro/dist/container/index.js:258:22)\n    at C:/Users/trevo/Desktop/trevorplam/tests/components/TimelineNode.test.ts:9:20\n    at file:///C:/Users/trevo/Desktop/trevorplam/node_modules/@vitest/runner/dist/chunk-artifact.js:1903:20"],"meta":{},"tags":[]},{"ancestorTitles":["TimelineNode Component"],"fullName":"TimelineNode Component renders timeline node with award type","status":"failed","title":"renders timeline node with award type","duration":59.34949999999844,"failureMessages":["NoMatchingRenderer: Unable to render ``.\n\nNo valid renderer was found for this file extension.\n    at renderFrameworkComponent (C:/Users/trevo/Desktop/trevorplam/node_modules/astro/dist/runtime/server/render/component.js:182:15)\n    at renderComponentToString (C:/Users/trevo/Desktop/trevorplam/node_modules/astro/dist/runtime/server/render/component.js:426:28)\n    at renderPage (C:/Users/trevo/Desktop/trevorplam/node_modules/astro/dist/runtime/server/render/page.js:45:13)\n    at lastNext (C:/Users/trevo/Desktop/trevorplam/node_modules/astro/dist/core/render-context.js:279:25)\n    at NOOP_MIDDLEWARE_FN (C:/Users/trevo/Desktop/trevorplam/node_modules/astro/dist/core/middleware/noop-middleware.js:3:20)\n    at callMiddleware (C:/Users/trevo/Desktop/trevorplam/node_modules/astro/dist/core/middleware/callMiddleware.js:11:10)\n    at RenderContext.render (C:/Users/trevo/Desktop/trevorplam/node_modules/astro/dist/core/render-context.js:313:73)\n    at experimental_AstroContainer.renderToString (C:/Users/trevo/Desktop/trevorplam/node_modules/astro/dist/container/index.js:258:22)\n    at C:/Users/trevo/Desktop/trevorplam/tests/components/TimelineNode.test.ts:29:20\n    at file:///C:/Users/trevo/Desktop/trevorplam/node_modules/@vitest/runner/dist/chunk-artifact.js:1903:20"],"meta":{},"tags":[]},{"ancestorTitles":["TimelineNode Component"],"fullName":"TimelineNode Component renders timeline node with degree type","status":"failed","title":"renders timeline node with degree type","duration":59.3107,"failureMessages":["NoMatchingRenderer: Unable to render ``.\n\nNo valid renderer was found for this file extension.\n    at renderFrameworkComponent (C:/Users/trevo/Desktop/trevorplam/node_modules/astro/dist/runtime/server/render/component.js:182:15)\n    at renderComponentToString (C:/Users/trevo/Desktop/trevorplam/node_modules/astro/dist/runtime/server/render/component.js:426:28)\n    at renderPage (C:/Users/trevo/Desktop/trevorplam/node_modules/astro/dist/runtime/server/render/page.js:45:13)\n    at lastNext (C:/Users/trevo/Desktop/trevorplam/node_modules/astro/dist/core/render-context.js:279:25)\n    at NOOP_MIDDLEWARE_FN (C:/Users/trevo/Desktop/trevorplam/node_modules/astro/dist/core/middleware/noop-middleware.js:3:20)\n    at callMiddleware (C:/Users/trevo/Desktop/trevorplam/node_modules/astro/dist/core/middleware/callMiddleware.js:11:10)\n    at RenderContext.render (C:/Users/trevo/Desktop/trevorplam/node_modules/astro/dist/core/render-context.js:313:73)\n    at experimental_AstroContainer.renderToString (C:/Users/trevo/Desktop/trevorplam/node_modules/astro/dist/container/index.js:258:22)\n    at C:/Users/trevo/Desktop/trevorplam/tests/components/TimelineNode.test.ts:48:20\n    at file:///C:/Users/trevo/Desktop/trevorplam/node_modules/@vitest/runner/dist/chunk-artifact.js:1903:20"],"meta":{},"tags":[]},{"ancestorTitles":["TimelineNode Component"],"fullName":"TimelineNode Component renders timeline node with constraint type","status":"failed","title":"renders timeline node with constraint type","duration":59.25770000000011,"failureMessages":["NoMatchingRenderer: Unable to render ``.\n\nNo valid renderer was found for this file extension.\n    at renderFrameworkComponent (C:/Users/trevo/Desktop/trevorplam/node_modules/astro/dist/runtime/server/render/component.js:182:15)\n    at renderComponentToString (C:/Users/trevo/Desktop/trevorplam/node_modules/astro/dist/runtime/server/render/component.js:426:28)\n    at renderPage (C:/Users/trevo/Desktop/trevorplam/node_modules/astro/dist/runtime/server/render/page.js:45:13)\n    at lastNext (C:/Users/trevo/Desktop/trevorplam/node_modules/astro/dist/core/render-context.js:279:25)\n    at NOOP_MIDDLEWARE_FN (C:/Users/trevo/Desktop/trevorplam/node_modules/astro/dist/core/middleware/noop-middleware.js:3:20)\n    at callMiddleware (C:/Users/trevo/Desktop/trevorplam/node_modules/astro/dist/core/middleware/callMiddleware.js:11:10)\n    at RenderContext.render (C:/Users/trevo/Desktop/trevorplam/node_modules/astro/dist/core/render-context.js:313:73)\n    at experimental_AstroContainer.renderToString (C:/Users/trevo/Desktop/trevorplam/node_modules/astro/dist/container/index.js:258:22)\n    at C:/Users/trevo/Desktop/trevorplam/tests/components/TimelineNode.test.ts:67:20\n    at file:///C:/Users/trevo/Desktop/trevorplam/node_modules/@vitest/runner/dist/chunk-artifact.js:1903:20"],"meta":{},"tags":[]},{"ancestorTitles":["TimelineNode Component"],"fullName":"TimelineNode Component renders timeline node with future type","status":"failed","title":"renders timeline node with future type","duration":59.23899999999958,"failureMessages":["NoMatchingRenderer: Unable to render ``.\n\nNo valid renderer was found for this file extension.\n    at renderFrameworkComponent (C:/Users/trevo/Desktop/trevorplam/node_modules/astro/dist/runtime/server/render/component.js:182:15)\n    at renderComponentToString (C:/Users/trevo/Desktop/trevorplam/node_modules/astro/dist/runtime/server/render/component.js:426:28)\n    at renderPage (C:/Users/trevo/Desktop/trevorplam/node_modules/astro/dist/runtime/server/render/page.js:45:13)\n    at lastNext (C:/Users/trevo/Desktop/trevorplam/node_modules/astro/dist/core/render-context.js:279:25)\n    at NOOP_MIDDLEWARE_FN (C:/Users/trevo/Desktop/trevorplam/node_modules/astro/dist/core/middleware/noop-middleware.js:3:20)\n    at callMiddleware (C:/Users/trevo/Desktop/trevorplam/node_modules/astro/dist/core/middleware/callMiddleware.js:11:10)\n    at RenderContext.render (C:/Users/trevo/Desktop/trevorplam/node_modules/astro/dist/core/render-context.js:313:73)\n    at experimental_AstroContainer.renderToString (C:/Users/trevo/Desktop/trevorplam/node_modules/astro/dist/container/index.js:258:22)\n    at C:/Users/trevo/Desktop/trevorplam/tests/components/TimelineNode.test.ts:86:20\n    at file:///C:/Users/trevo/Desktop/trevorplam/node_modules/@vitest/runner/dist/chunk-artifact.js:1903:20"],"meta":{},"tags":[]},{"ancestorTitles":["TimelineNode Component"],"fullName":"TimelineNode Component renders proper timeline structure","status":"failed","title":"renders proper timeline structure","duration":59.814399999999296,"failureMessages":["NoMatchingRenderer: Unable to render ``.\n\nNo valid renderer was found for this file extension.\n    at renderFrameworkComponent (C:/Users/trevo/Desktop/trevorplam/node_modules/astro/dist/runtime/server/render/component.js:182:15)\n    at renderComponentToString (C:/Users/trevo/Desktop/trevorplam/node_modules/astro/dist/runtime/server/render/component.js:426:28)\n    at renderPage (C:/Users/trevo/Desktop/trevorplam/node_modules/astro/dist/runtime/server/render/page.js:45:13)\n    at lastNext (C:/Users/trevo/Desktop/trevorplam/node_modules/astro/dist/core/render-context.js:279:25)\n    at NOOP_MIDDLEWARE_FN (C:/Users/trevo/Desktop/trevorplam/node_modules/astro/dist/core/middleware/noop-middleware.js:3:20)\n    at callMiddleware (C:/Users/trevo/Desktop/trevorplam/node_modules/astro/dist/core/middleware/callMiddleware.js:11:10)\n    at RenderContext.render (C:/Users/trevo/Desktop/trevorplam/node_modules/astro/dist/core/render-context.js:313:73)\n    at experimental_AstroContainer.renderToString (C:/Users/trevo/Desktop/trevorplam/node_modules/astro/dist/container/index.js:258:22)\n    at C:/Users/trevo/Desktop/trevorplam/tests/components/TimelineNode.test.ts:107:20\n    at file:///C:/Users/trevo/Desktop/trevorplam/node_modules/@vitest/runner/dist/chunk-artifact.js:1903:20"],"meta":{},"tags":[]}],"startTime":1776827255887,"endTime":1776827255947.8145,"status":"failed","message":"","name":"C:/Users/trevo/Desktop/trevorplam/tests/components/TimelineNode.test.ts"},{"assertionResults":[{"ancestorTitles":["Content Contract Tests - Fixed Approach","Case Studies Content Schema"],"fullName":"Content Contract Tests - Fixed Approach Case Studies Content Schema validates case studies content structure","status":"passed","title":"validates case studies content structure","duration":5.724500000000262,"failureMessages":[],"meta":{},"tags":[]},{"ancestorTitles":["Content Contract Tests - Fixed Approach","Case Studies Content Schema"],"fullName":"Content Contract Tests - Fixed Approach Case Studies Content Schema validates case studies array structure","status":"passed","title":"validates case studies array structure","duration":5.260400000000118,"failureMessages":[],"meta":{},"tags":[]},{"ancestorTitles":["Content Contract Tests - Fixed Approach","Metrics Content Schema"],"fullName":"Content Contract Tests - Fixed Approach Metrics Content Schema validates metrics data structure","status":"passed","title":"validates metrics data structure","duration":5.218899999999849,"failureMessages":[],"meta":{},"tags":[]},{"ancestorTitles":["Content Contract Tests - Fixed Approach","Timeline Content Schema"],"fullName":"Content Contract Tests - Fixed Approach Timeline Content Schema validates timeline data structure","status":"passed","title":"validates timeline data structure","duration":5.1784999999999854,"failureMessages":[],"meta":{},"tags":[]},{"ancestorTitles":["Content Contract Tests - Fixed Approach","Skills Content Schema"],"fullName":"Content Contract Tests - Fixed Approach Skills Content Schema validates skills data structure","status":"passed","title":"validates skills data structure","duration":5.146600000000035,"failureMessages":[],"meta":{},"tags":[]},{"ancestorTitles":["Content Contract Tests - Fixed Approach","Content Integration Contract"],"fullName":"Content Contract Tests - Fixed Approach Content Integration Contract validates content can be properly integrated in Astro components","status":"passed","title":"validates content can be properly integrated in Astro components","duration":5.181599999999889,"failureMessages":[],"meta":{},"tags":[]}],"startTime":1776827251694,"endTime":1776827251699.7246,"status":"passed","message":"","name":"C:/Users/trevo/Desktop/trevorplam/tests/contract/content-contract-fixed.test.ts"},{"assertionResults":[{"ancestorTitles":["Content Contract Tests","Case Studies Content Contract"],"fullName":"Content Contract Tests Case Studies Content Contract validates case studies content schema contract","status":"failed","title":"validates case studies content schema contract","duration":69.73199999999997,"failureMessages":["NetworkError: Cross-Origin Request Blocked: The Same Origin Policy disallows reading the remote resource at \"http://127.0.0.1:1234/api/content/case-studies\".\n    at Fetch.send (file:///C:/Users/trevo/Desktop/trevorplam/node_modules/happy-dom/lib/fetch/Fetch.js:185:23)\n    at processTicksAndRejections (node:internal/process/task_queues:104:5)\n    at GlobalWindow.fetch (file:///C:/Users/trevo/Desktop/trevorplam/node_modules/happy-dom/lib/window/BrowserWindow.js:2189:16)\n    at C:/Users/trevo/Desktop/trevorplam/tests/contract/content-contract-simple.test.ts:59:28"],"meta":{},"tags":[]},{"ancestorTitles":["Content Contract Tests","Case Studies Content Contract"],"fullName":"Content Contract Tests Case Studies Content Contract validates individual case study content contract","status":"failed","title":"validates individual case study content contract","duration":46.57099999999991,"failureMessages":["Error: Error in native callback\n    at mockServerMismatches (C:\\Users\\trevo\\Desktop\\trevorplam\\node_modules\\@pact-foundation\\pact-core\\src\\consumer\\internals.js:7:36)\n    at Object.mockServerMismatches (C:\\Users\\trevo\\Desktop\\trevorplam\\node_modules\\@pact-foundation\\pact-core\\src\\consumer\\index.js:64:78)\n    at C:\\Users\\trevo\\Desktop\\trevorplam\\node_modules\\@pact-foundation\\pact\\src\\v4\\http\\index.js:85:40\n    at step (C:\\Users\\trevo\\Desktop\\trevorplam\\node_modules\\@pact-foundation\\pact\\src\\v4\\http\\index.js:33:23)\n    at Object.throw (C:\\Users\\trevo\\Desktop\\trevorplam\\node_modules\\@pact-foundation\\pact\\src\\v4\\http\\index.js:14:53)\n    at rejected (C:\\Users\\trevo\\Desktop\\trevorplam\\node_modules\\@pact-foundation\\pact\\src\\v4\\http\\index.js:6:65)"],"meta":{},"tags":[]},{"ancestorTitles":["Content Contract Tests","Metrics Content Contract"],"fullName":"Content Contract Tests Metrics Content Contract validates metrics data contract","status":"failed","title":"validates metrics data contract","duration":46.59259999999995,"failureMessages":["Error: Error in native callback\n    at mockServerMismatches (C:\\Users\\trevo\\Desktop\\trevorplam\\node_modules\\@pact-foundation\\pact-core\\src\\consumer\\internals.js:7:36)\n    at Object.mockServerMismatches (C:\\Users\\trevo\\Desktop\\trevorplam\\node_modules\\@pact-foundation\\pact-core\\src\\consumer\\index.js:64:78)\n    at C:\\Users\\trevo\\Desktop\\trevorplam\\node_modules\\@pact-foundation\\pact\\src\\v4\\http\\index.js:85:40\n    at step (C:\\Users\\trevo\\Desktop\\trevorplam\\node_modules\\@pact-foundation\\pact\\src\\v4\\http\\index.js:33:23)\n    at Object.throw (C:\\Users\\trevo\\Desktop\\trevorplam\\node_modules\\@pact-foundation\\pact\\src\\v4\\http\\index.js:14:53)\n    at rejected (C:\\Users\\trevo\\Desktop\\trevorplam\\node_modules\\@pact-foundation\\pact\\src\\v4\\http\\index.js:6:65)"],"meta":{},"tags":[]},{"ancestorTitles":["Content Contract Tests","Timeline Content Contract"],"fullName":"Content Contract Tests Timeline Content Contract validates timeline data contract","status":"failed","title":"validates timeline data contract","duration":46.555199999999786,"failureMessages":["Error: Error in native callback\n    at mockServerMismatches (C:\\Users\\trevo\\Desktop\\trevorplam\\node_modules\\@pact-foundation\\pact-core\\src\\consumer\\internals.js:7:36)\n    at Object.mockServerMismatches (C:\\Users\\trevo\\Desktop\\trevorplam\\node_modules\\@pact-foundation\\pact-core\\src\\consumer\\index.js:64:78)\n    at C:\\Users\\trevo\\Desktop\\trevorplam\\node_modules\\@pact-foundation\\pact\\src\\v4\\http\\index.js:85:40\n    at step (C:\\Users\\trevo\\Desktop\\trevorplam\\node_modules\\@pact-foundation\\pact\\src\\v4\\http\\index.js:33:23)\n    at Object.throw (C:\\Users\\trevo\\Desktop\\trevorplam\\node_modules\\@pact-foundation\\pact\\src\\v4\\http\\index.js:14:53)\n    at rejected (C:\\Users\\trevo\\Desktop\\trevorplam\\node_modules\\@pact-foundation\\pact\\src\\v4\\http\\index.js:6:65)"],"meta":{},"tags":[]},{"ancestorTitles":["Content Contract Tests","Skills Content Contract"],"fullName":"Content Contract Tests Skills Content Contract validates skills data contract","status":"failed","title":"validates skills data contract","duration":46.51879999999983,"failureMessages":["Error: Error in native callback\n    at mockServerMismatches (C:\\Users\\trevo\\Desktop\\trevorplam\\node_modules\\@pact-foundation\\pact-core\\src\\consumer\\internals.js:7:36)\n    at Object.mockServerMismatches (C:\\Users\\trevo\\Desktop\\trevorplam\\node_modules\\@pact-foundation\\pact-core\\src\\consumer\\index.js:64:78)\n    at C:\\Users\\trevo\\Desktop\\trevorplam\\node_modules\\@pact-foundation\\pact\\src\\v4\\http\\index.js:85:40\n    at step (C:\\Users\\trevo\\Desktop\\trevorplam\\node_modules\\@pact-foundation\\pact\\src\\v4\\http\\index.js:33:23)\n    at Object.throw (C:\\Users\\trevo\\Desktop\\trevorplam\\node_modules\\@pact-foundation\\pact\\src\\v4\\http\\index.js:14:53)\n    at rejected (C:\\Users\\trevo\\Desktop\\trevorplam\\node_modules\\@pact-foundation\\pact\\src\\v4\\http\\index.js:6:65)"],"meta":{},"tags":[]}],"startTime":1776827254122,"endTime":1776827254191.732,"status":"failed","message":"","name":"C:/Users/trevo/Desktop/trevorplam/tests/contract/content-contract-simple.test.ts"},{"assertionResults":[{"ancestorTitles":["Content Contract Tests","Case Studies Content Contract"],"fullName":"Content Contract Tests Case Studies Content Contract validates case studies content schema contract","status":"failed","title":"validates case studies content schema contract","duration":30.546700000000783,"failureMessages":["Error: Test failed for the following reasons:\n\n  Mock server failed with the following mismatches:\n\n\t0) The following request was expected but not received: \n\t    Method: GET\n\t    Path: /api/content/case-studies\n    at C:\\Users\\trevo\\Desktop\\trevorplam\\node_modules\\@pact-foundation\\pact\\src\\v4\\http\\index.js:102:58\n    at step (C:\\Users\\trevo\\Desktop\\trevorplam\\node_modules\\@pact-foundation\\pact\\src\\v4\\http\\index.js:33:23)\n    at Object.next (C:\\Users\\trevo\\Desktop\\trevorplam\\node_modules\\@pact-foundation\\pact\\src\\v4\\http\\index.js:14:53)\n    at fulfilled (C:\\Users\\trevo\\Desktop\\trevorplam\\node_modules\\@pact-foundation\\pact\\src\\v4\\http\\index.js:5:58)"],"meta":{},"tags":[]},{"ancestorTitles":["Content Contract Tests","Case Studies Content Contract"],"fullName":"Content Contract Tests Case Studies Content Contract validates individual case study content contract","status":"failed","title":"validates individual case study content contract","duration":30.079399999999623,"failureMessages":["Error: Test failed for the following reasons:\n\n  Mock server failed with the following mismatches:\n\n\t0) The following request was expected but not received: \n\t    Method: GET\n\t    Path: /api/content/case-studies\n\n\t1) The following request was expected but not received: \n\t    Method: GET\n\t    Path: /api/content/case-studies/grandlux\n    at C:\\Users\\trevo\\Desktop\\trevorplam\\node_modules\\@pact-foundation\\pact\\src\\v4\\http\\index.js:102:58\n    at step (C:\\Users\\trevo\\Desktop\\trevorplam\\node_modules\\@pact-foundation\\pact\\src\\v4\\http\\index.js:33:23)\n    at Object.next (C:\\Users\\trevo\\Desktop\\trevorplam\\node_modules\\@pact-foundation\\pact\\src\\v4\\http\\index.js:14:53)\n    at fulfi
[...]
ntract Tests","Case Studies Content Contract"],"fullName":"Content Schema Contract Tests Case Studies Content Contract validates case study schema contract","status":"passed","title":"validates case study schema contract","duration":7.955399999999827,"failureMessages":[],"meta":{},"tags":[]},{"ancestorTitles":["Content Schema Contract Tests","Case Studies Content Contract"],"fullName":"Content Schema Contract Tests Case Studies Content Contract rejects invalid case study schema","status":"passed","title":"rejects invalid case study schema","duration":7.494999999999891,"failureMessages":[],"meta":{},"tags":[]},{"ancestorTitles":["Content Schema Contract Tests","Case Studies Content Contract"],"fullName":"Content Schema Contract Tests Case Studies Content Contract validates case study array contract","status":"passed","title":"validates case study array contract","duration":7.452299999999923,"failureMessages":[],"meta":{},"tags":[]},{"ancestorTitles":["Content Schema Contract Tests","Metrics Content Contract"],"fullName":"Content Schema Contract Tests Metrics Content Contract validates metrics schema contract","status":"passed","title":"validates metrics schema contract","duration":7.41379999999981,"failureMessages":[],"meta":{},"tags":[]},{"ancestorTitles":["Content Schema Contract Tests","Metrics Content Contract"],"fullName":"Content Schema Contract Tests Metrics Content Contract rejects invalid metrics schema","status":"passed","title":"rejects invalid metrics schema","duration":7.382999999999811,"failureMessages":[],"meta":{},"tags":[]},{"ancestorTitles":["Content Schema Contract Tests","Timeline Content Contract"],"fullName":"Content Schema Contract Tests Timeline Content Contract validates timeline schema contract","status":"passed","title":"validates timeline schema contract","duration":7.403899999999794,"failureMessages":[],"meta":{},"tags":[]},{"ancestorTitles":["Content Schema Contract Tests","Timeline Content Contract"],"fullName":"Content Schema Contract Tests Timeline Content Contract rejects invalid timeline schema","status":"passed","title":"rejects invalid timeline schema","duration":7.377600000000257,"failureMessages":[],"meta":{},"tags":[]},{"ancestorTitles":["Content Schema Contract Tests","Skills Content Contract"],"fullName":"Content Schema Contract Tests Skills Content Contract validates skills schema contract","status":"passed","title":"validates skills schema contract","duration":7.3520000000003165,"failureMessages":[],"meta":{},"tags":[]},{"ancestorTitles":["Content Schema Contract Tests","Skills Content Contract"],"fullName":"Content Schema Contract Tests Skills Content Contract rejects invalid skills schema","status":"passed","title":"rejects invalid skills schema","duration":7.325900000000274,"failureMessages":[],"meta":{},"tags":[]},{"ancestorTitles":["Content Schema Contract Tests","Content Contract Integration"],"fullName":"Content Schema Contract Tests Content Contract Integration validates complete content contract","status":"passed","title":"validates complete content contract","duration":7.284099999999853,"failureMessages":[],"meta":{},"tags":[]}],"startTime":1776827251046,"endTime":1776827251054.2842,"status":"passed","message":"","name":"C:/Users/trevo/Desktop/trevorplam/tests/contract/content-schema-contract.test.ts"},{"assertionResults":[{"ancestorTitles":["formatDate"],"fullName":"formatDate formats date object","status":"passed","title":"formats date object","duration":4.5306000000000495,"failureMessages":[],"meta":{},"tags":[]},{"ancestorTitles":["formatDate"],"fullName":"formatDate formats date string","status":"passed","title":"formats date string","duration":4.074300000000221,"failureMessages":[],"meta":{},"tags":[]},{"ancestorTitles":["formatDate"],"fullName":"formatDate respects custom options","status":"passed","title":"respects custom options","duration":4.035999999999149,"failureMessages":[],"meta":{},"tags":[]},{"ancestorTitles":["getRelativeTime"],"fullName":"getRelativeTime returns \"just now\" for recent dates","status":"passed","title":"returns \"just now\" for recent dates","duration":2.101900000000569,"failureMessages":[],"meta":{},"tags":[]},{"ancestorTitles":["getRelativeTime"],"fullName":"getRelativeTime returns minutes ago","status":"passed","title":"returns minutes ago","duration":2.063299999999799,"failureMessages":[],"meta":{},"tags":[]},{"ancestorTitles":["getRelativeTime"],"fullName":"getRelativeTime returns hours ago","status":"passed","title":"returns hours ago","duration":2.023400000000038,"failureMessages":[],"meta":{},"tags":[]},{"ancestorTitles":["getRelativeTime"],"fullName":"getRelativeTime returns days ago","status":"passed","title":"returns days ago","duration":2.171499999999469,"failureMessages":[],"meta":{},"tags":[]},{"ancestorTitles":["getRelativeTime"],"fullName":"getRelativeTime returns formatted date for old dates","status":"passed","title":"returns formatted date for old dates","duration":2.1525000000001455,"failureMessages":[],"meta":{},"tags":[]},{"ancestorTitles":["isPast"],"fullName":"isPast returns true for past dates","status":"passed","title":"returns true for past dates","duration":2.1406999999999243,"failureMessages":[],"meta":{},"tags":[]},{"ancestorTitles":["isPast"],"fullName":"isPast returns false for future dates","status":"passed","title":"returns false for future dates","duration":2.121399999999994,"failureMessages":[],"meta":{},"tags":[]},{"ancestorTitles":["isPast"],"fullName":"isPast returns false for current moment","status":"passed","title":"returns false for current moment","duration":2.104699999999866,"failureMessages":[],"meta":{},"tags":[]},{"ancestorTitles":["isFuture"],"fullName":"isFuture returns true for future dates","status":"passed","title":"returns true for future dates","duration":2.098200000000361,"failureMessages":[],"meta":{},"tags":[]},{"ancestorTitles":["isFuture"],"fullName":"isFuture returns false for past dates","status":"passed","title":"returns false for past dates","duration":2.082800000000134,"failureMessages":[],"meta":{},"tags":[]},{"ancestorTitles":["isFuture"],"fullName":"isFuture returns false for current moment","status":"passed","title":"returns false for current moment","duration":2.201000000000022,"failureMessages":[],"meta":{},"tags":[]},{"ancestorTitles":["getYearRange"],"fullName":"getYearRange returns single year when start and end are same","status":"passed","title":"returns single year when start and end are same","duration":3.9718999999995503,"failureMessages":[],"meta":{},"tags":[]},{"ancestorTitles":["getYearRange"],"fullName":"getYearRange returns range when years differ","status":"passed","title":"returns range when years differ","duration":3.9407000000001062,"failureMessages":[],"meta":{},"tags":[]},{"ancestorTitles":["getYearRange"],"fullName":"getYearRange uses current date when end is not provided","status":"passed","title":"uses current date when end is not provided","duration":4.003600000000006,"failureMessages":[],"meta":{},"tags":[]},{"ancestorTitles":["getYearRange"],"fullName":"getYearRange handles string inputs","status":"passed","title":"handles string inputs","duration":3.978800000000774,"failureMessages":[],"meta":{},"tags":[]}],"startTime":1776827254755,"endTime":1776827254760.201,"status":"passed","message":"","name":"C:/Users/trevo/Desktop/trevorplam/tests/unit/date.test.ts"},{"assertionResults":[{"ancestorTitles":["formatCurrency"],"fullName":"formatCurrency formats positive numbers as USD by default","status":"passed","title":"formats positive numbers as USD by default","duration":6.820400000000518,"failureMessages":[],"meta":{},"tags":[]},{"ancestorTitles":["formatCurrency"],"fullName":"formatCurrency formats zero correctly","status":"passed","title":"formats zero correctly","duration":6.318600000000515,"failureMessages":[],"meta":{},"tags":[]},{"ancestorTitles":["formatCurrency"],"fullName":"formatCurrency formats negative numbers","status":"passed","title":"formats negative numbers","duration":6.267699999998513,"failureMessages":[],"meta":{},"tags":[]},{"ancestorTitles":["formatCurrency"],"fullName":"formatCurrency supports different currencies","status":"passed","title":"supports different currencies","duration":6.226799999998548,"failureMessages":[],"meta":{},"tags":[]},{"ancestorTitles":["formatCurrency"],"fullName":"formatCurrency rounds decimals","status":"passed","title":"rounds decimals","duration":6.061499999999796,"failureMessages":[],"meta":{},"tags":[]},{"ancestorTitles":["formatPercentage"],"fullName":"formatPercentage formats whole numbers","status":"passed","title":"formats whole numbers","duration":6.376900000001115,"failureMessages":[],"meta":{},"tags":[]},{"ancestorTitles":["formatPercentage"],"fullName":"formatPercentage formats decimal numbers","status":"passed","title":"formats decimal numbers","duration":6.3487999999997555,"failureMessages":[],"meta":{},"tags":[]},{"ancestorTitles":["formatPercentage"],"fullName":"formatPercentage respects custom decimal places","status":"passed","title":"respects custom decimal places","duration":6.311799999999494,"failureMessages":[],"meta":{},"tags":[]},{"ancestorTitles":["formatPercentage"],"fullName":"formatPercentage formats zero and negative","status":"passed","title":"formats zero and negative","duration":6.281499999999141,"failureMessages":[],"meta":{},"tags":[]},{"ancestorTitles":["formatCompactNumber"],"fullName":"formatCompactNumber formats thousands with K","status":"passed","title":"formats thousands with K","duration":6.249699999998484,"failureMessages":[],"meta":{},"tags":[]},{"ancestorTitles":["formatCompactNumber"],"fullName":"formatCompactNumber formats millions with M","status":"passed","title":"formats millions with M","duration":6.739400000000387,"failureMessages":[],"meta":{},"tags":[]},{"ancestorTitles":["formatCompactNumber"],"fullName":"formatCompactNumber formats billions with B","status":"passed","title":"formats billions with B","duration":6.719100000000253,"failureMessages":[],"meta":{},"tags":[]},{"ancestorTitles":["formatCompactNumber"],"fullName":"formatCompactNumber keeps small numbers as-is","status":"passed","title":"keeps small numbers as-is","duration":6.697199999998702,"failureMessages":[],"meta":{},"tags":[]},{"ancestorTitles":["formatCompactNumber"],"fullName":"formatCompactNumber handles zero","status":"passed","title":"handles zero","duration":6.675900000000183,"failureMessages":[],"meta":{},"tags":[]},{"ancestorTitles":["slugify"],"fullName":"slugify converts to lowercase","status":"passed","title":"converts to lowercase","duration":6.664499999998952,"failureMessages":[],"meta":{},"tags":[]},{"ancestorTitles":["slugify"],"fullName":"slugify replaces spaces with hyphens","status":"passed","title":"replaces spaces with hyphens","duration":6.680200000000696,"failureMessages":[],"meta":{},"tags":[]},{"ancestorTitles":["slugify"],"fullName":"slugify removes special characters","status":"passed","title":"removes special characters","duration":6.664800000000469,"failureMessages":[],"meta":{},"tags":[]},{"ancestorTitles":["slugify"],"fullName":"slugify removes leading/trailing hyphens","status":"passed","title":"removes leading/trailing hyphens","duration":6.648700000001554,"failureMessages":[],"meta":{},"tags":[]},{"ancestorTitles":["slugify"],"fullName":"slugify collapses multiple separators","status":"passed","title":"collapses multiple separators","duration":6.632999999999811,"failureMessages":[],"meta":{},"tags":[]},{"ancestorTitles":["slugify"],"fullName":"slugify handles empty string","status":"passed","title":"handles empty string","duration":6.621900000000096,"failureMessages":[],"meta":{},"tags":[]},{"ancestorTitles":["truncate"],"fullName":"truncate returns original if shorter than max","status":"passed","title":"returns original if shorter than max","duration":6.62880000000041,"failureMessages":[],"meta":{},"tags":[]},{"ancestorTitles":["truncate"],"fullName":"truncate truncates long strings","status":"passed","title":"truncates long strings","duration":6.612300000000687,"failureMessages":[],"meta":{},"tags":[]},{"ancestorTitles":["truncate"],"fullName":"truncate uses custom suffix","status":"passed","title":"uses custom suffix","duration":6.585699999999633,"failureMessages":[],"meta":{},"tags":[]},{"ancestorTitles":["truncate"],"fullName":"truncate handles exact length","status":"passed","title":"handles exact length","duration":6.563000000000102,"failureMessages":[],"meta":{},"tags":[]},{"ancestorTitles":["truncate"],"fullName":"truncate handles empty string","status":"passed","title":"handles empty string","duration":6.548099999999977,"failureMessages":[],"meta":{},"tags":[]},{"ancestorTitles":["toTitleCase"],"fullName":"toTitleCase capitalizes first letter of each word","status":"passed","title":"capitalizes first letter of each word","duration":6.5446999999985565,"failureMessages":[],"meta":{},"tags":[]},{"ancestorTitles":["toTitleCase"],"fullName":"toTitleCase handles single word","status":"passed","title":"handles single word","duration":6.529000000000451,"failureMessages":[],"meta":{},"tags":[]},{"ancestorTitles":["toTitleCase"],"fullName":"toTitleCase lowercases rest of word","status":"passed","title":"lowercases rest of word","duration":6.512199999999211,"failureMessages":[],"meta":{},"tags":[]},{"ancestorTitles":["toTitleCase"],"fullName":"toTitleCase handles multiple spaces","status":"passed","title":"handles multiple spaces","duration":6.4966999999996915,"failureMessages":[],"meta":{},"tags":[]},{"ancestorTitles":["toTitleCase"],"fullName":"toTitleCase handles empty string","status":"passed","title":"handles empty string","duration":6.4465000000000146,"failureMessages":[],"meta":{},"tags":[]}],"startTime":1776827255353,"endTime":1776827255360.7395,"status":"passed","message":"","name":"C:/Users/trevo/Desktop/trevorplam/tests/unit/formatters.test.ts"},{"assertionResults":[{"ancestorTitles":["isValidEmail"],"fullName":"isValidEmail returns true for valid emails","status":"passed","title":"returns true for valid emails","duration":5.6557999999995445,"failureMessages":[],"meta":{},"tags":[]},{"ancestorTitles":["isValidEmail"],"fullName":"isValidEmail returns false for invalid emails","status":"passed","title":"returns false for invalid emails","duration":5.201000000000022,"failureMessages":[],"meta":{},"tags":[]},{"ancestorTitles":["isValidEmail"],"fullName":"isValidEmail returns false for non-strings","status":"passed","title":"returns false for non-strings","duration":5.151600000000144,"failureMessages":[],"meta":{},"tags":[]},{"ancestorTitles":["isValidUrl"],"fullName":"isValidUrl returns true for valid URLs with allowed protocols","status":"passed","title":"returns true for valid URLs with allowed protocols","duration":5.127700000000004,"failureMessages":[],"meta":{},"tags":[]},{"ancestorTitles":["isValidUrl"],"fullName":"isValidUrl returns false for invalid URLs","status":"passed","title":"returns false for invalid URLs","duration":5.107199999999466,"failureMessages":[],"meta":{},"tags":[]},{"ancestorTitles":["isValidUrl"],"fullName":"isValidUrl blocks dangerous protocols","status":"passed","title":"blocks dangerous protocols","duration":5.633700000000317,"failureMessages":[],"meta":{},"tags":[]},{"ancestorTitles":["isValidUrl"],"fullName":"isValidUrl respects custom allowedProtocols list","status":"passed","title":"respects custom allowedProtocols list","duration":5.609199999999873,"failureMessages":[],"meta":{},"tags":[]},{"ancestorTitles":["isNonEmptyString"],"fullName":"isNonEmptyString returns true for non-empty strings","status":"passed","title":"returns true for non-empty strings","duration":5.579899999999725,"failureMessages":[],"meta":{},"tags":[]},{"ancestorTitles":["isNonEmptyString"],"fullName":"isNonEmptyString returns false for empty strings","status":"passed","title":"returns false for empty strings","duration":5.553199999999379,"failureMessages":[],"meta":{},"tags":[]},{"ancestorTitles":["isNonEmptyString"],"fullName":"isNonEmptyString returns false for non-strings","status":"passed","title":"returns false for non-strings","duration":5.501900000000205,"failureMessages":[],"meta":{},"tags":[]},{"ancestorTitles":["isInRange"],"fullName":"isInRange returns true for numbers within range","status":"passed","title":"returns true for numbers within range","duration":5.756199999999808,"failureMessages":[],"meta":{},"tags":[]},{"ancestorTitles":["isInRange"],"fullName":"isInRange returns false for numbers outside range","status":"passed","title":"returns false for numbers outside range","duration":5.737299999999777,"failureMessages":[],"meta":{},"tags":[]},{"ancestorTitles":["isInRange"],"fullName":"isInRange works with negative ranges","status":"passed","title":"works with negative ranges","duration":5.721199999999953,"failureMessages":[],"meta":{},"tags":[]},{"ancestorTitles":["isInRange"],"fullName":"isInRange works with decimal ranges","status":"passed","title":"works with decimal ranges","duration":5.7051000000001295,"failureMessages":[],"meta":{},"tags":[]},{"ancestorTitles":["all"],"fullName":"all returns true when all items pass predicate","status":"passed","title":"returns true when all items pass predicate","duration":5.689700000000812,"failureMessages":[],"meta":{},"tags":[]},{"ancestorTitles":["all"],"fullName":"all returns false when any item fails predicate","status":"passed","title":"returns false when any item fails predicate","duration":5.712399999999434,"failureMessages":[],"meta":{},"tags":[]},{"ancestorTitles":["all"],"fullName":"all returns true for empty array","status":"passed","title":"returns true for empty array","duration":5.697500000000218,"failureMessages":[],"meta":{},"tags":[]},{"ancestorTitles":["all"],"fullName":"all works with complex predicates","status":"passed","title":"works with complex predicates","duration":5.682299999999486,"failureMessages":[],"meta":{},"tags":[]},{"ancestorTitles":["isValidDate"],"fullName":"isValidDate returns true for valid dates","status":"passed","title":"returns true for valid dates","duration":5.667499999999563,"failureMessages":[],"meta":{},"tags":[]},{"ancestorTitles":["isValidDate"],"fullName":"isValidDate returns false for invalid dates","status":"passed","title":"returns false for invalid dates","duration":5.655299999999443,"failureMessages":[],"meta":{},"tags":[]},{"ancestorTitles":["isValidDate"],"fullName":"isValidDate returns false for non-dates","status":"passed","title":"returns false for non-dates","duration":5.654399999999441,"failureMessages":[],"meta":{},"tags":[]},{"ancestorTitles":["hasRequiredKeys"],"fullName":"hasRequiredKeys returns true when all keys exist and have values","status":"passed","title":"returns true when all keys exist and have values","duration":5.639699999999721,"failureMessages":[],"meta":{},"tags":[]},{"ancestorTitles":["hasRequiredKeys"],"fullName":"hasRequiredKeys returns false when any key is missing","status":"passed","title":"returns false when any key is missing","duration":5.624300000000403,"failureMessages":[],"meta":{},"tags":[]},{"ancestorTitles":["hasRequiredKeys"],"fullName":"hasRequiredKeys returns false for null or undefined values","status":"passed","title":"returns false for null or undefined values","duration":5.611299999999574,"failureMessages":[],"meta":{},"tags":[]},{"ancestorTitles":["hasRequiredKeys"],"fullName":"hasRequiredKeys returns true for falsy but non-null values","status":"passed","title":"returns true for falsy but non-null values","duration":5.597200000000157,"failureMessages":[],"meta":{},"tags":[]},{"ancestorTitles":["hasRequiredKeys"],"fullName":"hasRequiredKeys returns true for empty keys array","status":"passed","title":"returns true for empty keys array","duration":5.590100000000348,"failureMessages":[],"meta":{},"tags":[]}],"startTime":1776827254745,"endTime":1776827254751.756,"status":"passed","message":"","name":"C:/Users/trevo/Desktop/trevorplam/tests/unit/validators.test.ts"}]}