{"numTotalTestSuites":63,"numPassedTestSuites":35,"numFailedTestSuites":28,"numPendingTestSuites":0,"numTotalTests":143,"numPassedTests":89,"numFailedTests":54,"numPendingTests":0,"numTodoTests":0,"snapshot":{"added":0,"failure":false,"filesAdded":0,"filesRemoved":0,"filesRemovedList":[],"filesUnmatched":0,"filesUpdated":0,"matched":0,"total":0,"unchecked":0,"uncheckedKeysByFile":[],"unmatched":0,"updated":0,"didUpdate":false},"startTime":1776819539352,"success":false,"testResults":[{"assertionResults":[{"ancestorTitles":["Footer Component"],"fullName":"Footer Component renders current year dynamically","status":"failed","title":"renders current year dynamically","duration":159.27780000000075,"failureMessages":["NoMatchingRenderer: Unable to render ``.\n\nNo valid renderer was found for this file extension.\n    at renderFrameworkComponent (C:/Users/trevo/trevorplam/node_modules/astro/dist/runtime/server/render/component.js:182:15)\n    at renderComponentToString (C:/Users/trevo/trevorplam/node_modules/astro/dist/runtime/server/render/component.js:426:28)\n    at renderPage (C:/Users/trevo/trevorplam/node_modules/astro/dist/runtime/server/render/page.js:45:13)\n    at lastNext (C:/Users/trevo/trevorplam/node_modules/astro/dist/core/render-context.js:279:25)\n    at NOOP_MIDDLEWARE_FN (C:/Users/trevo/trevorplam/node_modules/astro/dist/core/middleware/noop-middleware.js:3:20)\n    at callMiddleware (C:/Users/trevo/trevorplam/node_modules/astro/dist/core/middleware/callMiddleware.js:11:10)\n    at RenderContext.render (C:/Users/trevo/trevorplam/node_modules/astro/dist/core/render-context.js:313:73)\n    at experimental_AstroContainer.renderToString (C:/Users/trevo/trevorplam/node_modules/astro/dist/container/index.js:258:22)\n    at C:/Users/trevo/trevorplam/tests/components/Footer.test.ts:18:20\n    at file:///C:/Users/trevo/trevorplam/node_modules/@vitest/runner/dist/chunk-artifact.js:1903:20"],"meta":{},"tags":[]},{"ancestorTitles":["Footer Component"],"fullName":"Footer Component renders availability statement","status":"failed","title":"renders availability statement","duration":158.60869999999977,"failureMessages":["NoMatchingRenderer: Unable to render ``.\n\nNo valid renderer was found for this file extension.\n    at renderFrameworkComponent (C:/Users/trevo/trevorplam/node_modules/astro/dist/runtime/server/render/component.js:182:15)\n    at renderComponentToString (C:/Users/trevo/trevorplam/node_modules/astro/dist/runtime/server/render/component.js:426:28)\n    at renderPage (C:/Users/trevo/trevorplam/node_modules/astro/dist/runtime/server/render/page.js:45:13)\n    at lastNext (C:/Users/trevo/trevorplam/node_modules/astro/dist/core/render-context.js:279:25)\n    at NOOP_MIDDLEWARE_FN (C:/Users/trevo/trevorplam/node_modules/astro/dist/core/middleware/noop-middleware.js:3:20)\n    at callMiddleware (C:/Users/trevo/trevorplam/node_modules/astro/dist/core/middleware/callMiddleware.js:11:10)\n    at RenderContext.render (C:/Users/trevo/trevorplam/node_modules/astro/dist/core/render-context.js:313:73)\n    at experimental_AstroContainer.renderToString (C:/Users/trevo/trevorplam/node_modules/astro/dist/container/index.js:258:22)\n    at C:/Users/trevo/trevorplam/tests/components/Footer.test.ts:28:20\n    at file:///C:/Users/trevo/trevorplam/node_modules/@vitest/runner/dist/chunk-artifact.js:1903:20"],"meta":{},"tags":[]},{"ancestorTitles":["Footer Component"],"fullName":"Footer Component renders LinkedIn link with proper attributes","status":"failed","title":"renders LinkedIn link with proper attributes","duration":158.5549000000001,"failureMessages":["NoMatchingRenderer: Unable to render ``.\n\nNo valid renderer was found for this file extension.\n    at renderFrameworkComponent (C:/Users/trevo/trevorplam/node_modules/astro/dist/runtime/server/render/component.js:182:15)\n    at renderComponentToString (C:/Users/trevo/trevorplam/node_modules/astro/dist/runtime/server/render/component.js:426:28)\n    at renderPage (C:/Users/trevo/trevorplam/node_modules/astro/dist/runtime/server/render/page.js:45:13)\n    at lastNext (C:/Users/trevo/trevorplam/node_modules/astro/dist/core/render-context.js:279:25)\n    at NOOP_MIDDLEWARE_FN (C:/Users/trevo/trevorplam/node_modules/astro/dist/core/middleware/noop-middleware.js:3:20)\n    at callMiddleware (C:/Users/trevo/trevorplam/node_modules/astro/dist/core/middleware/callMiddleware.js:11:10)\n    at RenderContext.render (C:/Users/trevo/trevorplam/node_modules/astro/dist/core/render-context.js:313:73)\n    at experimental_AstroContainer.renderToString (C:/Users/trevo/trevorplam/node_modules/astro/dist/container/index.js:258:22)\n    at C:/Users/trevo/trevorplam/tests/components/Footer.test.ts:34:20\n    at file:///C:/Users/trevo/trevorplam/node_modules/@vitest/runner/dist/chunk-artifact.js:1903:20"],"meta":{},"tags":[]},{"ancestorTitles":["Footer Component"],"fullName":"Footer Component renders email link with proper attributes","status":"failed","title":"renders email link with proper attributes","duration":160.03279999999995,"failureMessages":["NoMatchingRenderer: Unable to render ``.\n\nNo valid renderer was found for this file extension.\n    at renderFrameworkComponent (C:/Users/trevo/trevorplam/node_modules/astro/dist/runtime/server/render/component.js:182:15)\n    at renderComponentToString (C:/Users/trevo/trevorplam/node_modules/astro/dist/runtime/server/render/component.js:426:28)\n    at renderPage (C:/Users/trevo/trevorplam/node_modules/astro/dist/runtime/server/render/page.js:45:13)\n    at lastNext (C:/Users/trevo/trevorplam/node_modules/astro/dist/core/render-context.js:279:25)\n    at NOOP_MIDDLEWARE_FN (C:/Users/trevo/trevorplam/node_modules/astro/dist/core/middleware/noop-middleware.js:3:20)\n    at callMiddleware (C:/Users/trevo/trevorplam/node_modules/astro/dist/core/middleware/callMiddleware.js:11:10)\n    at RenderContext.render (C:/Users/trevo/trevorplam/node_modules/astro/dist/core/render-context.js:313:73)\n    at experimental_AstroContainer.renderToString (C:/Users/trevo/trevorplam/node_modules/astro/dist/container/index.js:258:22)\n    at C:/Users/trevo/trevorplam/tests/components/Footer.test.ts:43:20\n    at file:///C:/Users/trevo/trevorplam/node_modules/@vitest/runner/dist/chunk-artifact.js:1903:20"],"meta":{},"tags":[]},{"ancestorTitles":["Footer Component"],"fullName":"Footer Component has proper semantic structure","status":"failed","title":"has proper semantic structure","duration":160.0072,"failureMessages":["NoMatchingRenderer: Unable to render ``.\n\nNo valid renderer was found for this file extension.\n    at renderFrameworkComponent (C:/Users/trevo/trevorplam/node_modules/astro/dist/runtime/server/render/component.js:182:15)\n    at renderComponentToString (C:/Users/trevo/trevorplam/node_modules/astro/dist/runtime/server/render/component.js:426:28)\n    at renderPage (C:/Users/trevo/trevorplam/node_modules/astro/dist/runtime/server/render/page.js:45:13)\n    at lastNext (C:/Users/trevo/trevorplam/node_modules/astro/dist/core/render-context.js:279:25)\n    at NOOP_MIDDLEWARE_FN (C:/Users/trevo/trevorplam/node_modules/astro/dist/core/middleware/noop-middleware.js:3:20)\n    at callMiddleware (C:/Users/trevo/trevorplam/node_modules/astro/dist/core/middleware/callMiddleware.js:11:10)\n    at RenderContext.render (C:/Users/trevo/trevorplam/node_modules/astro/dist/core/render-context.js:313:73)\n    at experimental_AstroContainer.renderToString (C:/Users/trevo/trevorplam/node_modules/astro/dist/container/index.js:258:22)\n    at C:/Users/trevo/trevorplam/tests/components/Footer.test.ts:50:20\n    at file:///C:/Users/trevo/trevorplam/node_modules/@vitest/runner/dist/chunk-artifact.js:1903:20"],"meta":{},"tags":[]},{"ancestorTitles":["Footer Component"],"fullName":"Footer Component has responsive design classes","status":"failed","title":"has responsive design classes","duration":160.32830000000013,"failureMessages":["NoMatchingRenderer: Unable to render ``.\n\nNo valid renderer was found for this file extension.\n    at renderFrameworkComponent (C:/Users/trevo/trevorplam/node_modules/astro/dist/runtime/server/render/component.js:182:15)\n    at renderComponentToString (C:/Users/trevo/trevorplam/node_modules/astro/dist/runtime/server/render/component.js:426:28)\n    at renderPage (C:/Users/trevo/trevorplam/node_modules/astro/dist/runtime/server/render/page.js:45:13)\n    at lastNext (C:/Users/trevo/trevorplam/node_modules/astro/dist/core/render-context.js:279:25)\n    at NOOP_MIDDLEWARE_FN (C:/Users/trevo/trevorplam/node_modules/astro/dist/core/middleware/noop-middleware.js:3:20)\n    at callMiddleware (C:/Users/trevo/trevorplam/node_modules/astro/dist/core/middleware/callMiddleware.js:11:10)\n    at RenderContext.render (C:/Users/trevo/trevorplam/node_modules/astro/dist/core/render-context.js:313:73)\n    at experimental_AstroContainer.renderToString (C:/Users/trevo/trevorplam/node_modules/astro/dist/container/index.js:258:22)\n    at C:/Users/trevo/trevorplam/tests/components/Footer.test.ts:58:20\n    at file:///C:/Users/trevo/trevorplam/node_modules/@vitest/runner/dist/chunk-artifact.js:1903:20"],"meta":{},"tags":[]},{"ancestorTitles":["Footer Component"],"fullName":"Footer Component has proper styling classes","status":"failed","title":"has proper styling classes","duration":160.27150000000074,"failureMessages":["NoMatchingRenderer: Unable to render ``.\n\nNo valid renderer was found for this file extension.\n    at renderFrameworkComponent (C:/Users/trevo/trevorplam/node_modules/astro/dist/runtime/server/render/component.js:182:15)\n    at renderComponentToString (C:/Users/trevo/trevorplam/node_modules/astro/dist/runtime/server/render/component.js:426:28)\n    at renderPage (C:/Users/trevo/trevorplam/node_modules/astro/dist/runtime/server/render/page.js:45:13)\n    at lastNext (C:/Users/trevo/trevorplam/node_modules/astro/dist/core/render-context.js:279:25)\n    at NOOP_MIDDLEWARE_FN (C:/Users/trevo/trevorplam/node_modules/astro/dist/core/middleware/noop-middleware.js:3:20)\n    at callMiddleware (C:/Users/trevo/trevorplam/node_modules/astro/dist/core/middleware/callMiddleware.js:11:10)\n    at RenderContext.render (C:/Users/trevo/trevorplam/node_modules/astro/dist/core/render-context.js:313:73)\n    at experimental_AstroContainer.renderToString (C:/Users/trevo/trevorplam/node_modules/astro/dist/container/index.js:258:22)\n    at C:/Users/trevo/trevorplam/tests/components/Footer.test.ts:68:20\n    at file:///C:/Users/trevo/trevorplam/node_modules/@vitest/runner/dist/chunk-artifact.js:1903:20"],"meta":{},"tags":[]}],"startTime":1776819541994,"endTime":1776819542156.2715,"status":"failed","message":"","name":"C:/Users/trevo/trevorplam/tests/components/Footer.test.ts"},{"assertionResults":[{"ancestorTitles":["MetricCard Component - Behavior Based Tests"],"fullName":"MetricCard Component - Behavior Based Tests renders metric card with meaningful content","status":"failed","title":"renders metric card with meaningful content","duration":57.20060000000012,"failureMessages":["NoMatchingRenderer: Unable to render ``.\n\nNo valid renderer was found for this file extension.\n    at renderFrameworkComponent (C:/Users/trevo/trevorplam/node_modules/astro/dist/runtime/server/render/component.js:182:15)\n    at renderComponentToString (C:/Users/trevo/trevorplam/node_modules/astro/dist/runtime/server/render/component.js:426:28)\n    at renderPage (C:/Users/trevo/trevorplam/node_modules/astro/dist/runtime/server/render/page.js:45:13)\n    at lastNext (C:/Users/trevo/trevorplam/node_modules/astro/dist/core/render-context.js:279:25)\n    at NOOP_MIDDLEWARE_FN (C:/Users/trevo/trevorplam/node_modules/astro/dist/core/middleware/noop-middleware.js:3:20)\n    at callMiddleware (C:/Users/trevo/trevorplam/node_modules/astro/dist/core/middleware/callMiddleware.js:11:10)\n    at RenderContext.render (C:/Users/trevo/trevorplam/node_modules/astro/dist/core/render-context.js:313:73)\n    at experimental_AstroContainer.renderToString (C:/Users/trevo/trevorplam/node_modules/astro/dist/container/index.js:258:22)\n    at C:/Users/trevo/trevorplam/tests/components/MetricCard.behavior.test.ts:17:20\n    at file:///C:/Users/trevo/trevorplam/node_modules/@vitest/runner/dist/chunk-artifact.js:1903:20"],"meta":{},"tags":[]},{"ancestorTitles":["MetricCard Component - Behavior Based Tests"],"fullName":"MetricCard Component - Behavior Based Tests renders metric card without optional props","status":"failed","title":"renders metric card without optional props","duration":56.354599999999664,"failureMessages":["NoMatchingRenderer: Unable to render ``.\n\nNo valid renderer was found for this file extension.\n    at renderFrameworkComponent (C:/Users/trevo/trevorplam/node_modules/astro/dist/runtime/server/render/component.js:182:15)\n    at renderComponentToString (C:/Users/trevo/trevorplam/node_modules/astro/dist/runtime/server/render/component.js:426:28)\n    at renderPage (C:/Users/trevo/trevorplam/node_modules/astro/dist/runtime/server/render/page.js:45:13)\n    at lastNext (C:/Users/trevo/trevorplam/node_modules/astro/dist/core/render-context.js:279:25)\n    at NOOP_MIDDLEWARE_FN (C:/Users/trevo/trevorplam/node_modules/astro/dist/core/middleware/noop-middleware.js:3:20)\n    at callMiddleware (C:/Users/trevo/trevorplam/node_modules/astro/dist/core/middleware/callMiddleware.js:11:10)\n    at RenderContext.render (C:/Users/trevo/trevorplam/node_modules/astro/dist/core/render-context.js:313:73)\n    at experimental_AstroContainer.renderToString (C:/Users/trevo/trevorplam/node_modules/astro/dist/container/index.js:258:22)\n    at C:/Users/trevo/trevorplam/tests/components/MetricCard.behavior.test.ts:36:20\n    at file:///C:/Users/trevo/trevorplam/node_modules/@vitest/runner/dist/chunk-artifact.js:1903:20"],"meta":{},"tags":[]},{"ancestorTitles":["MetricCard Component - Behavior Based Tests"],"fullName":"MetricCard Component - Behavior Based Tests renders accessible link structure","status":"failed","title":"renders accessible link structure","duration":56.268699999999626,"failureMessages":["NoMatchingRenderer: Unable to render ``.\n\nNo valid renderer was found for this file extension.\n    at renderFrameworkComponent (C:/Users/trevo/trevorplam/node_modules/astro/dist/runtime/server/render/component.js:182:15)\n    at renderComponentToString (C:/Users/trevo/trevorplam/node_modules/astro/dist/runtime/server/render/component.js:426:28)\n    at renderPage (C:/Users/trevo/trevorplam/node_modules/astro/dist/runtime/server/render/page.js:45:13)\n    at lastNext (C:/Users/trevo/trevorplam/node_modules/astro/dist/core/render-context.js:279:25)\n    at NOOP_MIDDLEWARE_FN (C:/Users/trevo/trevorplam/node_modules/astro/dist/core/middleware/noop-middleware.js:3:20)\n    at callMiddleware (C:/Users/trevo/trevorplam/node_modules/astro/dist/core/middleware/callMiddleware.js:11:10)\n    at RenderContext.render (C:/Users/trevo/trevorplam/node_modules/astro/dist/core/render-context.js:313:73)\n    at experimental_AstroContainer.renderToString (C:/Users/trevo/trevorplam/node_modules/astro/dist/container/index.js:258:22)\n    at C:/Users/trevo/trevorplam/tests/components/MetricCard.behavior.test.ts:53:20\n    at file:///C:/Users/trevo/trevorplam/node_modules/@vitest/runner/dist/chunk-artifact.js:1903:20"],"meta":{},"tags":[]}],"startTime":1776819544461,"endTime":1776819544518.3545,"status":"failed","message":"","name":"C:/Users/trevo/trevorplam/tests/components/MetricCard.behavior.test.ts"},{"assertionResults":[{"ancestorTitles":["MetricCard Component"],"fullName":"MetricCard Component renders metric card with all props","status":"failed","title":"renders metric card with all props","duration":52.69709999999941,"failureMessages":["NoMatchingRenderer: Unable to render ``.\n\nNo valid renderer was found for this file extension.\n    at renderFrameworkComponent (C:/Users/trevo/trevorplam/node_modules/astro/dist/runtime/server/render/component.js:182:15)\n    at renderComponentToString (C:/Users/trevo/trevorplam/node_modules/astro/dist/runtime/server/render/component.js:426:28)\n    at renderPage (C:/Users/trevo/trevorplam/node_modules/astro/dist/runtime/server/render/page.js:45:13)\n    at lastNext (C:/Users/trevo/trevorplam/node_modules/astro/dist/core/render-context.js:279:25)\n    at NOOP_MIDDLEWARE_FN (C:/Users/trevo/trevorplam/node_modules/astro/dist/core/middleware/noop-middleware.js:3:20)\n    at callMiddleware (C:/Users/trevo/trevorplam/node_modules/astro/dist/core/middleware/callMiddleware.js:11:10)\n    at RenderContext.render (C:/Users/trevo/trevorplam/node_modules/astro/dist/core/render-context.js:313:73)\n    at experimental_AstroContainer.renderToString (C:/Users/trevo/trevorplam/node_modules/astro/dist/container/index.js:258:22)\n    at C:/Users/trevo/trevorplam/tests/components/MetricCard.test.ts:20:20\n    at file:///C:/Users/trevo/trevorplam/node_modules/@vitest/runner/dist/chunk-artifact.js:1903:20"],"meta":{},"tags":[]},{"ancestorTitles":["MetricCard Component"],"fullName":"MetricCard Component renders metric card without optional props","status":"failed","title":"renders metric card without optional props","duration":51.83800000000065,"failureMessages":["NoMatchingRenderer: Unable to render ``.\n\nNo valid renderer was found for this file extension.\n    at renderFrameworkComponent (C:/Users/trevo/trevorplam/node_modules/astro/dist/runtime/server/render/component.js:182:15)\n    at renderComponentToString (C:/Users/trevo/trevorplam/node_modules/astro/dist/runtime/server/render/component.js:426:28)\n    at renderPage (C:/Users/trevo/trevorplam/node_modules/astro/dist/runtime/server/render/page.js:45:13)\n    at lastNext (C:/Users/trevo/trevorplam/node_modules/astro/dist/core/render-context.js:279:25)\n    at NOOP_MIDDLEWARE_FN (C:/Users/trevo/trevorplam/node_modules/astro/dist/core/middleware/noop-middleware.js:3:20)\n    at callMiddleware (C:/Users/trevo/trevorplam/node_modules/astro/dist/core/middleware/callMiddleware.js:11:10)\n    at RenderContext.render (C:/Users/trevo/trevorplam/node_modules/astro/dist/core/render-context.js:313:73)\n    at experimental_AstroContainer.renderToString (C:/Users/trevo/trevorplam/node_modules/astro/dist/container/index.js:258:22)\n    at C:/Users/trevo/trevorplam/tests/components/MetricCard.test.ts:46:20\n    at file:///C:/Users/trevo/trevorplam/node_modules/@vitest/runner/dist/chunk-artifact.js:1903:20"],"meta":{},"tags":[]},{"ancestorTitles":["MetricCard Component"],"fullName":"MetricCard Component renders accessible link structure","status":"failed","title":"renders accessible link structure","duration":51.740600000000086,"failureMessages":["NoMatchingRenderer: Unable to render ``.\n\nNo valid renderer was found for this file extension.\n    at renderFrameworkComponent (C:/Users/trevo/trevorplam/node_modules/astro/dist/runtime/server/render/component.js:182:15)\n    at renderComponentToString (C:/Users/trevo/trevorplam/node_modules/astro/dist/runtime/server/render/component.js:426:28)\n    at renderPage (C:/Users/trevo/trevorplam/node_modules/astro/dist/runtime/server/render/page.js:45:13)\n    at lastNext (C:/Users/trevo/trevorplam/node_modules/astro/dist/core/render-context.js:279:25)\n    at NOOP_MIDDLEWARE_FN (C:/Users/trevo/trevorplam/node_modules/astro/dist/core/middleware/noop-middleware.js:3:20)\n    at callMiddleware (C:/Users/trevo/trevorplam/node_modules/astro/dist/core/middleware/callMiddleware.js:11:10)\n    at RenderContext.render (C:/Users/trevo/trevorplam/node_modules/astro/dist/core/render-context.js:313:73)\n    at experimental_AstroContainer.renderToString (C:/Users/trevo/trevorplam/node_modules/astro/dist/container/index.js:258:22)\n    at C:/Users/trevo/trevorplam/tests/components/MetricCard.test.ts:68:20\n    at file:///C:/Users/trevo/trevorplam/node_modules/@vitest/runner/dist/chunk-artifact.js:1903:20"],"meta":{},"tags":[]}],"startTime":1776819544555,"endTime":1776819544607.838,"status":"failed","message":"","name":"C:/Users/trevo/trevorplam/tests/components/MetricCard.test.ts"},{"assertionResults":[{"ancestorTitles":["Navigation Component - Behavior Based Tests"],"fullName":"Navigation Component - Behavior Based Tests provides access to main navigation sections","status":"failed","title":"provides access to main navigation sections","duration":92.28510000000006,"failureMessages":["NoMatchingRenderer: Unable to render ``.\n\nNo valid renderer was found for this file extension.\n    at renderFrameworkComponent (C:/Users/trevo/trevorplam/node_modules/astro/dist/runtime/server/render/component.js:182:15)\n    at renderComponentToString (C:/Users/trevo/trevorplam/node_modules/astro/dist/runtime/server/render/component.js:426:28)\n    at renderPage (C:/Users/trevo/trevorplam/node_modules/astro/dist/runtime/server/render/page.js:45:13)\n    at lastNext (C:/Users/trevo/trevorplam/node_modules/astro/dist/core/render-context.js:279:25)\n    at NOOP_MIDDLEWARE_FN (C:/Users/trevo/trevorplam/node_modules/astro/dist/core/middleware/noop-middleware.js:3:20)\n    at callMiddleware (C:/Users/trevo/trevorplam/node_modules/astro/dist/core/middleware/callMiddleware.js:11:10)\n    at RenderContext.render (C:/Users/trevo/trevorplam/node_modules/astro/dist/core/render-context.js:313:73)\n    at experimental_AstroContainer.renderToString (C:/Users/trevo/trevorplam/node_modules/astro/dist/container/index.js:258:22)\n    at C:/Users/trevo/trevorplam/tests/components/Navigation.behavior.test.ts:9:20\n    at file:///C:/Users/trevo/trevorplam/node_modules/@vitest/runner/dist/chunk-artifact.js:1903:20"],"meta":{},"tags":[]},{"ancestorTitles":["Navigation Component - Behavior Based Tests"],"fullName":"Navigation Component - Behavior Based Tests desktop navigation links are accessible and functional","status":"failed","title":"desktop navigation links are accessible and functional","duration":87.11809999999969,"failureMessages":["NoMatchingRenderer: Unable to render ``.\n\nNo valid renderer was found for this file extension.\n    at renderFrameworkComponent (C:/Users/trevo/trevorplam/node_modules/astro/dist/runtime/server/render/component.js:182:15)\n    at renderComponentToString (C:/Users/trevo/trevorplam/node_modules/astro/dist/runtime/server/render/component.js:426:28)\n    at renderPage (C:/Users/trevo/trevorplam/node_modules/astro/dist/runtime/server/render/page.js:45:13)\n    at lastNext (C:/Users/trevo/trevorplam/node_modules/astro/dist/core/render-context.js:279:25)\n    at NOOP_MIDDLEWARE_FN (C:/Users/trevo/trevorplam/node_modules/astro/dist/core/middleware/noop-middleware.js:3:20)\n    at callMiddleware (C:/Users/trevo/trevorplam/node_modules/astro/dist/core/middleware/callMiddleware.js:11:10)\n    at RenderContext.render (C:/Users/trevo/trevorplam/node_modules/astro/dist/core/render-context.js:313:73)\n    at experimental_AstroContainer.renderToString (C:/Users/trevo/trevorplam/node_modules/astro/dist/container/index.js:258:22)\n    at C:/Users/trevo/trevorplam/tests/components/Navigation.behavior.test.ts:24:20\n    at file:///C:/Users/trevo/trevorplam/node_modules/@vitest/runner/dist/chunk-artifact.js:1903:20"],"meta":{},"tags":[]},{"ancestorTitles":["Navigation Component - Behavior Based Tests"],"fullName":"Navigation Component - Behavior Based Tests mobile menu button meets accessibility standards","status":"failed","title":"mobile menu button meets accessibility standards","duration":86.81840000000011,"failureMessages":["NoMatchingRenderer: Unable to render ``.\n\nNo valid renderer was found for this file extension.\n    at renderFrameworkComponent (C:/Users/trevo/trevorplam/node_modules/astro/dist/runtime/server/render/component.js:182:15)\n    at renderComponentToString (C:/Users/trevo/trevorplam/node_modules/astro/dist/runtime/server/render/component.js:426:28)\n    at renderPage (C:/Users/trevo/trevorplam/node_modules/astro/dist/runtime/server/render/page.js:45:13)\n    at lastNext (C:/Users/trevo/trevorplam/node_modules/astro/dist/core/render-context.js:279:25)\n    at NOOP_MIDDLEWARE_FN (C:/Users/trevo/trevorplam/node_modules/astro/dist/core/middleware/noop-middleware.js:3:20)\n    at callMiddleware (C:/Users/trevo/trevorplam/node_modules/astro/dist/core/middleware/callMiddleware.js:11:10)\n    at RenderContext.render (C:/Users/trevo/trevorplam/node_modules/astro/dist/core/render-context.js:313:73)\n    at experimental_AstroContainer.renderToString (C:/Users/trevo/trevorplam/node_modules/astro/dist/container/index.js:258:22)\n    at C:/Users/trevo/trevorplam/tests/components/Navigation.behavior.test.ts:37:20\n    at file:///C:/Users/trevo/trevorplam/node_modules/@vitest/runner/dist/chunk-artifact.js:1903:20"],"meta":{},"tags":[]},{"ancestorTitles":["Navigation Component - Behavior Based Tests"],"fullName":"Navigation Component - Behavior Based Tests navigation structure is semantic and responsive","status":"failed","title":"navigation structure is semantic and responsive","duration":86.7462000000005,"failureMessages":["NoMatchingRenderer: Unable to render ``.\n\nNo valid renderer was found for this file extension.\n    at renderFrameworkComponent (C:/Users/trevo/trevorplam/node_modules/astro/dist/runtime/server/render/component.js:182:15)\n    at renderComponentToString (C:/Users/trevo/trevorplam/node_modules/astro/dist/runtime/server/render/component.js:426:28)\n    at renderPage (C:/Users/trevo/trevorplam/node_modules/astro/dist/runtime/server/render/page.js:45:13)\n    at lastNext (C:/Users/trevo/trevorplam/node_modules/astro/dist/core/render-context.js:279:25)\n    at NOOP_MIDDLEWARE_FN (C:/Users/trevo/trevorplam/node_modules/astro/dist/core/middleware/noop-middleware.js:3:20)\n    at callMiddleware (C:/Users/trevo/trevorplam/node_modules/astro/dist/core/middleware/callMiddleware.js:11:10)\n    at RenderContext.render (C:/Users/trevo/trevorplam/node_modules/astro/dist/core/render-context.js:313:73)\n    at experimental_AstroContainer.renderToString (C:/Users/trevo/trevorplam/node_modules/astro/dist/container/index.js:258:22)\n    at C:/Users/trevo/trevorplam/tests/components/Navigation.behavior.test.ts:49:20\n    at file:///C:/Users/trevo/trevorplam/node_modules/@vitest/runner/dist/chunk-artifact.js:1903:20"],"meta":{},"tags":[]},{"ancestorTitles":["Navigation Component - Behavior Based Tests"],"fullName":"Navigation Component - Behavior Based Tests navigation links have proper accessibility attributes","status":"failed","title":"navigation links have proper accessibility attributes","duration":86.72460000000046,"failureMessages":["NoMatchingRenderer: Unable to render ``.\n\nNo valid renderer was found for this file extension.\n    at renderFrameworkComponent (C:/Users/trevo/trevorplam/node_modules/astro/dist/runtime/server/render/component.js:182:15)\n    at renderComponentToString (C:/Users/trevo/trevorplam/node_modules/astro/dist/runtime/server/render/component.js:426:28)\n    at renderPage (C:/Users/trevo/trevorplam/node_modules/astro/dist/runtime/server/render/page.js:45:13)\n    at lastNext (C:/Users/trevo/trevorplam/node_modules/astro/dist/core/render-context.js:279:25)\n    at NOOP_MIDDLEWARE_FN (C:/Users/trevo/trevorplam/node_modules/astro/dist/core/middleware/noop-middleware.js:3:20)\n    at callMiddleware (C:/Users/trevo/trevorplam/node_modules/astro/dist/core/middleware/callMiddleware.js:11:10)\n    at RenderContext.render (C:/Users/trevo/trevorplam/node_modules/astro/dist/core/render-context.js:313:73)\n    at experimental_AstroContainer.renderToString (C:/Users/trevo/trevorplam/node_modules/astro/dist/container/index.js:258:22)\n    at C:/Users/trevo/trevorplam/tests/components/Navigation.behavior.test.ts:61:20\n    at file:///C:/Users/trevo/trevorplam/node_modules/@vitest/runner/dist/chunk-artifact.js:1903:20"],"meta":{},"tags":[]}],"startTime":1776819544298,"endTime":1776819544391.1182,"status":"failed","message":"","name":"C:/Users/trevo/trevorplam/tests/components/Navigation.behavior.test.ts"},{"assertionResults":[{"ancestorTitles":["Navigation Component"],"fullName":"Navigation Component renders site title and navigation links","status":"failed","title":"renders site title and navigation links","duration":181.17050000000017,"failureMessages":["NoMatchingRenderer: Unable to render ``.\n\nNo valid renderer was found for this file extension.\n    at renderFrameworkComponent (C:/Users/trevo/trevorplam/node_modules/astro/dist/runtime/server/render/component.js:182:15)\n    at renderComponentToString (C:/Users/trevo/trevorplam/node_modules/astro/dist/runtime/server/render/component.js:426:28)\n    at renderPage (C:/Users/trevo/trevorplam/node_modules/astro/dist/runtime/server/render/page.js:45:13)\n    at lastNext (C:/Users/trevo/trevorplam/node_modules/astro/dist/core/render-context.js:279:25)\n    at NOOP_MIDDLEWARE_FN (C:/Users/trevo/trevorplam/node_modules/astro/dist/core/middleware/noop-middleware.js:3:20)\n    at callMiddleware (C:/Users/trevo/trevorplam/node_modules/astro/dist/core/middleware/callMiddleware.js:11:10)\n    at RenderContext.render (C:/Users/trevo/trevorplam/node_modules/astro/dist/core/render-context.js:313:73)\n    at experimental_AstroContainer.renderToString (C:/Users/trevo/trevorplam/node_modules/astro/dist/container/index.js:258:22)\n    at C:/Users/trevo/trevorplam/tests/components/Navigation.test.ts:18:20\n    at file:///C:/Users/trevo/trevorplam/node_modules/@vitest/runner/dist/chunk-artifact.js:1903:20"],"meta":{},"tags":[]},{"ancestorTitles":["Navigation Component"],"fullName":"Navigation Component renders desktop navigation by default","status":"failed","title":"renders desktop navigation by default","duration":182.8103000000001,"failureMessages":["NoMatchingRenderer: Unable to render ``.\n\nNo valid renderer was found for this file extension.\n    at renderFrameworkComponent (C:/Users/trevo/trevorplam/node_modules/astro/dist/runtime/server/render/component.js:182:15)\n    at renderComponentToString (C:/Users/trevo/trevorplam/node_modules/astro/dist/runtime/server/render/component.js:426:28)\n    at renderPage (C:/Users/trevo/trevorplam/node_modules/astro/dist/runtime/server/render/page.js:45:13)\n    at lastNext (C:/Users/trevo/trevorplam/node_modules/astro/dist/core/render-context.js:279:25)\n    at NOOP_MIDDLEWARE_FN (C:/Users/trevo/trevorplam/node_modules/astro/dist/core/middleware/noop-middleware.js:3:20)\n    at callMiddleware (C:/Users/trevo/trevorplam/node_modules/astro/dist/core/middleware/callMiddleware.js:11:10)\n    at RenderContext.render (C:/Users/trevo/trevorplam/node_modules/astro/dist/core/render-context.js:313:73)\n    at experimental_AstroContainer.renderToString (C:/Users/trevo/trevorplam/node_modules/astro/dist/container/index.js:258:22)\n    at C:/Users/trevo/trevorplam/tests/components/Navigation.test.ts:29:20\n    at file:///C:/Users/trevo/trevorplam/node_modules/@vitest/runner/dist/chunk-artifact.js:1903:20"],"meta":{},"tags":[]},{"ancestorTitles":["Navigation Component"],"fullName":"Navigation Component renders mobile menu button by default","status":"failed","title":"renders mobile menu button by default","duration":182.77480000000014,"failureMessages":["NoMatchingRenderer: Unable to render ``.\n\nNo valid renderer was found for this file extension.\n    at renderFrameworkComponent (C:/Users/trevo/trevorplam/node_modules/astro/dist/runtime/server/render/component.js:182:15)\n    at renderComponentToString (C:/Users/trevo/trevorplam/node_modules/astro/dist/runtime/server/render/component.js:426:28)\n    at renderPage (C:/Users/trevo/trevorplam/node_modules/astro/dist/runtime/server/render/page.js:45:13)\n    at lastNext (C:/Users/trevo/trevorplam/node_modules/astro/dist/core/render-context.js:279:25)\n    at NOOP_MIDDLEWARE_FN (C:/Users/trevo/trevorplam/node_modules/astro/dist/core/middleware/noop-middleware.js:3:20)\n    at callMiddleware (C:/Users/trevo/trevorplam/node_modules/astro/dist/core/middleware/callMiddleware.js:11:10)\n    at RenderContext.render (C:/Users/trevo/trevorplam/node_modules/astro/dist/core/render-context.js:313:73)\n    at experimental_AstroContainer.renderToString (C:/Users/trevo/trevorplam/node_modules/astro/dist/container/index.js:258:22)\n    at C:/Users/trevo/trevorplam/tests/components/Navigation.test.ts:37:20\n    at file:///C:/Users/trevo/trevorplam/node_modules/@vitest/runner/dist/chunk-artifact.js:1903:20"],"meta":{},"tags":[]},{"ancestorTitles":["Navigation Component"],"fullName":"Navigation Component renders mobile menu links (hidden by default)","status":"failed","title":"renders mobile menu links (hidden by default)","duration":182.78399999999965,"failureMessages":["NoMatchingRenderer: Unable to render ``.\n\nNo valid renderer was found for this file extension.\n    at renderFrameworkComponent (C:/Users/trevo/trevorplam/node_modules/astro/dist/runtime/server/render/component.js:182:15)\n    at renderComponentToString (C:/Users/trevo/trevorplam/node_modules/astro/dist/runtime/server/render/component.js:426:28)\n    at renderPage (C:/Users/trevo/trevorplam/node_modules/astro/dist/runtime/server/render/page.js:45:13)\n    at lastNext (C:/Users/trevo/trevorplam/node_modules/astro/dist/core/render-context.js:279:25)\n    at NOOP_MIDDLEWARE_FN (C:/Users/trevo/trevorplam/node_modules/astro/dist/core/middleware/noop-middleware.js:3:20)\n    at callMiddleware (C:/Users/trevo/trevorplam/node_modules/astro/dist/core/middleware/callMiddleware.js:11:10)\n    at RenderContext.render (C:/Users/trevo/trevorplam/node_modules/astro/dist/core/render-context.js:313:73)\n    at experimental_AstroContainer.renderToString (C:/Users/trevo/trevorplam/node_modules/astro/dist/container/index.js:258:22)\n    at C:/Users/trevo/trevorplam/tests/components/Navigation.test.ts:49:20\n    at file:///C:/Users/trevo/trevorplam/node_modules/@vitest/runner/dist/chunk-artifact.js:1903:20"],"meta":{},"tags":[]},{"ancestorTitles":["Navigation Component"],"fullName":"Navigation Component has proper semantic structure","status":"failed","title":"has proper semantic structure","duration":183.07110000000011,"failureMessages":["NoMatchingRenderer: Unable to render ``.\n\nNo valid renderer was found for this file extension.\n    at renderFrameworkComponent (C:/Users/trevo/trevorplam/node_modules/astro/dist/runtime/server/render/component.js:182:15)\n    at renderComponentToString (C:/Users/trevo/trevorplam/node_modules/astro/dist/runtime/server/render/component.js:426:28)\n    at renderPage (C:/Users/trevo/trevorplam/node_modules/astro/dist/runtime/server/render/page.js:45:13)\n    at lastNext (C:/Users/trevo/trevorplam/node_modules/astro/dist/core/render-context.js:279:25)\n    at NOOP_MIDDLEWARE_FN (C:/Users/trevo/trevorplam/node_modules/astro/dist/core/middleware/noop-middleware.js:3:20)\n    at callMiddleware (C:/Users/trevo/trevorplam/node_modules/astro/dist/core/middleware/callMiddleware.js:11:10)\n    at RenderContext.render (C:/Users/trevo/trevorplam/node_modules/astro/dist/core/render-context.js:313:73)\n    at experimental_AstroContainer.renderToString (C:/Users/trevo/trevorplam/node_modules/astro/dist/container/index.js:258:22)\n    at C:/Users/trevo/trevorplam/tests/components/Navigation.test.ts:61:20\n    at file:///C:/Users/trevo/trevorplam/node_modules/@vitest/runner/dist/chunk-artifact.js:1903:20"],"meta":{},"tags":[]},{"ancestorTitles":["Navigation Component"],"fullName":"Navigation Component has accessibility attributes","status":"failed","title":"has accessibility attributes","duration":183.54060000000027,"failureMessages":["NoMatchingRenderer: Unable to render ``.\n\nNo valid renderer was found for this file extension.\n    at renderFrameworkComponent (C:/Users/trevo/trevorplam/node_modules/astro/dist/runtime/server/render/component.js:182:15)\n    at renderComponentToString (C:/Users/trevo/trevorplam/node_modules/astro/dist/runtime/server/render/component.js:426:28)\n    at renderPage (C:/Users/trevo/trevorplam/node_modules/astro/dist/runtime/server/render/page.js:45:13)\n    at lastNext (C:/Users/trevo/trevorplam/node_modules/astro/dist/core/render-context.js:279:25)\n    at NOOP_MIDDLEWARE_FN (C:/Users/trevo/trevorplam/node_modules/astro/dist/core/middleware/noop-middleware.js:3:20)\n    at callMiddleware (C:/Users/trevo/trevorplam/node_modules/astro/dist/core/middleware/callMiddleware.js:11:10)\n    at RenderContext.render (C:/Users/trevo/trevorplam/node_modules/astro/dist/core/render-context.js:313:73)\n    at experimental_AstroContainer.renderToString (C:/Users/trevo/trevorplam/node_modules/astro/dist/container/index.js:258:22)\n    at C:/Users/trevo/trevorplam/tests/components/Navigation.test.ts:70:20\n    at file:///C:/Users/trevo/trevorplam/node_modules/@vitest/runner/dist/chunk-artifact.js:1903:20"],"meta":{},"tags":[]},{"ancestorTitles":["Navigation Component"],"fullName":"Navigation Component has responsive design classes","status":"failed","title":"has responsive design classes","duration":183.4966999999997,"failureMessages":["NoMatchingRenderer: Unable to render ``.\n\nNo valid renderer was found for this file extension.\n    at renderFrameworkComponent (C:/Users/trevo/trevorplam/node_modules/astro/dist/runtime/server/render/component.js:182:15)\n    at renderComponentToString (C:/Users/trevo/trevorplam/node_modules/astro/dist/runtime/server/render/component.js:426:28)\n    at renderPage (C:/Users/trevo/trevorplam/node_modules/astro/dist/runtime/server/render/page.js:45:13)\n    at lastNext (C:/Users/trevo/trevorplam/node_modules/astro/dist/core/render-context.js:279:25)\n    at NOOP_MIDDLEWARE_FN (C:/Users/trevo/trevorplam/node_modules/astro/dist/core/middleware/noop-middleware.js:3:20)\n    at callMiddleware (C:/Users/trevo/trevorplam/node_modules/astro/dist/core/middleware/callMiddleware.js:11:10)\n    at RenderContext.render (C:/Users/trevo/trevorplam/node_modules/astro/dist/core/render-context.js:313:73)\n    at experimental_AstroContainer.renderToString (C:/Users/trevo/trevorplam/node_modules/astro/dist/container/index.js:258:22)\n    at C:/Users/trevo/trevorplam/tests/components/Navigation.test.ts:79:20\n    at file:///C:/Users/trevo/trevorplam/node_modules/@vitest/runner/dist/chunk-artifact.js:1903:20"],"meta":{},"tags":[]},{"ancestorTitles":["Navigation Component"],"fullName":"Navigation Component includes ClientRouter for transitions","status":"failed","title":"includes ClientRouter for transitions","duration":183.41910000000007,"failureMessages":["NoMatchingRenderer: Unable to render ``.\n\nNo valid renderer was found for this file extension.\n    at renderFrameworkComponent (C:/Users/trevo/trevorplam/node_modules/astro/dist/runtime/server/render/component.js:182:15)\n    at renderComponentToString (C:/Users/trevo/trevorplam/node_modules/astro/dist/runtime/server/render/component.js:426:28)\n    at renderPage (C:/Users/trevo/trevorplam/node_modules/astro/dist/runtime/server/render/page.js:45:13)\n    at lastNext (C:/Users/trevo/trevorplam/node_modules/astro/dist/core/render-context.js:279:25)\n    at NOOP_MIDDLEWARE_FN (C:/Users/trevo/trevorplam/node_modules/astro/dist/core/middleware/noop-middleware.js:3:20)\n    at callMiddleware (C:/Users/trevo/trevorplam/node_modules/astro/dist/core/middleware/callMiddleware.js:11:10)\n    at RenderContext.render (C:/Users/trevo/trevorplam/node_modules/astro/dist/core/render-context.js:313:73)\n    at experimental_AstroContainer.renderToString (C:/Users/trevo/trevorplam/node_modules/astro/dist/container/index.js:258:22)\n    at C:/Users/trevo/trevorplam/tests/components/Navigation.test.ts:89:20\n    at file:///C:/Users/trevo/trevorplam/node_modules/@vitest/runner/dist/chunk-artifact.js:1903:20"],"meta":{},"tags":[]},{"ancestorTitles":["Navigation Component"],"fullName":"Navigation Component has proper hover states","status":"failed","title":"has proper hover states","duration":183.36110000000008,"failureMessages":["NoMatchingRenderer: Unable to render ``.\n\nNo valid renderer was found for this file extension.\n    at renderFrameworkComponent (C:/Users/trevo/trevorplam/node_modules/astro/dist/runtime/server/render/component.js:182:15)\n    at renderComponentToString (C:/Users/trevo/trevorplam/node_modules/astro/dist/runtime/server/render/component.js:426:28)\n    at renderPage (C:/Users/trevo/trevorplam/node_modules/astro/dist/runtime/server/render/page.js:45:13)\n    at lastNext (C:/Users/trevo/trevorplam/node_modules/astro/dist/core/render-context.js:279:25)\n    at NOOP_MIDDLEWARE_FN (C:/Users/trevo/trevorplam/node_modules/astro/dist/core/middleware/noop-middleware.js:3:20)\n    at callMiddleware (C:/Users/trevo/trevorplam/node_modules/astro/dist/core/middleware/callMiddleware.js:11:10)\n    at RenderContext.render (C:/Users/trevo/trevorplam/node_modules/astro/dist/core/render-context.js:313:73)\n    at experimental_AstroContainer.renderToString (C:/Users/trevo/trevorplam/node_modules/astro/dist/container/index.js:258:22)\n    at C:/Users/trevo/trevorplam/tests/components/Navigation.test.ts:95:20\n    at file:///C:/Users/trevo/trevorplam/node_modules/@vitest/runner/dist/chunk-artifact.js:1903:20"],"meta":{},"tags":[]}],"startTime":1776819541995,"endTime":1776819542179.5405,"status":"failed","message":"","name":"C:/Users/trevo/trevorplam/tests/components/Navigation.test.ts"},{"assertionResults":[{"ancestorTitles":["OptimizedImage"],"fullName":"OptimizedImage renders with required props","status":"failed","title":"renders with required props","duration":79.64649999999983,"failureMessages":["NoMatchingRenderer: Unable to render ``.\n\nNo valid renderer was found for this file extension.\n    at renderFrameworkComponent (C:/Users/trevo/trevorplam/node_modules/astro/dist/runtime/server/render/component.js:182:15)\n    at renderComponentToString (C:/Users/trevo/trevorplam/node_modules/astro/dist/runtime/server/render/component.js:426:28)\n    at renderPage (C:/Users/trevo/trevorplam/node_modules/astro/dist/runtime/server/render/page.js:45:13)\n    at lastNext (C:/Users/trevo/trevorplam/node_modules/astro/dist/core/render-context.js:279:25)\n    at NOOP_MIDDLEWARE_FN (C:/Users/trevo/trevorplam/node_modules/astro/dist/core/middleware/noop-middleware.js:3:20)\n    at callMiddleware (C:/Users/trevo/trevorplam/node_modules/astro/dist/core/middleware/callMiddleware.js:11:10)\n    at RenderContext.render (C:/Users/trevo/trevorplam/node_modules/astro/dist/core/render-context.js:313:73)\n    at experimental_AstroContainer.renderToString (C:/Users/trevo/trevorplam/node_modules/astro/dist/container/index.js:258:22)\n    at C:/Users/trevo/trevorplam/tests/components/OptimizedImage.test.ts:9:18\n    at file:///C:/Users/trevo/trevorplam/node_modules/@vitest/runner/dist/chunk-artifact.js:1903:20"],"meta":{},"tags":[]},{"ancestorTitles":["OptimizedImage"],"fullName":"OptimizedImage renders with priority prop for LCP optimization","status":"failed","title":"renders with priority prop for LCP optimization","duration":78.9967999999999,"failureMessages":["NoMatchingRenderer: Unable to render ``.\n\nNo valid renderer was found for this file extension.\n    at renderFrameworkComponent (C:/Users/trevo/trevorplam/node_modules/astro/dist/runtime/server/render/component.js:182:15)\n    at renderComponentToString (C:/Users/trevo/trevorplam/node_modules/astro/dist/runtime/server/render/component.js:426:28)\n    at renderPage (C:/Users/trevo/trevorplam/node_modules/astro/dist/runtime/server/render/page.js:45:13)\n    at lastNext (C:/Users/trevo/trevorplam/node_modules/astro/dist/core/render-context.js:279:25)\n    at NOOP_MIDDLEWARE_FN (C:/Users/trevo/trevorplam/node_modules/astro/dist/core/middleware/noop-middleware.js:3:20)\n    at callMiddleware (C:/Users/trevo/trevorplam/node_modules/astro/dist/core/middleware/callMiddleware.js:11:10)\n    at RenderContext.render (C:/Users/trevo/trevorplam/node_modules/astro/dist/core/render-context.js:313:73)\n    at experimental_AstroContainer.renderToString (C:/Users/trevo/trevorplam/node_modules/astro/dist/container/index.js:258:22)\n    at C:/Users/trevo/trevorplam/tests/components/OptimizedImage.test.ts:26:18\n    at file:///C:/Users/trevo/trevorplam/node_modules/@vitest/runner/dist/chunk-artifact.js:1903:20"],"meta":{},"tags":[]},{"ancestorTitles":["OptimizedImage"],"fullName":"OptimizedImage renders with custom loading and fetchpriority","status":"failed","title":"renders with custom loading and fetchpriority","duration":78.92279999999937,"failureMessages":["NoMatchingRenderer: Unable to render ``.\n\nNo valid renderer was found for this file extension.\n    at renderFrameworkComponent (C:/Users/trevo/trevorplam/node_modules/astro/dist/runtime/server/render/component.js:182:15)\n    at renderComponentToString (C:/Users/trevo/trevorplam/node_modules/astro/dist/runtime/server/render/component.js:426:28)\n    at renderPage (C:/Users/trevo/trevorplam/node_modules/astro/dist/runtime/server/render/page.js:45:13)\n    at lastNext (C:/Users/trevo/trevorplam/node_modules/astro/dist/core/render-context.js:279:25)\n    at NOOP_MIDDLEWARE_FN (C:/Users/trevo/trevorplam/node_modules/astro/dist/core/middleware/noop-middleware.js:3:20)\n    at callMiddleware (C:/Users/trevo/trevorplam/node_modules/astro/dist/core/middleware/callMiddleware.js:11:10)\n    at RenderContext.render (C:/Users/trevo/trevorplam/node_modules/astro/dist/core/render-context.js:313:73)\n    at experimental_AstroContainer.renderToString (C:/Users/trevo/trevorplam/node_modules/astro/dist/container/index.js:258:22)\n    at C:/Users/trevo/trevorplam/tests/components/OptimizedImage.test.ts:44:18\n    at file:///C:/Users/trevo/trevorplam/node_modules/@vitest/runner/dist/chunk-artifact.js:1903:20"],"meta":{},"tags":[]},{"ancestorTitles":["OptimizedImage"],"fullName":"OptimizedImage renders with width and height","status":"failed","title":"renders with width and height","duration":78.8755999999994,"failureMessages":["NoMatchingRenderer: Unable to render ``.\n\nNo valid renderer was found for this file extension.\n    at renderFrameworkComponent (C:/Users/trevo/trevorplam/node_modules/astro/dist/runtime/server/render/component.js:182:15)\n    at renderComponentToString (C:/Users/trevo/trevorplam/node_modules/astro/dist/runtime/server/render/component.js:426:28)\n    at renderPage (C:/Users/trevo/trevorplam/node_modules/astro/dist/runtime/server/render/page.js:45:13)\n    at lastNext (C:/Users/trevo/trevorplam/node_modules/astro/dist/core/render-context.js:279:25)\n    at NOOP_MIDDLEWARE_FN (C:/Users/trevo/trevorplam/node_modules/astro/dist/core/middleware/noop-middleware.js:3:20)\n    at callMiddleware (C:/Users/trevo/trevorplam/node_modules/astro/dist/core/middleware/callMiddleware.js:11:10)\n    at RenderContext.render (C:/Users/trevo/trevorplam/node_modules/astro/dist/core/render-context.js:313:73)\n    at experimental_AstroContainer.renderToString (C:/Users/trevo/trevorplam/node_modules/astro/dist/container/index.js:258:22)\n    at C:/Users/trevo/trevorplam/tests/components/OptimizedImage.test.ts:63:18\n    at file:///C:/Users/trevo/trevorplam/node_modules/@vitest/runner/dist/chunk-artifact.js:1903:20"],"meta":{},"tags":[]},{"ancestorTitles":["OptimizedImage"],"fullName":"OptimizedImage renders with custom class","status":"failed","title":"renders with custom class","duration":78.85260000000017,"failureMessages":["NoMatchingRenderer: Unable to render ``.\n\nNo valid renderer was found for this file extension.\n    at renderFrameworkComponent (C:/Users/trevo/trevorplam/node_modules/astro/dist/runtime/server/render/component.js:182:15)\n    at renderComponentToString (C:/Users/trevo/trevorplam/node_modules/astro/dist/runtime/server/render/component.js:426:28)\n    at renderPage (C:/Users/trevo/trevorplam/node_modules/astro/dist/runtime/server/render/page.js:45:13)\n    at lastNext (C:/Users/trevo/trevorplam/node_modules/astro/dist/core/render-context.js:279:25)\n    at NOOP_MIDDLEWARE_FN (C:/Users/trevo/trevorplam/node_modules/astro/dist/core/middleware/noop-middleware.js:3:20)\n    at callMiddleware (C:/Users/trevo/trevorplam/node_modules/astro/dist/core/middleware/callMiddleware.js:11:10)\n    at RenderContext.render (C:/Users/trevo/trevorplam/node_modules/astro/dist/core/render-context.js:313:73)\n    at experimental_AstroContainer.renderToString (C:/Users/trevo/trevorplam/node_modules/astro/dist/container/index.js:258:22)\n    at C:/Users/trevo/trevorplam/tests/components/OptimizedImage.test.ts:79:18\n    at file:///C:/Users/trevo/trevorplam/node_modules/@vitest/runner/dist/chunk-artifact.js:1903:20"],"meta":{},"tags":[]},{"ancestorTitles":["OptimizedImage"],"fullName":"OptimizedImage renders with layout prop","status":"failed","title":"renders with layout prop","duration":81.07679999999982,"failureMessages":["NoMatchingRenderer: Unable to render ``.\n\nNo valid renderer was found for this file extension.\n    at renderFrameworkComponent (C:/Users/trevo/trevorplam/node_modules/astro/dist/runtime/server/render/component.js:182:15)\n    at renderComponentToString (C:/Users/trevo/trevorplam/node_modules/astro/dist/runtime/server/render/component.js:426:28)\n    at renderPage (C:/Users/trevo/trevorplam/node_modules/astro/dist/runtime/server/render/page.js:45:13)\n    at lastNext (C:/Users/trevo/trevorplam/node_modules/astro/dist/core/render-context.js:279:25)\n    at NOOP_MIDDLEWARE_FN (C:/Users/trevo/trevorplam/node_modules/astro/dist/core/middleware/noop-middleware.js:3:20)\n    at callMiddleware (C:/Users/trevo/trevorplam/node_modules/astro/dist/core/middleware/callMiddleware.js:11:10)\n    at RenderContext.render (C:/Users/trevo/trevorplam/node_modules/astro/dist/core/render-context.js:313:73)\n    at experimental_AstroContainer.renderToString (C:/Users/trevo/trevorplam/node_modules/astro/dist/container/index.js:258:22)\n    at C:/Users/trevo/trevorplam/tests/components/OptimizedImage.test.ts:96:18\n    at file:///C:/Users/trevo/trevorplam/node_modules/@vitest/runner/dist/chunk-artifact.js:1903:20"],"meta":{},"tags":[]},{"ancestorTitles":["OptimizedImage"],"fullName":"OptimizedImage renders with format and quality","status":"failed","title":"renders with format and quality","duration":81.03290000000015,"failureMessages":["NoMatchingRenderer: Unable to render ``.\n\nNo valid renderer was found for this file extension.\n    at renderFrameworkComponent (C:/Users/trevo/trevorplam/node_modules/astro/dist/runtime/server/render/component.js:182:15)\n    at renderComponentToString (C:/Users/trevo/trevorplam/node_modules/astro/dist/runtime/server/render/component.js:426:28)\n    at renderPage (C:/Users/trevo/trevorplam/node_modules/astro/dist/runtime/server/render/page.js:45:13)\n    at lastNext (C:/Users/trevo/trevorplam/node_modules/astro/dist/core/render-context.js:279:25)\n    at NOOP_MIDDLEWARE_FN (C:/Users/trevo/trevorplam/node_modules/astro/dist/core/middleware/noop-middleware.js:3:20)\n    at callMiddleware (C:/Users/trevo/trevorplam/node_modules/astro/dist/core/middleware/callMiddleware.js:11:10)\n    at RenderContext.render (C:/Users/trevo/trevorplam/node_modules/astro/dist/core/render-context.js:313:73)\n    at experimental_AstroContainer.renderToString (C:/Users/trevo/trevorplam/node_modules/astro/dist/container/index.js:258:22)\n    at C:/Users/trevo/trevorplam/tests/components/OptimizedImage.test.ts:112:18\n    at file:///C:/Users/trevo/trevorplam/node_modules/@vitest/runner/dist/chunk-artifact.js:1903:20"],"meta":{},"tags":[]}],"startTime":1776819541986,"endTime":1776819542068.077,"status":"failed","message":"","name":"C:/Users/trevo/trevorplam/tests/components/OptimizedImage.test.ts"},{"assertionResults":[{"ancestorTitles":["SkillTag Component"],"fullName":"SkillTag Component renders skill tag with label","status":"failed","title":"renders skill tag with label","duration":68.73600000000079,"failureMessages":["NoMatchingRenderer: Unable to render ``.\n\nNo valid renderer was found for this file extension.\n    at renderFrameworkComponent (C:/Users/trevo/trevorplam/node_modules/astro/dist/runtime/server/render/component.js:182:15)\n    at renderComponentToString (C:/Users/trevo/trevorplam/node_modules/astro/dist/runtime/server/render/component.js:426:28)\n    at renderPage (C:/Users/trevo/trevorplam/node_modules/astro/dist/runtime/server/render/page.js:45:13)\n    at lastNext (C:/Users/trevo/trevorplam/node_modules/astro/dist/core/render-context.js:279:25)\n    at NOOP_MIDDLEWARE_FN (C:/Users/trevo/trevorplam/node_modules/astro/dist/core/middleware/noop-middleware.js:3:20)\n    at callMiddleware (C:/Users/trevo/trevorplam/node_modules/astro/dist/core/middleware/callMiddleware.js:11:10)\n    at RenderContext.render (C:/Users/trevo/trevorplam/node_modules/astro/dist/core/render-context.js:313:73)\n    at experimental_AstroContainer.renderToString (C:/Users/trevo/trevorplam/node_modules/astro/dist/container/index.js:258:22)\n    at C:/Users/trevo/trevorplam/tests/components/SkillTag.test.ts:9:20\n    at file:///C:/Users/trevo/trevorplam/node_modules/@vitest/runner/dist/chunk-artifact.js:1903:20"],"meta":{},"tags":[]},{"ancestorTitles":["SkillTag Component"],"fullName":"SkillTag Component renders skill tag with different label","status":"failed","title":"renders skill tag with different label","duration":67.76479999999992,"failureMessages":["NoMatchingRenderer: Unable to render ``.\n\nNo valid renderer was found for this file extension.\n    at renderFrameworkComponent (C:/Users/trevo/trevorplam/node_modules/astro/dist/runtime/server/render/component.js:182:15)\n    at renderComponentToString (C:/Users/trevo/trevorplam/node_modules/astro/dist/runtime/server/render/component.js:426:28)\n    at renderPage (C:/Users/trevo/trevorplam/node_modules/astro/dist/runtime/server/render/page.js:45:13)\n    at lastNext (C:/Users/trevo/trevorplam/node_modules/astro/dist/core/render-context.js:279:25)\n    at NOOP_MIDDLEWARE_FN (C:/Users/trevo/trevorplam/node_modules/astro/dist/core/middleware/noop-middleware.js:3:20)\n    at callMiddleware (C:/Users/trevo/trevorplam/node_modules/astro/dist/core/middleware/callMiddleware.js:11:10)\n    at RenderContext.render (C:/Users/trevo/trevorplam/node_modules/astro/dist/core/render-context.js:313:73)\n    at experimental_AstroContainer.renderToString (C:/Users/trevo/trevorplam/node_modules/astro/dist/container/index.js:258:22)\n    at C:/Users/trevo/trevorplam/tests/components/SkillTag.test.ts:22:20\n    at file:///C:/Users/trevo/trevorplam/node_modules/@vitest/runner/dist/chunk-artifact.js:1903:20"],"meta":{},"tags":[]},{"ancestorTitles":["SkillTag Component"],"fullName":"SkillTag Component renders as span element","status":"failed","title":"renders as span element","duration":67.64739999999983,"failureMessages":["NoMatchingRenderer: Unable to render ``.\n\nNo valid renderer was found for this file extension.\n    at renderFrameworkComponent (C:/Users/trevo/trevorplam/node_modules/astro/dist/runtime/server/render/component.js:182:15)\n    at renderComponentToString (C:/Users/trevo/trevorplam/node_modules/astro/dist/runtime/server/render/component.js:426:28)\n    at renderPage (C:/Users/trevo/trevorplam/node_modules/astro/dist/runtime/server/render/page.js:45:13)\n    at lastNext (C:/Users/trevo/trevorplam/node_modules/astro/dist/core/render-context.js:279:25)\n    at NOOP_MIDDLEWARE_FN (C:/Users/trevo/trevorplam/node_modules/astro/dist/core/middleware/noop-middleware.js:3:20)\n    at callMiddleware (C:/Users/trevo/trevorplam/node_modules/astro/dist/core/middleware/callMiddleware.js:11:10)\n    at RenderContext.render (C:/Users/trevo/trevorplam/node_modules/astro/dist/core/render-context.js:313:73)\n    at experimental_AstroContainer.renderToString (C:/Users/trevo/trevorplam/node_modules/astro/dist/container/index.js:258:22)\n    at C:/Users/trevo/trevorplam/tests/components/SkillTag.test.ts:35:20\n    at file:///C:/Users/trevo/trevorplam/node_modules/@vitest/runner/dist/chunk-artifact.js:1903:20"],"meta":{},"tags":[]},{"ancestorTitles":["SkillTag Component"],"fullName":"SkillTag Component renders proper pill styling","status":"failed","title":"renders proper pill styling","duration":67.60690000000068,"failureMessages":["NoMatchingRenderer: Unable to render ``.\n\nNo valid renderer was found for this file extension.\n    at renderFrameworkComponent (C:/Users/trevo/trevorplam/node_modules/astro/dist/runtime/server/render/component.js:182:15)\n    at renderComponentToString (C:/Users/trevo/trevorplam/node_modules/astro/dist/runtime/server/render/component.js:426:28)\n    at renderPage (C:/Users/trevo/trevorplam/node_modules/astro/dist/runtime/server/render/page.js:45:13)\n    at lastNext (C:/Users/trevo/trevorplam/node_modules/astro/dist/core/render-context.js:279:25)\n    at NOOP_MIDDLEWARE_FN (C:/Users/trevo/trevorplam/node_modules/astro/dist/core/middleware/noop-middleware.js:3:20)\n    at callMiddleware (C:/Users/trevo/trevorplam/node_modules/astro/dist/core/middleware/callMiddleware.js:11:10)\n    at RenderContext.render (C:/Users/trevo/trevorplam/node_modules/astro/dist/core/render-context.js:313:73)\n    at experimental_AstroContainer.renderToString (C:/Users/trevo/trevorplam/node_modules/astro/dist/container/index.js:258:22)\n    at C:/Users/trevo/trevorplam/tests/components/SkillTag.test.ts:48:20\n    at file:///C:/Users/trevo/trevorplam/node_modules/@vitest/runner/dist/chunk-artifact.js:1903:20"],"meta":{},"tags":[]}],"startTime":1776819544447,"endTime":1776819544516.607,"status":"failed","message":"","name":"C:/Users/trevo/trevorplam/tests/components/SkillTag.test.ts"},{"assertionResults":[{"ancestorTitles":["TimelineNode Component"],"fullName":"TimelineNode Component renders timeline node with role type","status":"failed","title":"renders timeline node with role type","duration":76.10149999999976,"failureMessages":["NoMatchingRenderer: Unable to render ``.\n\nNo valid renderer was found for this file extension.\n    at renderFrameworkComponent (C:/Users/trevo/trevorplam/node_modules/astro/dist/runtime/server/render/component.js:182:15)\n    at renderComponentToString (C:/Users/trevo/trevorplam/node_modules/astro/dist/runtime/server/render/component.js:426:28)\n    at renderPage (C:/Users/trevo/trevorplam/node_modules/astro/dist/runtime/server/render/page.js:45:13)\n    at lastNext (C:/Users/trevo/trevorplam/node_modules/astro/dist/core/render-context.js:279:25)\n    at NOOP_MIDDLEWARE_FN (C:/Users/trevo/trevorplam/node_modules/astro/dist/core/middleware/noop-middleware.js:3:20)\n    at callMiddleware (C:/Users/trevo/trevorplam/node_modules/astro/dist/core/middleware/callMiddleware.js:11:10)\n    at RenderContext.render (C:/Users/trevo/trevorplam/node_modules/astro/dist/core/render-context.js:313:73)\n    at experimental_AstroContainer.renderToString (C:/Users/trevo/trevorplam/node_modules/astro/dist/container/index.js:258:22)\n    at C:/Users/trevo/trevorplam/tests/components/TimelineNode.test.ts:9:20\n    at file:///C:/Users/trevo/trevorplam/node_modules/@vitest/runner/dist/chunk-artifact.js:1903:20"],"meta":{},"tags":[]},{"ancestorTitles":["TimelineNode Component"],"fullName":"TimelineNode Component renders timeline node with award type","status":"failed","title":"renders timeline node with award type","duration":75.55709999999999,"failureMessages":["NoMatchingRenderer: Unable to render ``.\n\nNo valid renderer was found for this file extension.\n    at renderFrameworkComponent (C:/Users/trevo/trevorplam/node_modules/astro/dist/runtime/server/render/component.js:182:15)\n    at renderComponentToString (C:/Users/trevo/trevorplam/node_modules/astro/dist/runtime/server/render/component.js:426:28)\n    at renderPage (C:/Users/trevo/trevorplam/node_modules/astro/dist/runtime/server/render/page.js:45:13)\n    at lastNext (C:/Users/trevo/trevorplam/node_modules/astro/dist/core/render-context.js:279:25)\n    at NOOP_MIDDLEWARE_FN (C:/Users/trevo/trevorplam/node_modules/astro/dist/core/middleware/noop-middleware.js:3:20)\n    at callMiddleware (C:/Users/trevo/trevorplam/node_modules/astro/dist/core/middleware/callMiddleware.js:11:10)\n    at RenderContext.render (C:/Users/trevo/trevorplam/node_modules/astro/dist/core/render-context.js:313:73)\n    at experimental_AstroContainer.renderToString (C:/Users/trevo/trevorplam/node_modules/astro/dist/container/index.js:258:22)\n    at C:/Users/trevo/trevorplam/tests/components/TimelineNode.test.ts:29:20\n    at file:///C:/Users/trevo/trevorplam/node_modules/@vitest/runner/dist/chunk-artifact.js:1903:20"],"meta":{},"tags":[]},{"ancestorTitles":["TimelineNode Component"],"fullName":"TimelineNode Component renders timeline node with degree type","status":"failed","title":"renders timeline node with degree type","duration":75.48729999999978,"failureMessages":["NoMatchingRenderer: Unable to render ``.\n\nNo valid renderer was found for this file extension.\n    at renderFrameworkComponent (C:/Users/trevo/trevorplam/node_modules/astro/dist/runtime/server/render/component.js:182:15)\n    at renderComponentToString (C:/Users/trevo/trevorplam/node_modules/astro/dist/runtime/server/render/component.js:426:28)\n    at renderPage (C:/Users/trevo/trevorplam/node_modules/astro/dist/runtime/server/render/page.js:45:13)\n    at lastNext (C:/Users/trevo/trevorplam/node_modules/astro/dist/core/render-context.js:279:25)\n    at NOOP_MIDDLEWARE_FN (C:/Users/trevo/trevorplam/node_modules/astro/dist/core/middleware/noop-middleware.js:3:20)\n    at callMiddleware (C:/Users/trevo/trevorplam/node_modules/astro/dist/core/middleware/callMiddleware.js:11:10)\n    at RenderContext.render (C:/Users/trevo/trevorplam/node_modules/astro/dist/core/render-context.js:313:73)\n    at experimental_AstroContainer.renderToString (C:/Users/trevo/trevorplam/node_modules/astro/dist/container/index.js:258:22)\n    at C:/Users/trevo/trevorplam/tests/components/TimelineNode.test.ts:48:20\n    at file:///C:/Users/trevo/trevorplam/node_modules/@vitest/runner/dist/chunk-artifact.js:1903:20"],"meta":{},"tags":[]},{"ancestorTitles":["TimelineNode Component"],"fullName":"TimelineNode Component renders timeline node with constraint type","status":"failed","title":"renders timeline node with constraint type","duration":75.4377999999997,"failureMessages":["NoMatchingRenderer: Unable to render ``.\n\nNo valid renderer was found for this file extension.\n    at renderFrameworkComponent (C:/Users/trevo/trevorplam/node_modules/astro/dist/runtime/server/render/component.js:182:15)\n    at renderComponentToString (C:/Users/trevo/trevorplam/node_modules/astro/dist/runtime/server/render/component.js:426:28)\n    at renderPage (C:/Users/trevo/trevorplam/node_modules/astro/dist/runtime/server/render/page.js:45:13)\n    at lastNext (C:/Users/trevo/trevorplam/node_modules/astro/dist/core/render-context.js:279:25)\n    at NOOP_MIDDLEWARE_FN (C:/Users/trevo/trevorplam/node_modules/astro/dist/core/middleware/noop-middleware.js:3:20)\n    at callMiddleware (C:/Users/trevo/trevorplam/node_modules/astro/dist/core/middleware/callMiddleware.js:11:10)\n    at RenderContext.render (C:/Users/trevo/trevorplam/node_modules/astro/dist/core/render-context.js:313:73)\n    at experimental_AstroContainer.renderToString (C:/Users/trevo/trevorplam/node_modules/astro/dist/container/index.js:258:22)\n    at C:/Users/trevo/trevorplam/tests/components/TimelineNode.test.ts:67:20\n    at file:///C:/Users/trevo/trevorplam/node_modules/@vitest/runner/dist/chunk-artifact.js:1903:20"],"meta":{},"tags":[]},{"ancestorTitles":["TimelineNode Component"],"fullName":"TimelineNode Component renders timeline node with future type","status":"failed","title":"renders timeline node with future type","duration":75.45250000000033,"failureMessages":["NoMatchingRenderer: Unable to render ``.\n\nNo valid renderer was found for this file extension.\n    at renderFrameworkComponent (C:/Users/trevo/trevorplam/node_modules/astro/dist/runtime/server/render/component.js:182:15)\n    at renderComponentToString (C:/Users/trevo/trevorplam/node_modules/astro/dist/runtime/server/render/component.js:426:28)\n    at renderPage (C:/Users/trevo/trevorplam/node_modules/astro/dist/runtime/server/render/page.js:45:13)\n    at lastNext (C:/Users/trevo/trevorplam/node_modules/astro/dist/core/render-context.js:279:25)\n    at NOOP_MIDDLEWARE_FN (C:/Users/trevo/trevorplam/node_modules/astro/dist/core/middleware/noop-middleware.js:3:20)\n    at callMiddleware (C:/Users/trevo/trevorplam/node_modules/astro/dist/core/middleware/callMiddleware.js:11:10)\n    at RenderContext.render (C:/Users/trevo/trevorplam/node_modules/astro/dist/core/render-context.js:313:73)\n    at experimental_AstroContainer.renderToString (C:/Users/trevo/trevorplam/node_modules/astro/dist/container/index.js:258:22)\n    at C:/Users/trevo/trevorplam/tests/components/TimelineNode.test.ts:86:20\n    at file:///C:/Users/trevo/trevorplam/node_modules/@vitest/runner/dist/chunk-artifact.js:1903:20"],"meta":{},"tags":[]},{"ancestorTitles":["TimelineNode Component"],"fullName":"TimelineNode Component renders proper timeline structure","status":"failed","title":"renders proper timeline structure","duration":76.56810000000041,"failureMessages":["NoMatchingRenderer: Unable to render ``.\n\nNo valid renderer was found for this file extension.\n    at renderFrameworkComponent (C:/Users/trevo/trevorplam/node_modules/astro/dist/runtime/server/render/component.js:182:15)\n    at renderComponentToString (C:/Users/trevo/trevorplam/node_modules/astro/dist/runtime/server/render/component.js:426:28)\n    at renderPage (C:/Users/trevo/trevorplam/node_modules/astro/dist/runtime/server/render/page.js:45:13)\n    at lastNext (C:/Users/trevo/trevorplam/node_modules/astro/dist/core/render-context.js:279:25)\n    at NOOP_MIDDLEWARE_FN (C:/Users/trevo/trevorplam/node_modules/astro/dist/core/middleware/noop-middleware.js:3:20)\n    at callMiddleware (C:/Users/trevo/trevorplam/node_modules/astro/dist/core/middleware/callMiddleware.js:11:10)\n    at RenderContext.render (C:/Users/trevo/trevorplam/node_modules/astro/dist/core/render-context.js:313:73)\n    at experimental_AstroContainer.renderToString (C:/Users/trevo/trevorplam/node_modules/astro/dist/container/index.js:258:22)\n    at C:/Users/trevo/trevorplam/tests/components/TimelineNode.test.ts:107:20\n    at file:///C:/Users/trevo/trevorplam/node_modules/@vitest/runner/dist/chunk-artifact.js:1903:20"],"meta":{},"tags":[]}],"startTime":1776819541986,"endTime":1776819542063.568,"status":"failed","message":"","name":"C:/Users/trevo/trevorplam/tests/components/TimelineNode.test.ts"},{"assertionResults":[{"ancestorTitles":["Content Contract Tests - Fixed Approach","Case Studies Content Schema"],"fullName":"Content Contract Tests - Fixed Approach Case Studies Content Schema validates case studies content structure","status":"passed","title":"validates case studies content structure","duration":6.13379999999961,"failureMessages":[],"meta":{},"tags":[]},{"ancestorTitles":["Content Contract Tests - Fixed Approach","Case Studies Content Schema"],"fullName":"Content Contract Tests - Fixed Approach Case Studies Content Schema validates case studies array structure","status":"passed","title":"validates case studies array structure","duration":5.677700000000186,"failureMessages":[],"meta":{},"tags":[]},{"ancestorTitles":["Content Contract Tests - Fixed Approach","Metrics Content Schema"],"fullName":"Content Contract Tests - Fixed Approach Metrics Content Schema validates metrics data structure","status":"passed","title":"validates metrics data structure","duration":5.643500000000131,"failureMessages":[],"meta":{},"tags":[]},{"ancestorTitles":["Content Contract Tests - Fixed Approach","Timeline Content Schema"],"fullName":"Content Contract Tests - Fixed Approach Timeline Content Schema validates timeline data structure","status":"passed","title":"validates timeline data structure","duration":5.610000000000582,"failureMessages":[],"meta":{},"tags":[]},{"ancestorTitles":["Content Contract Tests - Fixed Approach","Skills Content Schema"],"fullName":"Content Contract Tests - Fixed Approach Skills Content Schema validates skills data structure","status":"passed","title":"validates skills data structure","duration":5.5865000000012515,"failureMessages":[],"meta":{},"tags":[]},{"ancestorTitles":["Content Contract Tests - Fixed Approach","Content Integration Contract"],"fullName":"Content Contract Tests - Fixed Approach Content Integration Contract validates content can be properly integrated in Astro components","status":"passed","title":"validates content can be properly integrated in Astro components","duration":5.631900000000314,"failureMessages":[],"meta":{},"tags":[]}],"startTime":1776819545316,"endTime":1776819545322.1338,"status":"passed","message":"","name":"C:/Users/trevo/trevorplam/tests/contract/content-contract-fixed.test.ts"},{"assertionResults":[{"ancestorTitles":["Content Contract Tests","Case Studies Content Contract"],"fullName":"Content Contract Tests Case Studies Content Contract validates case studies content schema contract","status":"failed","title":"validates case studies content schema contract","duration":149.8068999999996,"failureMessages":["NetworkError: Cross-Origin Request Blocked: The Same Origin Policy disallows reading the remote resource at \"http://127.0.0.1:1234/api/content/case-studies\".\n    at Fetch.send (file:///C:/Users/trevo/trevorplam/node_modules/happy-dom/lib/fetch/Fetch.js:185:23)\n    at processTicksAndRejections (node:internal/process/task_queues:103:5)\n    at GlobalWindow.fetch (file:///C:/Users/trevo/trevorplam/node_modules/happy-dom/lib/window/BrowserWindow.js:2189:16)\n    at C:/Users/trevo/trevorplam/tests/contract/content-contract-simple.test.ts:64:28"],"meta":{},"tags":[]},{"ancestorTitles":["Content Contract Tests","Case Studies Content Contract"],"fullName":"Content Contract Tests Case Studies Content Contract validates individual case study content contract","status":"failed","title":"validates individual case study content contract","duration":112.97020000000066,"failureMessages":["Error: Error in native callback\n    at mockServerMismatches (C:\\Users\\trevo\\trevorplam\\node_modules\\@pact-foundation\\pact-core\\src\\consumer\\internals.js:7:36)\n    at Object.mockServerMismatches (C:\\Users\\trevo\\trevorplam\\node_modules\\@pact-foundation\\pact-core\\src\\consumer\\index.js:64:78)\n    at C:\\Users\\trevo\\trevorplam\\node_modules\\@pact-foundation\\pact\\src\\v4\\http\\index.js:85:40\n    at step (C:\\Users\\trevo\\trevorplam\\node_modules\\@pact-foundation\\pact\\src\\v4\\http\\index.js:33:23)\n    at Object.throw (C:\\Users\\trevo\\trevorplam\\node_modules\\@pact-foundation\\pact\\src\\v4\\http\\index.js:14:53)\n    at rejected (C:\\Users\\trevo\\trevorplam\\node_modules\\@pact-foundation\\pact\\src\\v4\\http\\index.js:6:65)"],"meta":{},"tags":[]},{"ancestorTitles":["Content Contract Tests","Metrics Content Contract"],"fullName":"Content Contract Tests Metrics Content Contract validates metrics data contract","status":"failed","title":"validates metrics data contract","duration":113.02019999999993,"failureMessages":["Error: Error in native callback\n    at mockServerMismatches (C:\\Users\\trevo\\trevorplam\\node_modules\\@pact-foundation\\pact-core\\src\\consumer\\internals.js:7:36)\n    at Object.mockServerMismatches (C:\\Users\\trevo\\trevorplam\\node_modules\\@pact-foundation\\pact-core\\src\\consumer\\index.js:64:78)\n    at C:\\Users\\trevo\\trevorplam\\node_modules\\@pact-foundation\\pact\\src\\v4\\http\\index.js:85:40\n    at step (C:\\Users\\trevo\\trevorplam\\node_modules\\@pact-foundation\\pact\\src\\v4\\http\\index.js:33:23)\n    at Object.throw (C:\\Users\\trevo\\trevorplam\\node_modules\\@pact-foundation\\pact\\src\\v4\\http\\index.js:14:53)\n    at rejected (C:\\Users\\trevo\\trevorplam\\node_modules\\@pact-foundation\\pact\\src\\v4\\http\\index.js:6:65)"],"meta":{},"tags":[]},{"ancestorTitles":["Content Contract Tests","Timeline Content Contract"],"fullName":"Content Contract Tests Timeline Content Contract validates timeline data contract","status":"failed","title":"validates timeline data contract","duration":112.95260000000053,"failureMessages":["Error: Error in native callback\n    at mockServerMismatches (C:\\Users\\trevo\\trevorplam\\node_modules\\@pact-foundation\\pact-core\\src\\consumer\\internals.js:7:36)\n    at Object.mockServerMismatches (C:\\Users\\trevo\\trevorplam\\node_modules\\@pact-foundation\\pact-core\\src\\consumer\\index.js:64:78)\n    at C:\\Users\\trevo\\trevorplam\\node_modules\\@pact-foundation\\pact\\src\\v4\\http\\index.js:85:40\n    at step (C:\\Users\\trevo\\trevorplam\\node_modules\\@pact-foundation\\pact\\src\\v4\\http\\index.js:33:23)\n    at Object.throw (C:\\Users\\trevo\\trevorplam\\node_modules\\@pact-foundation\\pact\\src\\v4\\http\\index.js:14:53)\n    at rejected (C:\\Users\\trevo\\trevorplam\\node_modules\\@pact-foundation\\pact\\src\\v4\\http\\index.js:6:65)"],"meta":{},"tags":[]},{"ancestorTitles":["Content Contract Tests","Skills Content Contract"],"fullName":"Content Contract Tests Skills Content Contract validates skills data contract","status":"failed","title":"validates skills data contract","duration":112.86969999999928,"failureMessages":["Error: Error in native callback\n    at mockServerMismatches (C:\\Users\\trevo\\trevorplam\\node_modules\\@pact-foundation\\pact-core\\src\\consumer\\internals.js:7:36)\n    at Object.mockServerMismatches (C:\\Users\\trevo\\trevorplam\\node_modules\\@pact-foundation\\pact-core\\src\\consumer\\index.js:64:78)\n    at C:\\Users\\trevo\\trevorplam\\node_modules\\@pact-foundation\\pact\\src\\v4\\http\\index.js:85:40\n    at step (C:\\Users\\trevo\\trevorplam\\node_modules\\@pact-foundation\\pact\\src\\v4\\http\\index.js:33:23)\n    at Object.throw (C:\\Users\\trevo\\trevorplam\\node_modules\\@pact-foundation\\pact\\src\\v4\\http\\index.js:14:53)\n    at rejected (C:\\Users\\trevo\\trevorplam\\node_modules\\@pact-foundation\\pact\\src\\v4\\http\\index.js:6:65)"],"meta":{},"tags":[]}],"startTime":1776819541977,"endTime":1776819542126.807,"status":"failed","message":"","name":"C:/Users/trevo/trevorplam/tests/contract/content-contract-simple.test.ts"},{"assertionResults":[{"ancestorTitles":["Content Contract Tests","Case Studies Content Contract"],"fullName":"Content Contract Tests Case Studies Content Contract validates case studies content schema contract","status":"failed","title":"validates case studies content schema contract","duration":104.83809999999994,"failureMessages":["Error: Test failed for the following reasons:\n\n  Mock server failed with the following mismatches:\n\n\t0) The following request was expected but not received: \n\t    Method: GET\n\t    Path: /api/content/case-studies\n    at C:\\Users\\trevo\\trevorplam\\node_modules\\@pact-foundation\\pact\\src\\v4\\http\\index.js:102:58\n    at step (C:\\Users\\trevo\\trevorplam\\node_modules\\@pact-foundation\\pact\\src\\v4\\http\\index.js:33:23)\n    at Object.next (C:\\Users\\trevo\\trevorplam\\node_modules\\@pact-foundation\\pact\\src\\v4\\http\\index.js:14:53)\n    at fulfilled (C:\\Users\\trevo\\trevorplam\\node_modules\\@pact-foundation\\pact\\src\\v4\\http\\index.js:5:58)","TypeError: provider.close is not a function\n    at C:/Users/trevo/trevorplam/tests/contract/content-contract.test.ts:22:20\n    at file:///C:/Users/trevo/trevorplam/node_modules/@vitest/runner/dist/chunk-artifact.js:302:11\n    at wrapper (file:///C:/Users/trevo/trevorplam/node_modules/@vitest/runner/dist/chunk-artifact.js:750:10)\n    at file:///C:/Users/trevo/trevorplam/node_modules/@vitest/runner/dist/chunk-artifact.js:2305:20\n    at new Promise (<anonymous>)\n    at runWithTimeout (file:///C:/Users/trevo/trevorplam/node_modules/@vitest/runner/dist/chunk-artifact.js:2272:10)\n    at file:///C:/Users/trevo/trevorplam/node_modules/@vitest/runner/dist/chunk-artifact.js:2621:52\n    at run (file:///C:/Users/trevo/trevorplam/node_modules/@vitest/runner/dist/chunk-artifact.js:1150:20)\n    at limiterFn (file:///C:/Users/trevo/trevorplam/node_modules/@vitest/runner/dist/chunk-artifact.js:1162:59)\n    at runHook (file:///C:/Users/trevo/trevorplam/node_modules/@vitest/runner/dist/chunk-artifact.js:2620:10)"],"meta":{},"tags":[]},{"ancestorTitles":["Content Contract Tests","Case Studies Content Contract"],"fullName":"Content Contract Tests Case Studies Content Contract validates individual case study content contract","status":"failed","title":"validates individual case study content contract","duration":104.1865000000007,"failureMessages":["Error: Test failed for the following reasons:\n\n  Mock server failed with the following mismatches:\n\n\t0) The following request was expected but not received: \n\t    Method: GET\n\t    Path: /api/content/case-studies\n\n\t1) The following request was expected but not received: \n\t    Method: GET\n\t    Path: /api/content/case-studies/grandlux\n    at C:\\Users\\trevo\\trevorplam\\node_modules\\@pact-foundation\\pact\\src\\v4\\http\\index.js:102:58\n    at step (C:\\Users\\trevo\\trevorplam\\node_modules\\@pact-foundation\\pact\\src\\v4\\http\\index.js:33:23)\n    at Object.next (C:\\Users\\trevo\\trevorplam\\node_modules\\@pact-foundation\\pact\\src\\v4\\http\\index.js:14:53)\n    at fulfilled (C:\\Users\\trevo\\trevorplam\\node_modules\\@pact-foundation\\pact\\src\\v4\\http\\index.js:5:58)","TypeError: provider.close is not a function\n    at C:/Users/trevo/trevorplam/tests/contract/content-contract.test.ts:22:20\n    at file:///C:/Users/trevo/trevorplam/node_modules/@vitest/runner/dist/chunk-artifact.js:302:11\n    at wrapper (file:///C:/Users/trevo/trevorplam/node_modules/@vitest/runner/dist/chunk-artifact.js:750:10)\n    at file:///C:/Users/trevo/trevorplam/node_modules/@vitest/runner/dist/chunk-artifact.js:2305:20\n    at new Promise (<anonymous>)\n    at runWithTimeout (file:///C:/Users/trevo/trevorplam/node_modules/@vitest/runner/dist/chunk-artifact.js:2272:10)\n    at file:///C:/Users/trevo/trevorplam/node_modules/@vitest/runner/dist/chunk-artifact.js:2621:52\n    at run (file:///C:/Users/trevo/trevorplam/node_modules/@vitest/runner/dist/chunk-artifact.js:1150:20)\n    at limiterFn (file:///C:/Users/trevo/trevorplam/node_modules/@vitest/runner/dist/chunk-artifact.js:1162:59)\n    at runHook (file:///C:/Users/trevo/trevorplam/node_modules/@vitest/runner/dist/chunk-artifact.js:2620:10)"],"meta":{},"tags":[]},{"ancestorTitles":["Content Contract Tests","Metrics Content Contract"],"fullName":"Content Contract Tests Metrics Content Contract validates metrics data contract","status":"failed","title":"validates metrics data contract","duration":104.1282000000001,"failureMessages":["Error: Test failed for the following reasons:\n\n  Mock server failed with the following mismatches:\n\n\t0) The following request was expected but not received: \n\t    Method: GET\n\t    Path: /api/content/case-studies\n\n\t1) The following request was expected but not received: \n\t    Method: GET\n\t    Path: /api/content/case-studies/grandlux\n\n\t2) The following request was expected but not received: \n\t    Method: GET\n\t    Path: /api/content/metrics\n    at C:\\Users\\trevo\\trevorplam\\node_modules\\@pact-foundation\\pact\\src\\v4\\http\\index.js:102:58\n    at step (C:\\Users\\trevo\\trevorplam\\node_modules\\@pact-foundation\\pact\\src\\v4\\http\\index.js:33:23)\n    at Object.next (C:\\Users\\trevo\\trevorplam\\node_modules\\@pact-foundation\\pact\\src\\v4\\http\\index.js:14:53)\n    at fulfilled (C:\\Users\\trevo\\trevorplam\\node_modules\\@pact-foundation\\pact\\src\\v4\\http\\index.js:5:58)","TypeError: provider.close is not a function\n    at C:/Users/trevo/trevorplam/tests/contract/content-contract.test.ts:22:20\n    at file:///C:/Users/trevo/trevorplam/node_modules/@vitest/runner/dist/chunk-artifact.js:302:11\n    at wrapper (file:///C:/Users/trevo/trevorplam/node_modules/@vitest/runner/dist/chunk-artifact.js:750:10)\n    at file:///C:/Users/trevo/trevorplam/node_modules/@vitest/runner/dist/chunk-artifact.js:2305:20\n    at new Promise (<anonymous>)\n    at runWithTimeout (file:///C:/Users/trevo/trevorplam/no
[...]
/dist/chunk-artifact.js:2620:10)"],"meta":{},"tags":[]}],"startTime":1776819541977,"endTime":1776819542082.1865,"status":"failed","message":"","name":"C:/Users/trevo/trevorplam/tests/contract/content-contract.test.ts"},{"assertionResults":[{"ancestorTitles":["Content Schema Contract Tests","Case Studies Content Contract"],"fullName":"Content Schema Contract Tests Case Studies Content Contract validates case study schema contract","status":"passed","title":"validates case study schema contract","duration":15.932399999999689,"failureMessages":[],"meta":{},"tags":[]},{"ancestorTitles":["Content Schema Contract Tests","Case Studies Content Contract"],"fullName":"Content Schema Contract Tests Case Studies Content Contract rejects invalid case study schema","status":"passed","title":"rejects invalid case study schema","duration":15.293700000000172,"failureMessages":[],"meta":{},"tags":[]},{"ancestorTitles":["Content Schema Contract Tests","Case Studies Content Contract"],"fullName":"Content Schema Contract Tests Case Studies Content Contract validates case study array contract","status":"passed","title":"validates case study array contract","duration":15.205299999999625,"failureMessages":[],"meta":{},"tags":[]},{"ancestorTitles":["Content Schema Contract Tests","Metrics Content Contract"],"fullName":"Content Schema Contract Tests Metrics Content Contract validates metrics schema contract","status":"passed","title":"validates metrics schema contract","duration":15.131400000000212,"failureMessages":[],"meta":{},"tags":[]},{"ancestorTitles":["Content Schema Contract Tests","Metrics Content Contract"],"fullName":"Content Schema Contract Tests Metrics Content Contract rejects invalid metrics schema","status":"passed","title":"rejects invalid metrics schema","duration":15.067599999999402,"failureMessages":[],"meta":{},"tags":[]},{"ancestorTitles":["Content Schema Contract Tests","Timeline Content Contract"],"fullName":"Content Schema Contract Tests Timeline Content Contract validates timeline schema contract","status":"passed","title":"validates timeline schema contract","duration":15.137300000000323,"failureMessages":[],"meta":{},"tags":[]},{"ancestorTitles":["Content Schema Contract Tests","Timeline Content Contract"],"fullName":"Content Schema Contract Tests Timeline Content Contract rejects invalid timeline schema","status":"passed","title":"rejects invalid timeline schema","duration":15.087100000000646,"failureMessages":[],"meta":{},"tags":[]},{"ancestorTitles":["Content Schema Contract Tests","Skills Content Contract"],"fullName":"Content Schema Contract Tests Skills Content Contract validates skills schema contract","status":"passed","title":"validates skills schema contract","duration":15.032100000000355,"failureMessages":[],"meta":{},"tags":[]},{"ancestorTitles":["Content Schema Contract Tests","Skills Content Contract"],"fullName":"Content Schema Contract Tests Skills Content Contract rejects invalid skills schema","status":"passed","title":"rejects invalid skills schema","duration":14.990999999999985,"failureMessages":[],"meta":{},"tags":[]},{"ancestorTitles":["Content Schema Contract Tests","Content Contract Integration"],"fullName":"Content Schema Contract Tests Content Contract Integration validates complete content contract","status":"passed","title":"validates complete content contract","duration":14.935100000000602,"failureMessages":[],"meta":{},"tags":[]}],"startTime":1776819544668,"endTime":1776819544684.2937,"status":"passed","message":"","name":"C:/Users/trevo/trevorplam/tests/contract/content-schema-contract.test.ts"},{"assertionResults":[{"ancestorTitles":["formatDate"],"fullName":"formatDate formats date object","status":"passed","title":"formats date object","duration":11.25380000000041,"failureMessages":[],"meta":{},"tags":[]},{"ancestorTitles":["formatDate"],"fullName":"formatDate formats date string","status":"passed","title":"formats date string","duration":10.175600000000486,"failureMessages":[],"meta":{},"tags":[]},{"ancestorTitles":["formatDate"],"fullName":"formatDate respects custom options","status":"passed","title":"respects custom options","duration":10.089600000000246,"failureMessages":[],"meta":{},"tags":[]},{"ancestorTitles":["getRelativeTime"],"fullName":"getRelativeTime returns \"just now\" for recent dates","status":"passed","title":"returns \"just now\" for recent dates","duration":5.320299999999406,"failureMessages":[],"meta":{},"tags":[]},{"ancestorTitles":["getRelativeTime"],"fullName":"getRelativeTime returns minutes ago","status":"passed","title":"returns minutes ago","duration":5.162800000000061,"failureMessages":[],"meta":{},"tags":[]},{"ancestorTitles":["getRelativeTime"],"fullName":"getRelativeTime returns hours ago","status":"passed","title":"returns hours ago","duration":5.0393999999996595,"failureMessages":[],"meta":{},"tags":[]},{"ancestorTitles":["getRelativeTime"],"fullName":"getRelativeTime returns days ago","status":"passed","title":"returns days ago","duration":5.298999999999978,"failureMessages":[],"meta":{},"tags":[]},{"ancestorTitles":["getRelativeTime"],"fullName":"getRelativeTime returns formatted date for old dates","status":"passed","title":"returns formatted date for old dates","duration":5.2521999999999025,"failureMessages":[],"meta":{},"tags":[]},{"ancestorTitles":["isPast"],"fullName":"isPast returns true for past dates","status":"passed","title":"returns true for past dates","duration":5.23529999999937,"failureMessages":[],"meta":{},"tags":[]},{"ancestorTitles":["isPast"],"fullName":"isPast returns false for future dates","status":"passed","title":"returns false for future dates","duration":5.195600000000013,"failureMessages":[],"meta":{},"tags":[]},{"ancestorTitles":["isPast"],"fullName":"isPast returns false for current moment","status":"passed","title":"returns false for current moment","duration":5.159499999999753,"failureMessages":[],"meta":{},"tags":[]},{"ancestorTitles":["isFuture"],"fullName":"isFuture returns true for future dates","status":"passed","title":"returns true for future dates","duration":5.151700000000346,"failureMessages":[],"meta":{},"tags":[]},{"ancestorTitles":["isFuture"],"fullName":"isFuture returns false for past dates","status":"passed","title":"returns false for past dates","duration":5.095000000000255,"failureMessages":[],"meta":{},"tags":[]},{"ancestorTitles":["isFuture"],"fullName":"isFuture returns false for current moment","status":"passed","title":"returns false for current moment","duration":5.308700000000499,"failureMessages":[],"meta":{},"tags":[]},{"ancestorTitles":["getYearRange"],"fullName":"getYearRange returns single year when start and end are same","status":"passed","title":"returns single year when start and end are same","duration":9.948899999999412,"failureMessages":[],"meta":{},"tags":[]},{"ancestorTitles":["getYearRange"],"fullName":"getYearRange returns range when years differ","status":"passed","title":"returns range when years differ","duration":9.883899999999812,"failureMessages":[],"meta":{},"tags":[]},{"ancestorTitles":["getYearRange"],"fullName":"getYearRange uses current date when end is not provided","status":"passed","title":"uses current date when end is not provided","duration":10.041199999999662,"failureMessages":[],"meta":{},"tags":[]},{"ancestorTitles":["getYearRange"],"fullName":"getYearRange handles string inputs","status":"passed","title":"handles string inputs","duration":9.984099999999671,"failureMessages":[],"meta":{},"tags":[]}],"startTime":1776819543396,"endTime":1776819543408.3086,"status":"passed","message":"","name":"C:/Users/trevo/trevorplam/tests/unit/date.test.ts"},{"assertionResults":[{"ancestorTitles":["formatCurrency"],"fullName":"formatCurrency formats positive numbers as USD by default","status":"passed","title":"formats positive numbers as USD by default","duration":16.21979999999985,"failureMessages":[],"meta":{},"tags":[]},{"ancestorTitles":["formatCurrency"],"fullName":"formatCurrency formats zero correctly","status":"passed","title":"formats zero correctly","duration":15.313100000000304,"failureMessages":[],"meta":{},"tags":[]},{"ancestorTitles":["formatCurrency"],"fullName":"formatCurrency formats negative numbers","status":"passed","title":"formats negative numbers","duration":15.240399999999681,"failureMessages":[],"meta":{},"tags":[]},{"ancestorTitles":["formatCurrency"],"fullName":"formatCurrency supports different currencies","status":"passed","title":"supports different currencies","duration":15.181100000000697,"failureMessages":[],"meta":{},"tags":[]},{"ancestorTitles":["formatCurrency"],"fullName":"formatCurrency rounds decimals","status":"passed","title":"rounds decimals","duration":15.138699999999517,"failureMessages":[],"meta":{},"tags":[]},{"ancestorTitles":["formatPercentage"],"fullName":"formatPercentage formats whole numbers","status":"passed","title":"formats whole numbers","duration":15.873400000000402,"failureMessages":[],"meta":{},"tags":[]},{"ancestorTitles":["formatPercentage"],"fullName":"formatPercentage formats decimal numbers","status":"passed","title":"formats decimal numbers","duration":15.814300000000003,"failureMessages":[],"meta":{},"tags":[]},{"ancestorTitles":["formatPercentage"],"fullName":"formatPercentage respects custom decimal places","status":"passed","title":"respects custom decimal places","duration":15.5608000000002,"failureMessages":[],"meta":{},"tags":[]},{"ancestorTitles":["formatPercentage"],"fullName":"formatPercentage formats zero and negative","status":"passed","title":"formats zero and negative","duration":15.495899999999892,"failureMessages":[],"meta":{},"tags":[]},{"ancestorTitles":["formatCompactNumber"],"fullName":"formatCompactNumber formats thousands with K","status":"passed","title":"formats thousands with K","duration":15.435899999999492,"failureMessages":[],"meta":{},"tags":[]},{"ancestorTitles":["formatCompactNumber"],"fullName":"formatCompactNumber formats millions with M","status":"passed","title":"formats millions with M","duration":16.55079999999998,"failureMessages":[],"meta":{},"tags":[]},{"ancestorTitles":["formatCompactNumber"],"fullName":"formatCompactNumber formats billions with B","status":"passed","title":"formats billions with B","duration":16.512499999999818,"failureMessages":[],"meta":{},"tags":[]},{"ancestorTitles":["formatCompactNumber"],"fullName":"formatCompactNumber keeps small numbers as-is","status":"passed","title":"keeps small numbers as-is","duration":16.483000000000175,"failureMessages":[],"meta":{},"tags":[]},{"ancestorTitles":["formatCompactNumber"],"fullName":"formatCompactNumber handles zero","status":"passed","title":"handles zero","duration":16.45720000000074,"failureMessages":[],"meta":{},"tags":[]},{"ancestorTitles":["slugify"],"fullName":"slugify converts to lowercase","status":"passed","title":"converts to lowercase","duration":16.443699999999808,"failureMessages":[],"meta":{},"tags":[]},{"ancestorTitles":["slugify"],"fullName":"slugify replaces spaces with hyphens","status":"passed","title":"replaces spaces with hyphens","duration":16.487500000000182,"failureMessages":[],"meta":{},"tags":[]},{"ancestorTitles":["slugify"],"fullName":"slugify removes special characters","status":"passed","title":"removes special characters","duration":16.46349999999984,"failureMessages":[],"meta":{},"tags":[]},{"ancestorTitles":["slugify"],"fullName":"slugify removes leading/trailing hyphens","status":"passed","title":"removes leading/trailing hyphens","duration":16.435899999999492,"failureMessages":[],"meta":{},"tags":[]},{"ancestorTitles":["slugify"],"fullName":"slugify collapses multiple separators","status":"passed","title":"collapses multiple separators","duration":16.407200000000557,"failureMessages":[],"meta":{},"tags":[]},{"ancestorTitles":["slugify"],"fullName":"slugify handles empty string","status":"passed","title":"handles empty string","duration":16.38590000000022,"failureMessages":[],"meta":{},"tags":[]},{"ancestorTitles":["truncate"],"fullName":"truncate returns original if shorter than max","status":"passed","title":"returns original if shorter than max","duration":16.395700000000033,"failureMessages":[],"meta":{},"tags":[]},{"ancestorTitles":["truncate"],"fullName":"truncate truncates long strings","status":"passed","title":"truncates long strings","duration":16.370199999999386,"failureMessages":[],"meta":{},"tags":[]},{"ancestorTitles":["truncate"],"fullName":"truncate uses custom suffix","status":"passed","title":"uses custom suffix","duration":16.345500000000357,"failureMessages":[],"meta":{},"tags":[]},{"ancestorTitles":["truncate"],"fullName":"truncate handles exact length","status":"passed","title":"handles exact length","duration":16.319900000000416,"failureMessages":[],"meta":{},"tags":[]},{"ancestorTitles":["truncate"],"fullName":"truncate handles empty string","status":"passed","title":"handles empty string","duration":16.295799999999872,"failureMessages":[],"meta":{},"tags":[]},{"ancestorTitles":["toTitleCase"],"fullName":"toTitleCase capitalizes first letter of each word","status":"passed","title":"capitalizes first letter of each word","duration":16.287500000000364,"failureMessages":[],"meta":{},"tags":[]},{"ancestorTitles":["toTitleCase"],"fullName":"toTitleCase handles single word","status":"passed","title":"handles single word","duration":16.257400000000416,"failureMessages":[],"meta":{},"tags":[]},{"ancestorTitles":["toTitleCase"],"fullName":"toTitleCase lowercases rest of word","status":"passed","title":"lowercases rest of word","duration":16.22520000000077,"failureMessages":[],"meta":{},"tags":[]},{"ancestorTitles":["toTitleCase"],"fullName":"toTitleCase handles multiple spaces","status":"passed","title":"handles multiple spaces","duration":16.197300000000723,"failureMessages":[],"meta":{},"tags":[]},{"ancestorTitles":["toTitleCase"],"fullName":"toTitleCase handles empty string","status":"passed","title":"handles empty string","duration":16.166400000000067,"failureMessages":[],"meta":{},"tags":[]}],"startTime":1776819543382,"endTime":1776819543400.5508,"status":"passed","message":"","name":"C:/Users/trevo/trevorplam/tests/unit/formatters.test.ts"},{"assertionResults":[{"ancestorTitles":["isValidEmail"],"fullName":"isValidEmail returns true for valid emails","status":"passed","title":"returns true for valid emails","duration":8.8117000000002,"failureMessages":[],"meta":{},"tags":[]},{"ancestorTitles":["isValidEmail"],"fullName":"isValidEmail returns false for invalid emails","status":"passed","title":"returns false for invalid emails","duration":8.386199999999917,"failureMessages":[],"meta":{},"tags":[]},{"ancestorTitles":["isValidEmail"],"fullName":"isValidEmail returns false for non-strings","status":"passed","title":"returns false for non-strings","duration":8.333700000000135,"failureMessages":[],"meta":{},"tags":[]},{"ancestorTitles":["isValidUrl"],"fullName":"isValidUrl returns true for valid URLs","status":"passed","title":"returns true for valid URLs","duration":8.314800000000105,"failureMessages":[],"meta":{},"tags":[]},{"ancestorTitles":["isValidUrl"],"fullName":"isValidUrl returns false for invalid URLs","status":"passed","title":"returns false for invalid URLs","duration":8.298999999999978,"failureMessages":[],"meta":{},"tags":[]},{"ancestorTitles":["isValidUrl"],"fullName":"isValidUrl handles protocol-relative URLs","status":"passed","title":"handles protocol-relative URLs","duration":9.279899999999543,"failureMessages":[],"meta":{},"tags":[]},{"ancestorTitles":["isNonEmptyString"],"fullName":"isNonEmptyString returns true for non-empty strings","status":"passed","title":"returns true for non-empty strings","duration":9.257400000000416,"failureMessages":[],"meta":{},"tags":[]},{"ancestorTitles":["isNonEmptyString"],"fullName":"isNonEmptyString returns false for empty strings","status":"passed","title":"returns false for empty strings","duration":9.232600000000275,"failureMessages":[],"meta":{},"tags":[]},{"ancestorTitles":["isNonEmptyString"],"fullName":"isNonEmptyString returns false for non-strings","status":"passed","title":"returns false for non-strings","duration":9.207999999999629,"failureMessages":[],"meta":{},"tags":[]},{"ancestorTitles":["isInRange"],"fullName":"isInRange returns true for numbers within range","status":"passed","title":"returns true for numbers within range","duration":9.167500000000473,"failureMessages":[],"meta":{},"tags":[]},{"ancestorTitles":["isInRange"],"fullName":"isInRange returns false for numbers outside range","status":"passed","title":"returns false for numbers outside range","duration":9.511500000000524,"failureMessages":[],"meta":{},"tags":[]},{"ancestorTitles":["isInRange"],"fullName":"isInRange works with negative ranges","status":"passed","title":"works with negative ranges","duration":9.503999999999905,"failureMessages":[],"meta":{},"tags":[]},{"ancestorTitles":["isInRange"],"fullName":"isInRange works with decimal ranges","status":"passed","title":"works with decimal ranges","duration":9.488599999999678,"failureMessages":[],"meta":{},"tags":[]},{"ancestorTitles":["all"],"fullName":"all returns true when all items pass predicate","status":"passed","title":"returns true when all items pass predicate","duration":9.476800000000367,"failureMessages":[],"meta":{},"tags":[]},{"ancestorTitles":["all"],"fullName":"all returns false when any item fails predicate","status":"passed","title":"returns false when any item fails predicate","duration":9.468499999999949,"failureMessages":[],"meta":{},"tags":[]},{"ancestorTitles":["all"],"fullName":"all returns true for empty array","status":"passed","title":"returns true for empty array","duration":9.524099999999635,"failureMessages":[],"meta":{},"tags":[]},{"ancestorTitles":["all"],"fullName":"all works with complex predicates","status":"passed","title":"works with complex predicates","duration":9.510800000000017,"failureMessages":[],"meta":{},"tags":[]},{"ancestorTitles":["isValidDate"],"fullName":"isValidDate returns true for valid dates","status":"passed","title":"returns true for valid dates","duration":9.497599999999693,"failureMessages":[],"meta":{},"tags":[]},{"ancestorTitles":["isValidDate"],"fullName":"isValidDate returns false for invalid dates","status":"passed","title":"returns false for invalid dates","duration":9.490699999999379,"failureMessages":[],"meta":{},"tags":[]},{"ancestorTitles":["isValidDate"],"fullName":"isValidDate returns false for non-dates","status":"passed","title":"returns false for non-dates","duration":9.480800000000272,"failureMessages":[],"meta":{},"tags":[]},{"ancestorTitles":["hasRequiredKeys"],"fullName":"hasRequiredKeys returns true when all keys exist and have values","status":"passed","title":"returns true when all keys exist and have values","duration":9.511499999999614,"failureMessages":[],"meta":{},"tags":[]},{"ancestorTitles":["hasRequiredKeys"],"fullName":"hasRequiredKeys returns false when any key is missing","status":"passed","title":"returns false when any key is missing","duration":9.498500000000604,"failureMessages":[],"meta":{},"tags":[]},{"ancestorTitles":["hasRequiredKeys"],"fullName":"hasRequiredKeys returns false for null or undefined values","status":"passed","title":"returns false for null or undefined values","duration":9.490499999999884,"failureMessages":[],"meta":{},"tags":[]},{"ancestorTitles":["hasRequiredKeys"],"fullName":"hasRequiredKeys returns true for falsy but non-null values","status":"passed","title":"returns true for falsy but non-null values","duration":9.47939999999926,"failureMessages":[],"meta":{},"tags":[]},{"ancestorTitles":["hasRequiredKeys"],"fullName":"hasRequiredKeys returns true for empty keys array","status":"passed","title":"returns true for empty keys array","duration":9.466199999999844,"failureMessages":[],"meta":{},"tags":[]}],"startTime":1776819544571,"endTime":1776819544581.5242,"status":"passed","message":"","name":"C:/Users/trevo/trevorplam/tests/unit/validators.test.ts"}]}